# IdleWatch Mac QA cycle 202602281040 started 2026-02-28 10:40:48 EST

## test:unit
CMD: npm run test:unit --silent
▶ buildConfig
  ✔ returns default config with no env vars (1.69475ms)
  ✔ respects IDLEWATCH_INTERVAL_MS (0.597334ms)
  ✔ throws on invalid IDLEWATCH_INTERVAL_MS (2.4105ms)
  ✔ throws on non-numeric IDLEWATCH_INTERVAL_MS (0.7485ms)
  ✔ throws on invalid IDLEWATCH_USAGE_REFRESH_ON_NEAR_STALE (0.494125ms)
  ✔ derives stale thresholds from interval (0.444583ms)
  ✔ picks up custom host (0.423458ms)
  ✔ sanitizes host with special chars (0.393375ms)
  ✔ sets openclaw usage mode from env (0.40725ms)
  ✔ sets firebase config (0.414458ms)
✔ buildConfig (8.975292ms)
✔ parses ioreg AGX performance statistics device utilization (0.849125ms)
✔ parses ioreg IOGPU performance statistics when AGX is unavailable (0.138958ms)
✔ parses powermetrics GPU residency percent (0.087833ms)
✔ parses top grep fallback output (0.158583ms)
✔ gpu sampler captures three distinct macOS telemetry sources deterministically (0.721291ms)
✔ parseMemoryPressurePct derives pressure from free percentage output (0.677459ms)
✔ parseMemoryPressurePct supports explicit pressure output (0.106708ms)
✔ memoryPressureDarwin returns unavailable when command fails (0.609125ms)
✔ memoryPressureDarwin returns classified value when parse succeeds (0.061333ms)
✔ persists and reloads last-good usage snapshot (1.483917ms)
✔ returns null on corrupt cache payload (0.503042ms)
✔ accepts explicit IDLEWATCH_OPENCLAW_LAST_GOOD_MAX_AGE_MS in dry-run (81.617375ms)
✔ rejects invalid IDLEWATCH_OPENCLAW_LAST_GOOD_MAX_AGE_MS (48.67ms)
✔ accepts explicit IDLEWATCH_OPENCLAW_PROBE_RETRIES in dry-run (69.098208ms)
✔ rejects invalid IDLEWATCH_OPENCLAW_PROBE_RETRIES (48.433375ms)
✔ accepts explicit IDLEWATCH_USAGE_REFRESH_REPROBES in dry-run (68.966208ms)
✔ rejects invalid IDLEWATCH_USAGE_REFRESH_REPROBES (45.836417ms)
✔ accepts explicit IDLEWATCH_USAGE_REFRESH_DELAY_MS in dry-run (65.661167ms)
✔ rejects invalid IDLEWATCH_USAGE_REFRESH_DELAY_MS (47.845625ms)
✔ accepts Firestore emulator mode without service account credentials (78.351584ms)
✔ rejects emulator mode when FIREBASE_PROJECT_ID is missing (47.054042ms)
✔ rejects required Firebase writes when Firebase is not configured (47.192583ms)
✔ accepts required Firebase writes config in emulator mode (dry-run) (78.446375ms)
✔ accepts FIREBASE_SERVICE_ACCOUNT_FILE credentials (77.773583ms)
✔ accepts OpenClaw JSON from stderr payload on non-zero-exit command (612.026042ms)
✔ accepts OpenClaw JSON from mixed stdout+stderr on non-zero-exit command (523.5115ms)
✔ accepts legacy IDLEWATCH_OPENCLAW_BIN_HINT as explicit binary path in strict mode (531.393875ms)
✔ parses openclaw status --json output and chooses best recent session (5.901583ms)
✔ parses noisy openclaw output and alternate sessions key names (0.261083ms)
✔ ignores non-usage JSON noise and parses later status payload (0.284208ms)
✔ parses generic usage payloads (0.682875ms)
✔ supports model_name in generic usage payloads (0.151167ms)
✔ prefers most recent candidate when scores tie (0.189708ms)
✔ prefers most recent candidate when timestamps are ISO strings (0.173542ms)
✔ parses latest candidate when timestamp fields are strings (0.157792ms)
✔ prefers richer generic usage candidate when status candidate is partial (0.17525ms)
✔ parses status wrapper payloads under status.current (0.210875ms)
✔ returns null for invalid payload (0.052375ms)
✔ parses status payloads with stringified numeric fields and stale token marker fallback (0.20975ms)
✔ converts epoch-seconds usage timestamps to milliseconds (0.138208ms)
✔ parses stats payloads with nested usage totals (0.119ms)
✔ parses stats payloads nested under data wrapper (0.144833ms)
✔ parses stats payloads with camelCase usageTime (0.160125ms)
✔ parses nested stats current.session wrapper payloads (0.11025ms)
✔ parses status.stats.current.sessions as array (0.101583ms)
✔ parses session array payload with model in defaultModel field (0.101375ms)
✔ supports model_name alias in status sessions payload (0.0805ms)
✔ supports string snake-case total_tokens in sessions array payloads (0.0835ms)
✔ parses status payload with nested sessions object and totals in totals.nested field (0.131792ms)
✔ parses status.current.stats.stats-in-legacy-shape payload (0.091041ms)
✔ parses wrapped status payload with direct session array and nested usage totals (0.158792ms)
✔ parses payloads wrapped under data.result with current session aliases (0.687958ms)
✔ parses status payload where sessions is an object map keyed by session id (0.112459ms)
✔ selects active session from result.session payload shape (0.29275ms)
✔ ignores metadata defaults key in session maps and still selects most recent real session (0.194375ms)
✔ parses data.current stats wrapper payloads (0.128375ms)
✔ parses payload wrapper stats payloads (0.966667ms)
✔ parses snake_case current_session payload aliases under status wrapper (0.463792ms)
✔ uses top-level default model when no sessions are available (0.664ms)
✔ parses stderr payload even when command exits non-zero (0.127083ms)
✔ ignores ANSI escape noise and parses JSON session payload (0.178917ms)
✔ chooses strongest usage payload when earlier JSON is metadata-only (0.121333ms)
✔ strips complex ANSI cursor/control codes and parses JSON session payload (0.078959ms)
✔ strips control characters (backspace/ctrl) before parsing JSON (0.072375ms)
✔ strips OSC/title control sequences before parsing JSON (0.071834ms)
✔ strips DCS control sequences before parsing JSON (0.064833ms)
✔ strips mixed terminal noise sequences together (0.072166ms)
✔ parses stats payload with nested current object under status.stats (0.081875ms)
✔ parses usage timestamp aliases in snake_case ms fields (0.085917ms)
✔ parses usage timestamp aliases in usage_timestamp_ms fields (0.069208ms)
✔ parses usage timestamp aliases in usage_ts fields (0.072584ms)
✔ parses usage_time timestamp alias in generic payloads (0.070417ms)
✔ parses usage timestamp aliases in updated_at_ms fields (0.08775ms)
✔ enriches legacy sample with fleet schema envelope while preserving legacy fields (1.063167ms)
✔ fixture sample remains aligned with schema metadata (0.362667ms)
✔ extractJsonCandidates finds last JSON object in noisy multiline output (1.328125ms)
✔ extractJsonCandidates handles nested arrays and trailing text (0.09375ms)
✔ readTelemetryJsonRow prefers the last valid JSON candidate (0.068833ms)
✔ stripControlNoise removes ANSI control sequences that can break parser (0.065208ms)
✔ returns critical when ingestion is unavailable (1.180125ms)
✔ returns warning when activity is stale (0.056375ms)
✔ prioritizes stale-threshold warning over stale refresh-no-new-noise (0.046708ms)
✔ keeps stale-no-new-usage notice when explicitly forced despite not being past threshold (0.044667ms)
✔ returns warning when past stale threshold in grace window (0.047958ms)
✔ returns notice when near stale (0.040459ms)
✔ returns off when usage is disabled (0.040375ms)
✔ returns ok when usage is healthy (0.038708ms)
✔ downgrades stale to idle notice when usage age exceeds idle threshold (0.055667ms)
✔ does not emit idle notice when ingestion is unavailable (0.081708ms)
✔ deriveUsageFreshness marks stale only when age is strictly above threshold (0.624666ms)
✔ deriveUsageFreshness handles invalid or future timestamps safely (0.619167ms)
✔ deriveUsageFreshness disables stale classification for invalid thresholds (0.054875ms)
✔ deriveUsageFreshness applies grace window before stale classification (0.049375ms)
✔ validate dry-run schema passes with OpenClaw usage disabled (118.54775ms)
✔ validate dry-run schema accepts noisy multiline JSON rows (87.177666ms)
ℹ tests 105
ℹ suites 1
ℹ pass 105
ℹ fail 0
ℹ cancelled 0
ℹ skipped 0
ℹ todo 0
ℹ duration_ms 2559.294583
EXIT=

## validate:usage-freshness-e2e
CMD: npm run validate:usage-freshness-e2e --silent
usage-freshness-e2e: ok (fresh -> aging -> post-threshold-in-grace -> stale)
EXIT=

## validate:usage-alert-rate-e2e
CMD: npm run validate:usage-alert-rate-e2e --silent
usage-alert-rate-e2e: ok (typical cadence stays ok; boundary states escalate notice -> warning -> warning)
EXIT=

## validate:openclaw-release-gates
CMD: IDLEWATCH_DRY_RUN_TIMEOUT_MS=90000 npm run validate:openclaw-release-gates --silent
validate-openclaw-usage-health: ok (openclaw usage source required and healthy)
validate-openclaw-stats-ingestion: ok (stats-only command path parsed and ingested across multiple payload shapes)
validate-openclaw-cache-recovery-e2e: ok (fallback-cache sample recovered via forced reprobe)
validate-openclaw-release-gates: ok (host OpenClaw checks for usage-health, stats fallback, and stale-cache recovery)
EXIT=

## validate:packaged-openclaw-release-gates:reuse-artifact
CMD: npm run validate:packaged-openclaw-release-gates:reuse-artifact --silent
Reused packaged artifact is stale for this workspace revision.
Current commit : c80f37956a3dcba7049b4672ccfc43a1d5ab4cc3
Packaged commit: 848b9f21a7c2d3a4edbad5d4650867d798b5895d
Rebuild artifact first:
  npm run package:macos
Packaged artifact is stale and does not match current git revision.
EXIT=

## validate:packaged-openclaw-stats-ingestion:reuse-artifact
CMD: npm run validate:packaged-openclaw-stats-ingestion:reuse-artifact --silent
Reused packaged artifact is stale for this workspace revision.
Current commit : c80f37956a3dcba7049b4672ccfc43a1d5ab4cc3
Packaged commit: 848b9f21a7c2d3a4edbad5d4650867d798b5895d
Rebuild artifact first:
  npm run package:macos
Packaged artifact is stale and does not match current git revision.
EXIT=

## validate:packaged-openclaw-robustness:reuse-artifact
CMD: npm run validate:packaged-openclaw-robustness:reuse-artifact --silent
Reused packaged artifact is stale for this workspace revision.
Current commit : c80f37956a3dcba7049b4672ccfc43a1d5ab4cc3
Packaged commit: 848b9f21a7c2d3a4edbad5d4650867d798b5895d
Rebuild artifact first:
  npm run package:macos
Packaged artifact is stale and does not match current git revision.
EXIT=

## validate:packaged-dry-run-schema:reuse-artifact
CMD: npm run validate:packaged-dry-run-schema:reuse-artifact --silent
Reused packaged artifact is stale for this workspace revision.
Current commit : c80f37956a3dcba7049b4672ccfc43a1d5ab4cc3
Packaged commit: 848b9f21a7c2d3a4edbad5d4650867d798b5895d
Rebuild artifact first:
  npm run package:macos
Packaged artifact is stale and does not match current git revision.
EXIT=

## validate:packaged-metadata
CMD: npm run validate:packaged-metadata --silent
packaging metadata ok for IdleWatch.app 0.1.0
source commit: 848b9f21a7c2d3a4edbad5d4650867d798b5895d (dirty)
packaging metadata validation ok
EXIT=

## validate:packaged-bundled-runtime
CMD: npm run validate:packaged-bundled-runtime --silent
Packaging IdleWatch.app with bundled runtime: /opt/homebrew
packaged sourcemap check skipped 63 external-map references in node_modules (not validated by design).
packaged sourcemaps validation passed
MACOS_CODESIGN_IDENTITY not set; leaving app unsigned.
Mac app scaffold package complete.
Next steps:
  1) Test: ./dist/IdleWatch.app/Contents/MacOS/IdleWatch --dry-run
  2) Build DMG: ./scripts/build-dmg.sh
  3) Optional bundle runtime for node-less targets: export IDLEWATCH_NODE_RUNTIME_DIR="/path/to/node-runtime"
  4) Optional signing: export MACOS_CODESIGN_IDENTITY="Developer ID Application: ..." then rerun package-macos
  5) Optional notarize+staple DMG: set MACOS_NOTARY_PROFILE and rerun build-dmg
  6) Enforce trusted artifacts: export IDLEWATCH_REQUIRE_TRUSTED_DISTRIBUTION=1
packaging metadata ok for IdleWatch.app 0.1.0
source commit: c80f37956a3dcba7049b4672ccfc43a1d5ab4cc3
packaging metadata validation ok
Running strict path-scrubbed launchability validation using PATH=/usr/bin:/bin
Attempt 1/3: validating packaged launcher dry-run with IDLEWATCH_OPENCLAW_USAGE=auto timeout=90000ms
dry-run schema ok (/Users/luismantilla/.openclaw/workspace/idlewatch-skill/dist/IdleWatch.app/Contents/MacOS/IdleWatch --dry-run --once)
bundled runtime validation ok
validated launcher dry-run under restricted PATH in 90000ms baseline (+10000ms retry increments, up to 3 attempts)
EXIT=

## validate:packaged-bundled-runtime:reuse-artifact
CMD: npm run validate:packaged-bundled-runtime:reuse-artifact --silent
Reusable packaged artifact dirty-state does not match current workspace clean-state.
Current working tree clean: true
Packaged artifact built with clean workspace: false
Rebuild artifact first: dirty-state mismatch for reusable artifact.
Reusable packaged artifact preflight failed for validate-packaged-bundled-runtime.
EXIT=

## validate:packaged-bundled-runtime:reuse-artifact (dirty-match override)
CMD: IDLEWATCH_REQUIRE_SOURCE_DIRTY_MATCH=0 npm run validate:packaged-bundled-runtime:reuse-artifact --silent
packaged artifact reusable validation ok
artifact: /Users/luismantilla/.openclaw/workspace/idlewatch-skill/dist/IdleWatch.app/Contents/MacOS/IdleWatch
artifact version: 0.1.0
Using existing packaged app at: /Users/luismantilla/.openclaw/workspace/idlewatch-skill/dist/IdleWatch.app/Contents/MacOS/IdleWatch
packaging metadata ok for IdleWatch.app 0.1.0
source commit: c80f37956a3dcba7049b4672ccfc43a1d5ab4cc3
packaging metadata validation ok
Running strict path-scrubbed launchability validation using PATH=/usr/bin:/bin
Attempt 1/3: validating packaged launcher dry-run with IDLEWATCH_OPENCLAW_USAGE=auto timeout=90000ms
dry-run schema ok (/Users/luismantilla/.openclaw/workspace/idlewatch-skill/dist/IdleWatch.app/Contents/MacOS/IdleWatch --dry-run --once)
bundled runtime validation ok
validated launcher dry-run under restricted PATH in 90000ms baseline (+10000ms retry increments, up to 3 attempts)
EXIT=

## validate:dmg-install
CMD: IDLEWATCH_REQUIRE_SOURCE_DIRTY_MATCH=0 IDLEWATCH_DRY_RUN_TIMEOUT_MS=90000 npm run validate:dmg-install --silent
Reused packaged artifact is stale for this workspace revision.
Current commit : c80f37956a3dcba7049b4672ccfc43a1d5ab4cc3
Packaged commit: cea5b18d23dae96b1cfce94ee4228a064ebed5fe
Rebuild artifact first:
  npm run package:macos
Packaged artifact is stale and does not match current git revision.
Mounted DMG artifact metadata/compatibility preflight failed.
EXIT=

## validate:dmg-checksum
CMD: npm run validate:dmg-checksum --silent
DMG checksum OK: /Users/luismantilla/.openclaw/workspace/idlewatch-skill/dist/IdleWatch-0.1.0-unsigned.dmg
EXIT=

## validate:trusted-prereqs
CMD: npm run validate:trusted-prereqs --silent
Missing MACOS_CODESIGN_IDENTITY. Example: Developer ID Application: Your Name (TEAMID)
EXIT=

## validate:firebase-emulator-mode
CMD: npm run validate:firebase-emulator-mode --silent
idlewatch-agent dry-run host=c6:59:39:7c:c3:02 intervalMs=10000 firebase=true localLog=/Users/luismantilla/.openclaw/workspace/idlewatch-skill/logs/c6_59_39_7c_c3_02-metrics.ndjson
{"host":"c6:59:39:7c:c3:02","ts":1772293358913,"cpuPct":15.38,"memPct":82.63,"memUsedPct":82.63,"memPressurePct":26,"memPressureClass":"normal","gpuPct":0,"gpuSource":"ioreg-agx","gpuConfidence":"high","gpuSampleWindowMs":null,"tokensPerMin":null,"openclawModel":null,"openclawTotalTokens":null,"openclawSessionId":null,"openclawAgentId":null,"openclawUsageTs":null,"openclawUsageAgeMs":null,"source":{"usage":"disabled","usageIntegrationStatus":"disabled","usageIngestionStatus":"disabled","usageActivityStatus":"disabled","usageProbeResult":"disabled","usageProbeAttempts":0,"usageProbeSweeps":0,"usageProbeTimeoutMs":2500,"usageProbeRetries":1,"usageProbeError":null,"usageProbeDurationMs":null,"usageUsedFallbackCache":false,"usageFallbackCacheAgeMs":null,"usageFallbackCacheSource":null,"usageFreshnessState":"disabled","usageNearStale":false,"usagePastStaleThreshold":false,"usageRefreshAttempted":false,"usageRefreshRecovered":false,"usageRefreshAttempts":0,"usageRefreshReprobes":1,"usageRefreshDelayMs":250,"usageRefreshDurationMs":null,"usageRefreshOnNearStale":true,"usageIdleAfterMsThreshold":21600000,"usageIdle":false,"usageCommand":null,"usageStaleMsThreshold":60000,"usageNearStaleMsThreshold":59500,"usageStaleGraceMs":10000,"memPressureSource":"memory_pressure","usageAlertLevel":"off","usageAlertReason":"usage-disabled"},"schemaFamily":"idlewatch.openclaw.fleet","schemaVersion":"1.0.0","schemaCompat":["0.x-flat-row"],"fleet":{"host":"c6:59:39:7c:c3:02","collectedAtMs":1772293358913,"resources":{"cpuPct":15.38,"memUsedPct":82.63,"memPressurePct":26,"memPressureClass":"normal"},"usage":{"model":null,"totalTokens":null,"tokensPerMin":null,"sessionId":null,"agentId":null,"usageTimestampMs":null,"usageAgeMs":null,"freshnessState":"disabled","integrationStatus":"disabled","ingestionStatus":"disabled","activityStatus":"disabled","alertLevel":"off","alertReason":"usage-disabled"},"provenance":{"collector":"idlewatch-agent","collectorVersion":"0.1.0","usageSource":"disabled","usageCommand":null,"usageProbeResult":"disabled","usageProbeAttempts":0,"usageUsedFallbackCache":false,"usageFallbackCacheSource":null}}}
EXIT=

## validate:firebase-write-required-once
CMD: IDLEWATCH_REQUIRE_FIREBASE_WRITES=1 npm run validate:firebase-write-required-once --silent
Firebase is not configured. Running in local-only mode (stdout logging only). Set FIREBASE_PROJECT_ID + FIREBASE_SERVICE_ACCOUNT_FILE (preferred, or FIREBASE_SERVICE_ACCOUNT_JSON / FIREBASE_SERVICE_ACCOUNT_B64), or use FIREBASE_PROJECT_ID + FIRESTORE_EMULATOR_HOST for emulator writes.
IDLEWATCH_REQUIRE_FIREBASE_WRITES=1 requires Firebase to be configured. Set FIREBASE_PROJECT_ID with service-account creds (or FIRESTORE_EMULATOR_HOST for emulator mode).
EXIT=

## package:macos
CMD: npm run package:macos --silent
packaged sourcemap check skipped 63 external-map references in node_modules (not validated by design).
packaged sourcemaps validation passed
MACOS_CODESIGN_IDENTITY not set; leaving app unsigned.
Mac app scaffold package complete.
Next steps:
  1) Test: ./dist/IdleWatch.app/Contents/MacOS/IdleWatch --dry-run
  2) Build DMG: ./scripts/build-dmg.sh
  3) Optional bundle runtime for node-less targets: export IDLEWATCH_NODE_RUNTIME_DIR="/path/to/node-runtime"
  4) Optional signing: export MACOS_CODESIGN_IDENTITY="Developer ID Application: ..." then rerun package-macos
  5) Optional notarize+staple DMG: set MACOS_NOTARY_PROFILE and rerun build-dmg
  6) Enforce trusted artifacts: export IDLEWATCH_REQUIRE_TRUSTED_DISTRIBUTION=1
EXIT=

## package:dmg
CMD: npm run package:dmg --silent
created: /Users/luismantilla/.openclaw/workspace/idlewatch-skill/dist/IdleWatch-0.1.0-unsigned.dmg
Wrote checksum: /Users/luismantilla/.openclaw/workspace/idlewatch-skill/dist/IdleWatch-0.1.0-unsigned.dmg.sha256
Created DMG: /Users/luismantilla/.openclaw/workspace/idlewatch-skill/dist/IdleWatch-0.1.0-unsigned.dmg
MACOS_NOTARY_PROFILE not set; skipped notarization/staple.
EXIT=

# IdleWatch Mac QA cycle 202602281040 complete

## validate:packaged-openclaw-release-gates:reuse-artifact (post-repackage)
CMD: IDLEWATCH_REQUIRE_SOURCE_DIRTY_MATCH=0 npm run validate:packaged-openclaw-release-gates:reuse-artifact --silent
packaged artifact reusable validation ok
packaged artifact reusable validation ok
artifact: /Users/luismantilla/.openclaw/workspace/idlewatch-skill/dist/IdleWatch.app/Contents/MacOS/IdleWatch
artifact version: 0.1.0
artifact: /Users/luismantilla/.openclaw/workspace/idlewatch-skill/dist/IdleWatch.app/Contents/MacOS/IdleWatch
artifact version: 0.1.0
dry-run schema ok (./dist/IdleWatch.app/Contents/MacOS/IdleWatch --dry-run)
dry-run schema ok (./dist/IdleWatch.app/Contents/MacOS/IdleWatch --dry-run)
validate-packaged-openclaw-stats-ingestion: ok (packaged app parses stats fallback across payload shapes)
validate-packaged-openclaw-stats-ingestion: ok (packaged app parses stats fallback across payload shapes)
validate-packaged-openclaw-cache-recovery-e2e: ok (packaged stale cache recovers through reprobe attempts)
validate-packaged-openclaw-cache-recovery-e2e: ok (packaged stale cache recovers through reprobe attempts)
validate-packaged-openclaw-release-gates: ok (release artifact validates OpenClaw health, stats fallback, and cache recovery)
validate-packaged-openclaw-release-gates: ok (release artifact validates OpenClaw health, stats fallback, and cache recovery)
EXIT=

## validate:packaged-openclaw-stats-ingestion:reuse-artifact (post-repackage)
CMD: IDLEWATCH_REQUIRE_SOURCE_DIRTY_MATCH=0 npm run validate:packaged-openclaw-stats-ingestion:reuse-artifact --silent
packaged artifact reusable validation ok
packaged artifact reusable validation ok
artifact: /Users/luismantilla/.openclaw/workspace/idlewatch-skill/dist/IdleWatch.app/Contents/MacOS/IdleWatch
artifact version: 0.1.0
artifact: /Users/luismantilla/.openclaw/workspace/idlewatch-skill/dist/IdleWatch.app/Contents/MacOS/IdleWatch
artifact version: 0.1.0
validate-packaged-openclaw-stats-ingestion: ok (packaged app parses stats fallback across payload shapes)
validate-packaged-openclaw-stats-ingestion: ok (packaged app parses stats fallback across payload shapes)
EXIT=

## validate:packaged-openclaw-robustness:reuse-artifact (post-repackage)
CMD: IDLEWATCH_REQUIRE_SOURCE_DIRTY_MATCH=0 npm run validate:packaged-openclaw-robustness:reuse-artifact --silent
packaged artifact reusable validation ok
packaged artifact reusable validation ok
artifact: /Users/luismantilla/.openclaw/workspace/idlewatch-skill/dist/IdleWatch.app/Contents/MacOS/IdleWatch
artifact version: 0.1.0
artifact: /Users/luismantilla/.openclaw/workspace/idlewatch-skill/dist/IdleWatch.app/Contents/MacOS/IdleWatch
artifact version: 0.1.0
dry-run schema ok (./dist/IdleWatch.app/Contents/MacOS/IdleWatch --dry-run)
dry-run schema ok (./dist/IdleWatch.app/Contents/MacOS/IdleWatch --dry-run)
validate-packaged-usage-alert-rate-e2e: ok (packaged launcher alert-level transitions remain aligned)
validate-packaged-usage-alert-rate-e2e: ok (packaged launcher alert-level transitions remain aligned)
packaged-usage-probe-noise-e2e: ok (non-zero exit with valid JSON still ingested)
packaged-usage-probe-noise-e2e: ok (non-zero exit with valid JSON still ingested)
dry-run schema ok (./dist/IdleWatch.app/Contents/MacOS/IdleWatch --dry-run)
dry-run schema ok (./dist/IdleWatch.app/Contents/MacOS/IdleWatch --dry-run)
validate-packaged-openclaw-stats-ingestion: ok (packaged app parses stats fallback across payload shapes)
validate-packaged-openclaw-stats-ingestion: ok (packaged app parses stats fallback across payload shapes)
validate-packaged-openclaw-cache-recovery-e2e: ok (packaged stale cache recovers through reprobe attempts)
validate-packaged-openclaw-cache-recovery-e2e: ok (packaged stale cache recovers through reprobe attempts)
validate-packaged-openclaw-release-gates: ok (release artifact validates OpenClaw health, stats fallback, and cache recovery)
validate-packaged-openclaw-release-gates: ok (release artifact validates OpenClaw health, stats fallback, and cache recovery)
EXIT=

## validate:packaged-dry-run-schema:reuse-artifact (post-repackage)
CMD: IDLEWATCH_REQUIRE_SOURCE_DIRTY_MATCH=0 npm run validate:packaged-dry-run-schema:reuse-artifact --silent
packaged artifact reusable validation ok
packaged artifact reusable validation ok
artifact: /Users/luismantilla/.openclaw/workspace/idlewatch-skill/dist/IdleWatch.app/Contents/MacOS/IdleWatch
artifact version: 0.1.0
artifact: /Users/luismantilla/.openclaw/workspace/idlewatch-skill/dist/IdleWatch.app/Contents/MacOS/IdleWatch
artifact version: 0.1.0
dry-run schema ok (./dist/IdleWatch.app/Contents/MacOS/IdleWatch --dry-run)
dry-run schema ok (./dist/IdleWatch.app/Contents/MacOS/IdleWatch --dry-run)
EXIT=

## validate:dmg-install (post-repackage)
CMD: IDLEWATCH_REQUIRE_SOURCE_DIRTY_MATCH=0 IDLEWATCH_DRY_RUN_TIMEOUT_MS=90000 npm run validate:dmg-install --silent
packaged artifact reusable validation ok
packaged artifact reusable validation ok
artifact: /Volumes/IdleWatch/IdleWatch.app/Contents/MacOS/IdleWatch
artifact version: 0.1.0
artifact: /Volumes/IdleWatch/IdleWatch.app/Contents/MacOS/IdleWatch
artifact version: 0.1.0
Attempt 1/3: validating DMG-installed launcher dry-run with IDLEWATCH_OPENCLAW_USAGE=auto timeout=90000ms
Attempt 1/3: validating DMG-installed launcher dry-run with IDLEWATCH_OPENCLAW_USAGE=auto timeout=90000ms
dry-run schema ok (/var/folders/hf/pkxphygd3qj854m7t2fvzvkw0000gn/T/idlewatch-apps.XXXXXX.MdGGoXjGD1/IdleWatch.app/Contents/MacOS/IdleWatch --dry-run --once)
dry-run schema ok (/var/folders/hf/pkxphygd3qj854m7t2fvzvkw0000gn/T/idlewatch-apps.XXXXXX.MdGGoXjGD1/IdleWatch.app/Contents/MacOS/IdleWatch --dry-run --once)
dmg install validation ok (/Users/luismantilla/.openclaw/workspace/idlewatch-skill/dist/IdleWatch-0.1.0-unsigned.dmg)
dmg install validation ok (/Users/luismantilla/.openclaw/workspace/idlewatch-skill/dist/IdleWatch-0.1.0-unsigned.dmg)
EXIT=
