Sat Feb 28 04:44:28 UTC 2026
---
[cycle] mac qa cron c1e239d5-6bd1-42fd-8f86-08fc0615bbe1
repo: /Users/luismantilla/.openclaw/workspace/idlewatch-skill

## cmds
▶ buildConfig
  ✔ returns default config with no env vars (1.46275ms)
  ✔ respects IDLEWATCH_INTERVAL_MS (0.535334ms)
  ✔ throws on invalid IDLEWATCH_INTERVAL_MS (0.617542ms)
  ✔ throws on non-numeric IDLEWATCH_INTERVAL_MS (0.509833ms)
  ✔ throws on invalid IDLEWATCH_USAGE_REFRESH_ON_NEAR_STALE (0.487708ms)
  ✔ derives stale thresholds from interval (0.412125ms)
  ✔ picks up custom host (0.3985ms)
  ✔ sanitizes host with special chars (0.381542ms)
  ✔ sets openclaw usage mode from env (0.39975ms)
  ✔ sets firebase config (0.400042ms)
✔ buildConfig (6.865459ms)
✔ parses ioreg AGX performance statistics device utilization (0.784666ms)
✔ parses ioreg IOGPU performance statistics when AGX is unavailable (0.128625ms)
✔ parses powermetrics GPU residency percent (0.080417ms)
✔ parses top grep fallback output (0.149042ms)
✔ gpu sampler captures three distinct macOS telemetry sources deterministically (0.716583ms)
✔ parseMemoryPressurePct derives pressure from free percentage output (0.683167ms)
✔ parseMemoryPressurePct supports explicit pressure output (0.113042ms)
✔ memoryPressureDarwin returns unavailable when command fails (0.643292ms)
✔ memoryPressureDarwin returns classified value when parse succeeds (0.067959ms)
✔ persists and reloads last-good usage snapshot (1.708916ms)
✔ returns null on corrupt cache payload (0.544625ms)
✔ accepts explicit IDLEWATCH_OPENCLAW_LAST_GOOD_MAX_AGE_MS in dry-run (77.732375ms)
✔ rejects invalid IDLEWATCH_OPENCLAW_LAST_GOOD_MAX_AGE_MS (50.821333ms)
✔ accepts explicit IDLEWATCH_OPENCLAW_PROBE_RETRIES in dry-run (70.278041ms)
✔ rejects invalid IDLEWATCH_OPENCLAW_PROBE_RETRIES (50.001583ms)
✔ accepts explicit IDLEWATCH_USAGE_REFRESH_REPROBES in dry-run (71.327584ms)
✔ rejects invalid IDLEWATCH_USAGE_REFRESH_REPROBES (47.900792ms)
✔ accepts explicit IDLEWATCH_USAGE_REFRESH_DELAY_MS in dry-run (68.43ms)
✔ rejects invalid IDLEWATCH_USAGE_REFRESH_DELAY_MS (47.585ms)
✔ accepts Firestore emulator mode without service account credentials (79.799583ms)
✔ rejects emulator mode when FIREBASE_PROJECT_ID is missing (47.892917ms)
✔ rejects required Firebase writes when Firebase is not configured (50.090042ms)
✔ accepts required Firebase writes config in emulator mode (dry-run) (82.241416ms)
✔ accepts FIREBASE_SERVICE_ACCOUNT_FILE credentials (81.1955ms)
✔ accepts OpenClaw JSON from stderr payload on non-zero-exit command (653.177ms)
✔ accepts legacy IDLEWATCH_OPENCLAW_BIN_HINT as explicit binary path in strict mode (567.886375ms)
✔ parses openclaw status --json output and chooses best recent session (2.313666ms)
✔ parses noisy openclaw output and alternate sessions key names (0.21625ms)
✔ ignores non-usage JSON noise and parses later status payload (0.270458ms)
✔ parses generic usage payloads (0.673125ms)
✔ supports model_name in generic usage payloads (0.149666ms)
✔ prefers most recent candidate when scores tie (0.177333ms)
✔ prefers most recent candidate when timestamps are ISO strings (0.186708ms)
✔ parses latest candidate when timestamp fields are strings (0.149209ms)
✔ prefers richer generic usage candidate when status candidate is partial (0.176625ms)
✔ parses status wrapper payloads under status.current (0.212791ms)
✔ returns null for invalid payload (0.051417ms)
✔ parses status payloads with stringified numeric fields and stale token marker fallback (0.184292ms)
✔ converts epoch-seconds usage timestamps to milliseconds (0.128291ms)
✔ parses stats payloads with nested usage totals (0.108416ms)
✔ parses stats payloads nested under data wrapper (0.120208ms)
✔ parses nested stats current.session wrapper payloads (0.111083ms)
✔ parses status.stats.current.sessions as array (0.118541ms)
✔ parses session array payload with model in defaultModel field (0.094667ms)
✔ supports model_name alias in status sessions payload (0.09ms)
✔ supports string snake-case total_tokens in sessions array payloads (0.089917ms)
✔ parses status payload with nested sessions object and totals in totals.nested field (0.099459ms)
✔ parses status.current.stats.stats-in-legacy-shape payload (0.1415ms)
✔ parses wrapped status payload with direct session array and nested usage totals (0.169958ms)
✔ parses payloads wrapped under data.result with current session aliases (0.155334ms)
✔ parses status payload where sessions is an object map keyed by session id (0.735167ms)
✔ selects active session from result.session payload shape (0.184333ms)
✔ ignores metadata defaults key in session maps and still selects most recent real session (0.129959ms)
✔ parses data.current stats wrapper payloads (0.097458ms)
✔ parses payload wrapper stats payloads (0.099958ms)
✔ parses snake_case current_session payload aliases under status wrapper (0.108792ms)
✔ uses top-level default model when no sessions are available (0.063958ms)
✔ parses stderr payload even when command exits non-zero (0.073916ms)
✔ ignores ANSI escape noise and parses JSON session payload (0.446584ms)
✔ chooses strongest usage payload when earlier JSON is metadata-only (0.1445ms)
✔ strips complex ANSI cursor/control codes and parses JSON session payload (0.076208ms)
✔ strips control characters (backspace/ctrl) before parsing JSON (0.074916ms)
✔ strips OSC/title control sequences before parsing JSON (0.067541ms)
✔ strips DCS control sequences before parsing JSON (0.058708ms)
✔ strips mixed terminal noise sequences together (0.060791ms)
✔ parses stats payload with nested current object under status.stats (0.072458ms)
✔ parses usage timestamp aliases in snake_case ms fields (0.088583ms)
✔ parses usage timestamp aliases in usage_timestamp_ms fields (0.072ms)
✔ parses usage timestamp aliases in updated_at_ms fields (0.075083ms)
✔ enriches legacy sample with fleet schema envelope while preserving legacy fields (1.060166ms)
✔ fixture sample remains aligned with schema metadata (0.341208ms)
✔ extractJsonCandidates finds last JSON object in noisy multiline output (1.33175ms)
✔ extractJsonCandidates handles nested arrays and trailing text (0.097792ms)
✔ readTelemetryJsonRow prefers the last valid JSON candidate (0.0675ms)
✔ stripControlNoise removes ANSI control sequences that can break parser (0.063208ms)
✔ returns critical when ingestion is unavailable (1.218042ms)
✔ returns warning when activity is stale (0.065375ms)
✔ prioritizes stale-threshold warning over stale refresh-no-new-noise (0.054625ms)
✔ keeps stale-no-new-usage notice when explicitly forced despite not being past threshold (0.043959ms)
✔ returns warning when past stale threshold in grace window (0.042792ms)
✔ returns notice when near stale (0.036917ms)
✔ returns off when usage is disabled (0.052375ms)
✔ returns ok when usage is healthy (0.038417ms)
✔ downgrades stale to idle notice when usage age exceeds idle threshold (0.057ms)
✔ does not emit idle notice when ingestion is unavailable (0.080917ms)
✔ deriveUsageFreshness marks stale only when age is strictly above threshold (0.650917ms)
✔ deriveUsageFreshness handles invalid or future timestamps safely (0.713541ms)
✔ deriveUsageFreshness disables stale classification for invalid thresholds (0.070042ms)
✔ deriveUsageFreshness applies grace window before stale classification (0.054667ms)
✔ validate dry-run schema passes with OpenClaw usage disabled (119.75775ms)
✔ validate dry-run schema accepts noisy multiline JSON rows (90.694416ms)
ℹ tests 101
ℹ suites 1
ℹ pass 101
ℹ fail 0
ℹ cancelled 0
ℹ skipped 0
ℹ todo 0
ℹ duration_ms 2130.551083

usage-freshness-e2e: ok (fresh -> aging -> post-threshold-in-grace -> stale)

usage-alert-rate-e2e: ok (typical cadence stays ok; boundary states escalate notice -> warning -> warning)

validate-openclaw-usage-health: ok (openclaw usage source required and healthy)
validate-openclaw-stats-ingestion: ok (stats-only command path parsed and ingested across multiple payload shapes)
validate-openclaw-cache-recovery-e2e: ok (fallback-cache sample recovered via forced reprobe)
validate-openclaw-release-gates: ok (host OpenClaw checks for usage-health, stats fallback, and stale-cache recovery)

packaged artifact reusable validation ok
artifact: /Users/luismantilla/.openclaw/workspace/idlewatch-skill/dist/IdleWatch.app/Contents/MacOS/IdleWatch
artifact version: 0.1.0
dry-run schema ok (./dist/IdleWatch.app/Contents/MacOS/IdleWatch --dry-run)
validate-packaged-openclaw-stats-ingestion: ok (packaged app parses stats fallback across payload shapes)
validate-packaged-openclaw-cache-recovery-e2e: ok (packaged stale cache recovers through reprobe attempts)
validate-packaged-openclaw-release-gates: ok (release artifact validates OpenClaw health, stats fallback, and cache recovery)

packaged artifact reusable validation ok
artifact: /Users/luismantilla/.openclaw/workspace/idlewatch-skill/dist/IdleWatch.app/Contents/MacOS/IdleWatch
artifact version: 0.1.0
validate-packaged-openclaw-stats-ingestion: ok (packaged app parses stats fallback across payload shapes)

packaged artifact reusable validation ok
artifact: /Users/luismantilla/.openclaw/workspace/idlewatch-skill/dist/IdleWatch.app/Contents/MacOS/IdleWatch
artifact version: 0.1.0
dry-run schema ok (./dist/IdleWatch.app/Contents/MacOS/IdleWatch --dry-run)
validate-packaged-usage-alert-rate-e2e: ok (packaged launcher alert-level transitions remain aligned)
packaged-usage-probe-noise-e2e: ok (non-zero exit with valid JSON still ingested)
dry-run schema ok (./dist/IdleWatch.app/Contents/MacOS/IdleWatch --dry-run)
validate-packaged-openclaw-stats-ingestion: ok (packaged app parses stats fallback across payload shapes)
validate-packaged-openclaw-cache-recovery-e2e: ok (packaged stale cache recovers through reprobe attempts)
validate-packaged-openclaw-release-gates: ok (release artifact validates OpenClaw health, stats fallback, and cache recovery)

packaged artifact reusable validation ok
artifact: /Users/luismantilla/.openclaw/workspace/idlewatch-skill/dist/IdleWatch.app/Contents/MacOS/IdleWatch
artifact version: 0.1.0
dry-run schema ok (./dist/IdleWatch.app/Contents/MacOS/IdleWatch --dry-run)

packaging metadata ok for IdleWatch.app 0.1.0
source commit: 28f9561bbb6421d67a9e80953fb1949b355e1c51
packaging metadata validation ok

Packaging IdleWatch.app with bundled runtime: /opt/homebrew
MACOS_CODESIGN_IDENTITY not set; leaving app unsigned.
Mac app scaffold package complete.
Next steps:
  1) Test: ./dist/IdleWatch.app/Contents/MacOS/IdleWatch --dry-run
  2) Build DMG: ./scripts/build-dmg.sh
  3) Optional bundle runtime for node-less targets: export IDLEWATCH_NODE_RUNTIME_DIR="/path/to/node-runtime"
  4) Optional signing: export MACOS_CODESIGN_IDENTITY="Developer ID Application: ..." then rerun package-macos
  5) Optional notarize+staple DMG: set MACOS_NOTARY_PROFILE and rerun build-dmg
  6) Enforce trusted artifacts: export IDLEWATCH_REQUIRE_TRUSTED_DISTRIBUTION=1
packaging metadata ok for IdleWatch.app 0.1.0
source commit: 28f9561bbb6421d67a9e80953fb1949b355e1c51
packaging metadata validation ok
Running strict path-scrubbed launchability validation using PATH=/usr/bin:/bin
bundled runtime validation ok
validated launcher dry-run under restricted PATH in 90000ms baseline (+10000ms retry increments, up to 3 attempts)

dmg install validation ok (/Users/luismantilla/.openclaw/workspace/idlewatch-skill/dist/IdleWatch-0.1.0-unsigned.dmg)

DMG checksum OK: /Users/luismantilla/.openclaw/workspace/idlewatch-skill/dist/IdleWatch-0.1.0-unsigned.dmg

idlewatch-agent dry-run host=c6:59:39:7c:c3:02 intervalMs=10000 firebase=true localLog=/Users/luismantilla/.openclaw/workspace/idlewatch-skill/logs/c6_59_39_7c_c3_02-metrics.ndjson
{"host":"c6:59:39:7c:c3:02","ts":1772254061603,"cpuPct":10,"memPct":82.34,"memUsedPct":82.34,"memPressurePct":27,"memPressureClass":"normal","gpuPct":0,"gpuSource":"ioreg-agx","gpuConfidence":"high","gpuSampleWindowMs":null,"tokensPerMin":null,"openclawModel":null,"openclawTotalTokens":null,"openclawSessionId":null,"openclawAgentId":null,"openclawUsageTs":null,"openclawUsageAgeMs":null,"source":{"usage":"disabled","usageIntegrationStatus":"disabled","usageIngestionStatus":"disabled","usageActivityStatus":"disabled","usageProbeResult":"disabled","usageProbeAttempts":0,"usageProbeSweeps":0,"usageProbeTimeoutMs":2500,"usageProbeRetries":1,"usageProbeError":null,"usageProbeDurationMs":null,"usageUsedFallbackCache":false,"usageFallbackCacheAgeMs":null,"usageFallbackCacheSource":null,"usageFreshnessState":"disabled","usageNearStale":false,"usagePastStaleThreshold":false,"usageRefreshAttempted":false,"usageRefreshRecovered":false,"usageRefreshAttempts":0,"usageRefreshReprobes":1,"usageRefreshDelayMs":250,"usageRefreshDurationMs":null,"usageRefreshOnNearStale":true,"usageIdleAfterMsThreshold":21600000,"usageIdle":false,"usageCommand":null,"usageStaleMsThreshold":60000,"usageNearStaleMsThreshold":59500,"usageStaleGraceMs":10000,"memPressureSource":"memory_pressure","usageAlertLevel":"off","usageAlertReason":"usage-disabled"},"schemaFamily":"idlewatch.openclaw.fleet","schemaVersion":"1.0.0","schemaCompat":["0.x-flat-row"],"fleet":{"host":"c6:59:39:7c:c3:02","collectedAtMs":1772254061603,"resources":{"cpuPct":10,"memUsedPct":82.34,"memPressurePct":27,"memPressureClass":"normal"},"usage":{"model":null,"totalTokens":null,"tokensPerMin":null,"sessionId":null,"agentId":null,"usageTimestampMs":null,"usageAgeMs":null,"freshnessState":"disabled","integrationStatus":"disabled","ingestionStatus":"disabled","activityStatus":"disabled","alertLevel":"off","alertReason":"usage-disabled"},"provenance":{"collector":"idlewatch-agent","collectorVersion":"0.1.0","usageSource":"disabled","usageCommand":null,"usageProbeResult":"disabled","usageProbeAttempts":0,"usageUsedFallbackCache":false,"usageFallbackCacheSource":null}}}


