## QA Cycle continuation start 2026-02-28 06:01:35 EST
cwd=/Users/luismantilla/.openclaw/workspace/idlewatch-skill
commit=d78c810

=== npm run validate:packaged-openclaw-robustness:reuse-artifact --silent ===
Reusable packaged artifact dirty-state does not match current workspace clean-state.
Current working tree clean: true
Packaged artifact built with clean workspace: false
Rebuild artifact first: dirty-state mismatch for reusable artifact.
=== npm run validate:packaged-dry-run-schema:reuse-artifact --silent ===
Reusable packaged artifact dirty-state does not match current workspace clean-state.
Current working tree clean: true
Packaged artifact built with clean workspace: false
Rebuild artifact first: dirty-state mismatch for reusable artifact.
=== npm run validate:packaged-bundled-runtime:reuse-artifact --silent ===
Reusable packaged artifact dirty-state does not match current workspace clean-state.
Current working tree clean: true
Packaged artifact built with clean workspace: false
Rebuild artifact first: dirty-state mismatch for reusable artifact.
Reusable packaged artifact preflight failed for validate-packaged-bundled-runtime.
=== npm run validate:packaged-bundled-runtime --silent ===
Packaging IdleWatch.app with bundled runtime: /opt/homebrew
packaged sourcemap check skipped 63 external-map references in node_modules (not validated by design).
packaged sourcemaps validation passed
./scripts/validate-packaged-bundled-runtime.sh: line 82: 49829 Killed: 9               IDLEWATCH_NODE_RUNTIME_DIR="$RUNTIME_DIR" npm run package:macos --silent
