
===== CMD: npm run package:macos --silent =====
packaged sourcemap check skipped 63 external-map references in node_modules (not validated by design).
packaged sourcemaps validation passed
MACOS_CODESIGN_IDENTITY not set; leaving app unsigned.
Mac app scaffold package complete.
Next steps:
  1) Test: ./dist/IdleWatch.app/Contents/MacOS/IdleWatch --dry-run
  2) Build DMG: ./scripts/build-dmg.sh
  3) Optional bundle runtime for node-less targets: export IDLEWATCH_NODE_RUNTIME_DIR="/path/to/node-runtime"
  4) Optional signing: export MACOS_CODESIGN_IDENTITY="Developer ID Application: ..." then rerun package-macos
  5) Optional notarize+staple DMG: set MACOS_NOTARY_PROFILE and rerun build-dmg
  6) Enforce trusted artifacts: export IDLEWATCH_REQUIRE_TRUSTED_DISTRIBUTION=1
RESULT:0

===== CMD: npm run package:dmg --silent =====
created: /Users/luismantilla/.openclaw/workspace/idlewatch-skill/dist/IdleWatch-0.1.0-unsigned.dmg
Wrote checksum: /Users/luismantilla/.openclaw/workspace/idlewatch-skill/dist/IdleWatch-0.1.0-unsigned.dmg.sha256
Created DMG: /Users/luismantilla/.openclaw/workspace/idlewatch-skill/dist/IdleWatch-0.1.0-unsigned.dmg
MACOS_NOTARY_PROFILE not set; skipped notarization/staple.
RESULT:0

===== CMD: npm run validate:packaged-openclaw-release-gates:reuse-artifact --silent =====
Reusable packaged artifact dirty-state does not match current workspace clean-state.
Current working tree clean: true
Packaged artifact built with clean workspace: false
Rebuild artifact first: dirty-state mismatch for reusable artifact.
RESULT:1

===== CMD: npm run validate:packaged-openclaw-stats-ingestion:reuse-artifact --silent =====
Reusable packaged artifact dirty-state does not match current workspace clean-state.
Current working tree clean: true
Packaged artifact built with clean workspace: false
Rebuild artifact first: dirty-state mismatch for reusable artifact.
RESULT:1

===== CMD: npm run validate:packaged-openclaw-robustness:reuse-artifact --silent =====
Reusable packaged artifact dirty-state does not match current workspace clean-state.
Current working tree clean: true
Packaged artifact built with clean workspace: false
Rebuild artifact first: dirty-state mismatch for reusable artifact.
RESULT:1

===== CMD: npm run validate:packaged-bundled-runtime:reuse-artifact --silent =====
Non-bundled artifact detected in reuse mode; running launchability fallback (recommended for non-deterministic reuse checks).
This keeps non-bundled artifacts supportable while still validating launcher startup semantics.
Set IDLEWATCH_BUNDLED_RUNTIME_REQUIRED=1 to enforce strict node-free validation.
Reusable packaged artifact dirty-state does not match current workspace clean-state.
Current working tree clean: true
Packaged artifact built with clean workspace: false
Rebuild artifact first: dirty-state mismatch for reusable artifact.
Reusable packaged artifact preflight failed for validate-packaged-bundled-runtime.
RESULT:1

===== CMD: IDLEWATCH_DRY_RUN_TIMEOUT_MS=90000 npm run validate:dmg-install --silent =====
Reusable packaged artifact dirty-state does not match current workspace clean-state.
Current working tree clean: true
Packaged artifact built with clean workspace: false
Rebuild artifact first: dirty-state mismatch for reusable artifact.
Mounted DMG artifact metadata/compatibility preflight failed.
RESULT:1
