
===== CMD: npm run test:unit --silent =====
▶ buildConfig
  ✔ returns default config with no env vars (1.4995ms)
  ✔ respects IDLEWATCH_INTERVAL_MS (0.580292ms)
  ✔ throws on invalid IDLEWATCH_INTERVAL_MS (1.260542ms)
  ✔ throws on non-numeric IDLEWATCH_INTERVAL_MS (0.490208ms)
  ✔ throws on invalid IDLEWATCH_USAGE_REFRESH_ON_NEAR_STALE (0.44725ms)
  ✔ derives stale thresholds from interval (0.401542ms)
  ✔ picks up custom host (0.387875ms)
  ✔ sanitizes host with special chars (0.371084ms)
  ✔ sets openclaw usage mode from env (0.400958ms)
  ✔ sets firebase config (0.400583ms)
✔ buildConfig (6.898042ms)
✔ parses ioreg AGX performance statistics device utilization (0.7675ms)
✔ parses ioreg IOGPU performance statistics when AGX is unavailable (0.117625ms)
✔ parses powermetrics GPU residency percent (0.081917ms)
✔ parses top grep fallback output (0.136583ms)
✔ gpu sampler captures three distinct macOS telemetry sources deterministically (0.687791ms)
✔ parseMemoryPressurePct derives pressure from free percentage output (0.647875ms)
✔ parseMemoryPressurePct supports explicit pressure output (0.112291ms)
✔ memoryPressureDarwin returns unavailable when command fails (0.6095ms)
✔ memoryPressureDarwin returns classified value when parse succeeds (0.060625ms)
✔ persists and reloads last-good usage snapshot (3.073417ms)
✔ returns null on corrupt cache payload (1.425333ms)
✔ accepts explicit IDLEWATCH_OPENCLAW_LAST_GOOD_MAX_AGE_MS in dry-run (76.864959ms)
✔ rejects invalid IDLEWATCH_OPENCLAW_LAST_GOOD_MAX_AGE_MS (49.184375ms)
✔ accepts explicit IDLEWATCH_OPENCLAW_PROBE_RETRIES in dry-run (66.238375ms)
✔ rejects invalid IDLEWATCH_OPENCLAW_PROBE_RETRIES (47.798ms)
✔ accepts explicit IDLEWATCH_USAGE_REFRESH_REPROBES in dry-run (66.663667ms)
✔ rejects invalid IDLEWATCH_USAGE_REFRESH_REPROBES (45.71725ms)
✔ accepts explicit IDLEWATCH_USAGE_REFRESH_DELAY_MS in dry-run (66.193375ms)
✔ rejects invalid IDLEWATCH_USAGE_REFRESH_DELAY_MS (44.941333ms)
✔ accepts Firestore emulator mode without service account credentials (78.617208ms)
✔ rejects emulator mode when FIREBASE_PROJECT_ID is missing (46.231792ms)
✔ rejects required Firebase writes when Firebase is not configured (46.006292ms)
✔ accepts required Firebase writes config in emulator mode (dry-run) (77.232584ms)
✔ accepts FIREBASE_SERVICE_ACCOUNT_FILE credentials (77.539333ms)
✔ accepts OpenClaw JSON from stderr payload on non-zero-exit command (605.262125ms)
✔ accepts legacy IDLEWATCH_OPENCLAW_BIN_HINT as explicit binary path in strict mode (531.73ms)
✔ parses openclaw status --json output and chooses best recent session (2.9725ms)
✔ parses noisy openclaw output and alternate sessions key names (0.254542ms)
✔ ignores non-usage JSON noise and parses later status payload (0.272375ms)
✔ parses generic usage payloads (0.698792ms)
✔ supports model_name in generic usage payloads (0.166667ms)
✔ prefers most recent candidate when scores tie (0.1885ms)
✔ prefers most recent candidate when timestamps are ISO strings (0.190834ms)
✔ parses latest candidate when timestamp fields are strings (0.135167ms)
✔ prefers richer generic usage candidate when status candidate is partial (0.176291ms)
✔ parses status wrapper payloads under status.current (0.199333ms)
✔ returns null for invalid payload (0.053459ms)
✔ parses status payloads with stringified numeric fields and stale token marker fallback (0.182208ms)
✔ converts epoch-seconds usage timestamps to milliseconds (0.122459ms)
✔ parses stats payloads with nested usage totals (0.11ms)
✔ parses stats payloads nested under data wrapper (0.116958ms)
✔ parses stats payloads with camelCase usageTime (0.1525ms)
✔ parses nested stats current.session wrapper payloads (0.292ms)
✔ parses status.stats.current.sessions as array (0.366209ms)
✔ parses session array payload with model in defaultModel field (0.152708ms)
✔ supports model_name alias in status sessions payload (0.1025ms)
✔ supports string snake-case total_tokens in sessions array payloads (0.093875ms)
✔ parses status payload with nested sessions object and totals in totals.nested field (0.120875ms)
✔ parses status.current.stats.stats-in-legacy-shape payload (0.1075ms)
✔ parses wrapped status payload with direct session array and nested usage totals (0.806833ms)
✔ parses payloads wrapped under data.result with current session aliases (0.118459ms)
✔ parses status payload where sessions is an object map keyed by session id (0.105041ms)
✔ selects active session from result.session payload shape (0.097ms)
✔ ignores metadata defaults key in session maps and still selects most recent real session (0.091166ms)
✔ parses data.current stats wrapper payloads (0.085584ms)
✔ parses payload wrapper stats payloads (0.086667ms)
✔ parses snake_case current_session payload aliases under status wrapper (0.250834ms)
✔ uses top-level default model when no sessions are available (0.131917ms)
✔ parses stderr payload even when command exits non-zero (0.084167ms)
✔ ignores ANSI escape noise and parses JSON session payload (0.15075ms)
✔ chooses strongest usage payload when earlier JSON is metadata-only (0.110417ms)
✔ strips complex ANSI cursor/control codes and parses JSON session payload (0.076583ms)
✔ strips control characters (backspace/ctrl) before parsing JSON (0.074416ms)
✔ strips OSC/title control sequences before parsing JSON (0.063667ms)
✔ strips DCS control sequences before parsing JSON (0.059875ms)
✔ strips mixed terminal noise sequences together (0.060375ms)
✔ parses stats payload with nested current object under status.stats (0.07075ms)
✔ parses usage timestamp aliases in snake_case ms fields (0.083625ms)
✔ parses usage timestamp aliases in usage_timestamp_ms fields (0.066708ms)
✔ parses usage timestamp aliases in usage_ts fields (0.072667ms)
✔ parses usage_time timestamp alias in generic payloads (0.062792ms)
✔ parses usage timestamp aliases in updated_at_ms fields (0.086625ms)
✔ enriches legacy sample with fleet schema envelope while preserving legacy fields (1.063542ms)
✔ fixture sample remains aligned with schema metadata (0.348334ms)
✔ extractJsonCandidates finds last JSON object in noisy multiline output (1.321125ms)
✔ extractJsonCandidates handles nested arrays and trailing text (0.093917ms)
✔ readTelemetryJsonRow prefers the last valid JSON candidate (0.072209ms)
✔ stripControlNoise removes ANSI control sequences that can break parser (0.064791ms)
✔ returns critical when ingestion is unavailable (1.215375ms)
✔ returns warning when activity is stale (0.0555ms)
✔ prioritizes stale-threshold warning over stale refresh-no-new-noise (0.046ms)
✔ keeps stale-no-new-usage notice when explicitly forced despite not being past threshold (0.044208ms)
✔ returns warning when past stale threshold in grace window (0.04325ms)
✔ returns notice when near stale (0.040833ms)
✔ returns off when usage is disabled (0.041292ms)
✔ returns ok when usage is healthy (0.039083ms)
✔ downgrades stale to idle notice when usage age exceeds idle threshold (0.059584ms)
✔ does not emit idle notice when ingestion is unavailable (0.083959ms)
✔ deriveUsageFreshness marks stale only when age is strictly above threshold (0.639958ms)
✔ deriveUsageFreshness handles invalid or future timestamps safely (0.590666ms)
✔ deriveUsageFreshness disables stale classification for invalid thresholds (0.055625ms)
✔ deriveUsageFreshness applies grace window before stale classification (0.053083ms)
✔ validate dry-run schema passes with OpenClaw usage disabled (119.622417ms)
✔ validate dry-run schema accepts noisy multiline JSON rows (87.539167ms)
ℹ tests 104
ℹ suites 1
ℹ pass 104
ℹ fail 0
ℹ cancelled 0
ℹ skipped 0
ℹ todo 0
ℹ duration_ms 2007.189708
RESULT:0

===== CMD: npm run validate:usage-freshness-e2e --silent =====
usage-freshness-e2e: ok (fresh -> aging -> post-threshold-in-grace -> stale)
RESULT:0

===== CMD: npm run validate:usage-alert-rate-e2e --silent =====
usage-alert-rate-e2e: ok (typical cadence stays ok; boundary states escalate notice -> warning -> warning)
RESULT:0

===== CMD: IDLEWATCH_DRY_RUN_TIMEOUT_MS=90000 npm run validate:openclaw-release-gates --silent =====
validate-openclaw-usage-health: ok (openclaw usage source required and healthy)
validate-openclaw-stats-ingestion: ok (stats-only command path parsed and ingested across multiple payload shapes)
validate-openclaw-cache-recovery-e2e: ok (fallback-cache sample recovered via forced reprobe)
validate-openclaw-release-gates: ok (host OpenClaw checks for usage-health, stats fallback, and stale-cache recovery)
RESULT:0

===== CMD: npm run validate:packaged-openclaw-release-gates:reuse-artifact --silent =====
Missing packaged metadata file: /Users/luismantilla/.openclaw/workspace/idlewatch-skill/dist/IdleWatch.app/Contents/Resources/packaging-metadata.json
RESULT:1

===== CMD: npm run validate:packaged-openclaw-stats-ingestion:reuse-artifact --silent =====
Missing packaged metadata file: /Users/luismantilla/.openclaw/workspace/idlewatch-skill/dist/IdleWatch.app/Contents/Resources/packaging-metadata.json
RESULT:1

===== CMD: npm run validate:packaged-openclaw-robustness:reuse-artifact --silent =====
Missing packaged metadata file: /Users/luismantilla/.openclaw/workspace/idlewatch-skill/dist/IdleWatch.app/Contents/Resources/packaging-metadata.json
RESULT:1

===== CMD: npm run validate:packaged-bundled-runtime --silent =====
Packaging IdleWatch.app with bundled runtime: /opt/homebrew
packaged sourcemap check skipped 63 external-map references in node_modules (not validated by design).
packaged sourcemaps validation passed
MACOS_CODESIGN_IDENTITY not set; leaving app unsigned.
Mac app scaffold package complete.
Next steps:
  1) Test: ./dist/IdleWatch.app/Contents/MacOS/IdleWatch --dry-run
  2) Build DMG: ./scripts/build-dmg.sh
  3) Optional bundle runtime for node-less targets: export IDLEWATCH_NODE_RUNTIME_DIR="/path/to/node-runtime"
  4) Optional signing: export MACOS_CODESIGN_IDENTITY="Developer ID Application: ..." then rerun package-macos
  5) Optional notarize+staple DMG: set MACOS_NOTARY_PROFILE and rerun build-dmg
  6) Enforce trusted artifacts: export IDLEWATCH_REQUIRE_TRUSTED_DISTRIBUTION=1
packaging metadata ok for IdleWatch.app 0.1.0
source commit: 8fcb5896aafbefa6e677b772cc3c69acb7a0d2f1
packaging metadata validation ok
Running strict path-scrubbed launchability validation using PATH=/usr/bin:/bin
Attempt 1/3: validating packaged launcher dry-run with IDLEWATCH_OPENCLAW_USAGE=auto timeout=90000ms
dry-run schema ok (/Users/luismantilla/.openclaw/workspace/idlewatch-skill/dist/IdleWatch.app/Contents/MacOS/IdleWatch --dry-run --once)
bundled runtime validation ok
validated launcher dry-run under restricted PATH in 90000ms baseline (+10000ms retry increments, up to 3 attempts)
RESULT:0

===== CMD: npm run validate:packaged-bundled-runtime:reuse-artifact --silent =====
Reusable packaged artifact dirty-state does not match current workspace clean-state.
Current working tree clean: true
Packaged artifact built with clean workspace: false
Rebuild artifact first: dirty-state mismatch for reusable artifact.
Reusable packaged artifact preflight failed for validate-packaged-bundled-runtime.
RESULT:1

===== CMD: IDLEWATCH_DRY_RUN_TIMEOUT_MS=90000 npm run validate:dmg-install --silent =====
Reused packaged artifact is stale for this workspace revision.
Current commit : 8fcb5896aafbefa6e677b772cc3c69acb7a0d2f1
Packaged commit: c23c7e91f3591f4fd5387e0f2ffbda9089edd89f
Rebuild artifact first:
  npm run package:macos
Packaged artifact is stale and does not match current git revision.
Mounted DMG artifact metadata/compatibility preflight failed.
RESULT:1

===== CMD: npm run validate:dmg-checksum --silent =====
DMG checksum OK: /Users/luismantilla/.openclaw/workspace/idlewatch-skill/dist/IdleWatch-0.1.0-unsigned.dmg
RESULT:0

===== CMD: npm run validate:trusted-prereqs --silent =====
Missing MACOS_CODESIGN_IDENTITY. Example: Developer ID Application: Your Name (TEAMID)
RESULT:1

===== CMD: npm run validate:packaged-metadata --silent =====
packaging metadata ok for IdleWatch.app 0.1.0
source commit: 8fcb5896aafbefa6e677b772cc3c69acb7a0d2f1
packaging metadata validation ok
RESULT:0

===== CMD: npm run validate:firebase-emulator-mode --silent =====
idlewatch-agent dry-run host=c6:59:39:7c:c3:02 intervalMs=10000 firebase=true localLog=/Users/luismantilla/.openclaw/workspace/idlewatch-skill/logs/c6_59_39_7c_c3_02-metrics.ndjson
{"host":"c6:59:39:7c:c3:02","ts":1772292031007,"cpuPct":32,"memPct":96.31,"memUsedPct":96.31,"memPressurePct":26,"memPressureClass":"normal","gpuPct":0,"gpuSource":"ioreg-agx","gpuConfidence":"high","gpuSampleWindowMs":null,"tokensPerMin":null,"openclawModel":null,"openclawTotalTokens":null,"openclawSessionId":null,"openclawAgentId":null,"openclawUsageTs":null,"openclawUsageAgeMs":null,"source":{"usage":"disabled","usageIntegrationStatus":"disabled","usageIngestionStatus":"disabled","usageActivityStatus":"disabled","usageProbeResult":"disabled","usageProbeAttempts":0,"usageProbeSweeps":0,"usageProbeTimeoutMs":2500,"usageProbeRetries":1,"usageProbeError":null,"usageProbeDurationMs":null,"usageUsedFallbackCache":false,"usageFallbackCacheAgeMs":null,"usageFallbackCacheSource":null,"usageFreshnessState":"disabled","usageNearStale":false,"usagePastStaleThreshold":false,"usageRefreshAttempted":false,"usageRefreshRecovered":false,"usageRefreshAttempts":0,"usageRefreshReprobes":1,"usageRefreshDelayMs":250,"usageRefreshDurationMs":null,"usageRefreshOnNearStale":true,"usageIdleAfterMsThreshold":21600000,"usageIdle":false,"usageCommand":null,"usageStaleMsThreshold":60000,"usageNearStaleMsThreshold":59500,"usageStaleGraceMs":10000,"memPressureSource":"memory_pressure","usageAlertLevel":"off","usageAlertReason":"usage-disabled"},"schemaFamily":"idlewatch.openclaw.fleet","schemaVersion":"1.0.0","schemaCompat":["0.x-flat-row"],"fleet":{"host":"c6:59:39:7c:c3:02","collectedAtMs":1772292031007,"resources":{"cpuPct":32,"memUsedPct":96.31,"memPressurePct":26,"memPressureClass":"normal"},"usage":{"model":null,"totalTokens":null,"tokensPerMin":null,"sessionId":null,"agentId":null,"usageTimestampMs":null,"usageAgeMs":null,"freshnessState":"disabled","integrationStatus":"disabled","ingestionStatus":"disabled","activityStatus":"disabled","alertLevel":"off","alertReason":"usage-disabled"},"provenance":{"collector":"idlewatch-agent","collectorVersion":"0.1.0","usageSource":"disabled","usageCommand":null,"usageProbeResult":"disabled","usageProbeAttempts":0,"usageUsedFallbackCache":false,"usageFallbackCacheSource":null}}}
RESULT:0

===== CMD: IDLEWATCH_REQUIRE_FIREBASE_WRITES=1 npm run validate:firebase-write-required-once --silent =====
Firebase is not configured. Running in local-only mode (stdout logging only). Set FIREBASE_PROJECT_ID + FIREBASE_SERVICE_ACCOUNT_FILE (preferred, or FIREBASE_SERVICE_ACCOUNT_JSON / FIREBASE_SERVICE_ACCOUNT_B64), or use FIREBASE_PROJECT_ID + FIRESTORE_EMULATOR_HOST for emulator writes.
IDLEWATCH_REQUIRE_FIREBASE_WRITES=1 requires Firebase to be configured. Set FIREBASE_PROJECT_ID with service-account creds (or FIRESTORE_EMULATOR_HOST for emulator mode).
RESULT:1

SUMMARY
r1=0 r2=0 r3=0 r4=0 r5=1 r6=1 r7=1 r8=0 r9=1 r10=1 r11=0 r12=1 r13=0 r14=0 r15=1
