
===== test:unit =====
▶ buildConfig
  ✔ returns default config with no env vars (1.494958ms)
  ✔ respects IDLEWATCH_INTERVAL_MS (0.533917ms)
  ✔ throws on invalid IDLEWATCH_INTERVAL_MS (2.298959ms)
  ✔ throws on non-numeric IDLEWATCH_INTERVAL_MS (0.480583ms)
  ✔ throws on invalid IDLEWATCH_USAGE_REFRESH_ON_NEAR_STALE (0.4365ms)
  ✔ derives stale thresholds from interval (0.444792ms)
  ✔ picks up custom host (0.384583ms)
  ✔ sanitizes host with special chars (0.361666ms)
  ✔ sets openclaw usage mode from env (0.38225ms)
  ✔ sets firebase config (0.38175ms)
✔ buildConfig (7.847916ms)
✔ parses ioreg AGX performance statistics device utilization (0.768667ms)
✔ parses ioreg IOGPU performance statistics when AGX is unavailable (0.13225ms)
✔ parses powermetrics GPU residency percent (0.079208ms)
✔ parses top grep fallback output (0.152792ms)
✔ gpu sampler captures three distinct macOS telemetry sources deterministically (0.706042ms)
✔ parseMemoryPressurePct derives pressure from free percentage output (0.664625ms)
✔ parseMemoryPressurePct supports explicit pressure output (0.099333ms)
✔ memoryPressureDarwin returns unavailable when command fails (0.599833ms)
✔ memoryPressureDarwin returns classified value when parse succeeds (0.059125ms)
✔ persists and reloads last-good usage snapshot (1.7625ms)
✔ returns null on corrupt cache payload (0.544625ms)
✔ accepts explicit IDLEWATCH_OPENCLAW_LAST_GOOD_MAX_AGE_MS in dry-run (80.062292ms)
✔ rejects invalid IDLEWATCH_OPENCLAW_LAST_GOOD_MAX_AGE_MS (50.367417ms)
✔ accepts explicit IDLEWATCH_OPENCLAW_PROBE_RETRIES in dry-run (70.634708ms)
✔ rejects invalid IDLEWATCH_OPENCLAW_PROBE_RETRIES (48.919625ms)
✔ accepts explicit IDLEWATCH_USAGE_REFRESH_REPROBES in dry-run (69.264333ms)
✔ rejects invalid IDLEWATCH_USAGE_REFRESH_REPROBES (48.977625ms)
✔ accepts explicit IDLEWATCH_USAGE_REFRESH_DELAY_MS in dry-run (67.219834ms)
✔ rejects invalid IDLEWATCH_USAGE_REFRESH_DELAY_MS (49.018875ms)
✔ accepts Firestore emulator mode without service account credentials (79.730292ms)
✔ rejects emulator mode when FIREBASE_PROJECT_ID is missing (47.923833ms)
✔ rejects required Firebase writes when Firebase is not configured (48.597042ms)
✔ accepts required Firebase writes config in emulator mode (dry-run) (79.519458ms)
✔ accepts FIREBASE_SERVICE_ACCOUNT_FILE credentials (79.700375ms)
✔ accepts OpenClaw JSON from stderr payload on non-zero-exit command (644.507625ms)
✔ accepts legacy IDLEWATCH_OPENCLAW_BIN_HINT as explicit binary path in strict mode (542.770125ms)
✔ parses openclaw status --json output and chooses best recent session (4.012875ms)
✔ parses noisy openclaw output and alternate sessions key names (0.227375ms)
✔ ignores non-usage JSON noise and parses later status payload (0.260459ms)
✔ parses generic usage payloads (0.681917ms)
✔ supports model_name in generic usage payloads (0.144708ms)
✔ prefers most recent candidate when scores tie (0.187041ms)
✔ prefers most recent candidate when timestamps are ISO strings (0.197541ms)
✔ parses latest candidate when timestamp fields are strings (0.136583ms)
✔ prefers richer generic usage candidate when status candidate is partial (0.165666ms)
✔ parses status wrapper payloads under status.current (0.204333ms)
✔ returns null for invalid payload (0.058083ms)
✔ parses status payloads with stringified numeric fields and stale token marker fallback (0.204166ms)
✔ converts epoch-seconds usage timestamps to milliseconds (0.124167ms)
✔ parses stats payloads with nested usage totals (0.098458ms)
✔ parses stats payloads nested under data wrapper (0.101583ms)
✔ parses nested stats current.session wrapper payloads (0.096416ms)
✔ parses status.stats.current.sessions as array (0.099ms)
✔ parses session array payload with model in defaultModel field (0.089625ms)
✔ supports model_name alias in status sessions payload (0.073791ms)
✔ supports string snake-case total_tokens in sessions array payloads (0.08175ms)
✔ parses status payload with nested sessions object and totals in totals.nested field (0.097167ms)
✔ parses status.current.stats.stats-in-legacy-shape payload (0.136625ms)
✔ parses wrapped status payload with direct session array and nested usage totals (0.183959ms)
✔ parses payloads wrapped under data.result with current session aliases (0.759666ms)
✔ parses status payload where sessions is an object map keyed by session id (0.119458ms)
✔ selects active session from result.session payload shape (0.097084ms)
✔ ignores metadata defaults key in session maps and still selects most recent real session (0.094666ms)
✔ parses data.current stats wrapper payloads (0.077125ms)
✔ parses payload wrapper stats payloads (0.082333ms)
✔ parses snake_case current_session payload aliases under status wrapper (0.0975ms)
✔ uses top-level default model when no sessions are available (0.051833ms)
✔ parses stderr payload even when command exits non-zero (0.065292ms)
✔ ignores ANSI escape noise and parses JSON session payload (0.110333ms)
✔ chooses strongest usage payload when earlier JSON is metadata-only (0.097292ms)
✔ strips complex ANSI cursor/control codes and parses JSON session payload (0.070958ms)
✔ strips control characters (backspace/ctrl) before parsing JSON (0.067708ms)
✔ strips OSC/title control sequences before parsing JSON (0.060917ms)
✔ strips DCS control sequences before parsing JSON (0.0665ms)
✔ strips mixed terminal noise sequences together (0.057792ms)
✔ parses stats payload with nested current object under status.stats (0.076583ms)
✔ parses usage timestamp aliases in snake_case ms fields (0.086042ms)
✔ parses usage timestamp aliases in usage_timestamp_ms fields (0.070292ms)
✔ parses usage timestamp aliases in updated_at_ms fields (0.072583ms)
✔ enriches legacy sample with fleet schema envelope while preserving legacy fields (1.048625ms)
✔ fixture sample remains aligned with schema metadata (0.324709ms)
✔ extractJsonCandidates finds last JSON object in noisy multiline output (2.266458ms)
✔ extractJsonCandidates handles nested arrays and trailing text (0.269ms)
✔ readTelemetryJsonRow prefers the last valid JSON candidate (0.164166ms)
✔ stripControlNoise removes ANSI control sequences that can break parser (0.150125ms)
✔ returns critical when ingestion is unavailable (1.207458ms)
✔ returns warning when activity is stale (0.055542ms)
✔ prioritizes stale-threshold warning over stale refresh-no-new-noise (0.049791ms)
✔ keeps stale-no-new-usage notice when explicitly forced despite not being past threshold (0.043625ms)
✔ returns warning when past stale threshold in grace window (0.056875ms)
✔ returns notice when near stale (0.038875ms)
✔ returns off when usage is disabled (0.042333ms)
✔ returns ok when usage is healthy (0.038833ms)
✔ downgrades stale to idle notice when usage age exceeds idle threshold (0.056084ms)
✔ does not emit idle notice when ingestion is unavailable (0.080666ms)
✔ deriveUsageFreshness marks stale only when age is strictly above threshold (0.636792ms)
✔ deriveUsageFreshness handles invalid or future timestamps safely (0.5895ms)
✔ deriveUsageFreshness disables stale classification for invalid thresholds (0.0505ms)
✔ deriveUsageFreshness applies grace window before stale classification (0.052125ms)
✔ validate dry-run schema passes with OpenClaw usage disabled (126.221791ms)
✔ validate dry-run schema accepts noisy multiline JSON rows (88.878041ms)
ℹ tests 101
ℹ suites 1
ℹ pass 101
ℹ fail 0
ℹ cancelled 0
ℹ skipped 0
ℹ todo 0
ℹ duration_ms 2087.445333
