DMG checksum OK: /Users/luismantilla/.openclaw/workspace/idlewatch-skill/dist/IdleWatch-0.1.0-unsigned.dmg
Attempt 1/3: validating DMG-installed launcher dry-run with IDLEWATCH_OPENCLAW_USAGE=auto timeout=90000ms
dry-run schema ok (/var/folders/hf/pkxphygd3qj854m7t2fvzvkw0000gn/T/idlewatch-apps.XXXXXX.yaelQzU0tG/IdleWatch.app/Contents/MacOS/IdleWatch --dry-run --once)
dmg install validation ok (/Users/luismantilla/.openclaw/workspace/idlewatch-skill/dist/IdleWatch-0.1.0-unsigned.dmg)
idlewatch-agent dry-run host=c6:59:39:7c:c3:02 intervalMs=10000 firebase=true localLog=/Users/luismantilla/.openclaw/workspace/idlewatch-skill/logs/c6_59_39_7c_c3_02-metrics.ndjson
{"host":"c6:59:39:7c:c3:02","ts":1772254916557,"cpuPct":9.09,"memPct":81.45,"memUsedPct":81.45,"memPressurePct":27,"memPressureClass":"normal","gpuPct":0,"gpuSource":"ioreg-agx","gpuConfidence":"high","gpuSampleWindowMs":null,"tokensPerMin":null,"openclawModel":null,"openclawTotalTokens":null,"openclawSessionId":null,"openclawAgentId":null,"openclawUsageTs":null,"openclawUsageAgeMs":null,"source":{"usage":"disabled","usageIntegrationStatus":"disabled","usageIngestionStatus":"disabled","usageActivityStatus":"disabled","usageProbeResult":"disabled","usageProbeAttempts":0,"usageProbeSweeps":0,"usageProbeTimeoutMs":2500,"usageProbeRetries":1,"usageProbeError":null,"usageProbeDurationMs":null,"usageUsedFallbackCache":false,"usageFallbackCacheAgeMs":null,"usageFallbackCacheSource":null,"usageFreshnessState":"disabled","usageNearStale":false,"usagePastStaleThreshold":false,"usageRefreshAttempted":false,"usageRefreshRecovered":false,"usageRefreshAttempts":0,"usageRefreshReprobes":1,"usageRefreshDelayMs":250,"usageRefreshDurationMs":null,"usageRefreshOnNearStale":true,"usageIdleAfterMsThreshold":21600000,"usageIdle":false,"usageCommand":null,"usageStaleMsThreshold":60000,"usageNearStaleMsThreshold":59500,"usageStaleGraceMs":10000,"memPressureSource":"memory_pressure","usageAlertLevel":"off","usageAlertReason":"usage-disabled"},"schemaFamily":"idlewatch.openclaw.fleet","schemaVersion":"1.0.0","schemaCompat":["0.x-flat-row"],"fleet":{"host":"c6:59:39:7c:c3:02","collectedAtMs":1772254916557,"resources":{"cpuPct":9.09,"memUsedPct":81.45,"memPressurePct":27,"memPressureClass":"normal"},"usage":{"model":null,"totalTokens":null,"tokensPerMin":null,"sessionId":null,"agentId":null,"usageTimestampMs":null,"usageAgeMs":null,"freshnessState":"disabled","integrationStatus":"disabled","ingestionStatus":"disabled","activityStatus":"disabled","alertLevel":"off","alertReason":"usage-disabled"},"provenance":{"collector":"idlewatch-agent","collectorVersion":"0.1.0","usageSource":"disabled","usageCommand":null,"usageProbeResult":"disabled","usageProbeAttempts":0,"usageUsedFallbackCache":false,"usageFallbackCacheSource":null}}}
Firebase is not configured. Running in local-only mode (stdout logging only). Set FIREBASE_PROJECT_ID + FIREBASE_SERVICE_ACCOUNT_FILE (preferred, or FIREBASE_SERVICE_ACCOUNT_JSON / FIREBASE_SERVICE_ACCOUNT_B64), or use FIREBASE_PROJECT_ID + FIRESTORE_EMULATOR_HOST for emulator writes.
IDLEWATCH_REQUIRE_FIREBASE_WRITES=1 requires Firebase to be configured. Set FIREBASE_PROJECT_ID with service-account creds (or FIRESTORE_EMULATOR_HOST for emulator mode).
validate-openclaw-usage-health: ok (openclaw usage source required and healthy)
validate-openclaw-stats-ingestion: ok (stats-only command path parsed and ingested across multiple payload shapes)
validate-openclaw-cache-recovery-e2e: ok (fallback-cache sample recovered via forced reprobe)
validate-openclaw-release-gates: ok (host OpenClaw checks for usage-health, stats fallback, and stale-cache recovery)
validate-openclaw-stats-ingestion: ok (stats-only command path parsed and ingested across multiple payload shapes)
validate-openclaw-usage-health: ok (openclaw usage source required and healthy)
Using existing packaged app at: /Users/luismantilla/.openclaw/workspace/idlewatch-skill/dist/IdleWatch.app/Contents/MacOS/IdleWatch
packaging metadata ok for IdleWatch.app 0.1.0
source commit: 28f9561bbb6421d67a9e80953fb1949b355e1c51
packaging metadata validation ok
Running strict path-scrubbed launchability validation using PATH=/usr/bin:/bin
Attempt 1/3: validating packaged launcher dry-run with IDLEWATCH_OPENCLAW_USAGE=auto timeout=90000ms
dry-run schema ok (/Users/luismantilla/.openclaw/workspace/idlewatch-skill/dist/IdleWatch.app/Contents/MacOS/IdleWatch --dry-run --once)
bundled runtime validation ok
validated launcher dry-run under restricted PATH in 90000ms baseline (+10000ms retry increments, up to 3 attempts)
Reused packaged artifact is stale for this workspace revision.
Current commit : 1c297c0d252834df0ded863c631bc787df45c0a3
Packaged commit: 28f9561bbb6421d67a9e80953fb1949b355e1c51
Rebuild artifact first:
  npm run package:macos
Packaged artifact is stale and does not match current git revision.
packaging metadata ok for IdleWatch.app 0.1.0
source commit: 28f9561bbb6421d67a9e80953fb1949b355e1c51
packaging metadata validation ok
Reused packaged artifact is stale for this workspace revision.
Current commit : 1c297c0d252834df0ded863c631bc787df45c0a3
Packaged commit: 28f9561bbb6421d67a9e80953fb1949b355e1c51
Rebuild artifact first:
  npm run package:macos
Packaged artifact is stale and does not match current git revision.
Reused packaged artifact is stale for this workspace revision.
Current commit : 1c297c0d252834df0ded863c631bc787df45c0a3
Packaged commit: 28f9561bbb6421d67a9e80953fb1949b355e1c51
Rebuild artifact first:
  npm run package:macos
Packaged artifact is stale and does not match current git revision.
Reused packaged artifact is stale for this workspace revision.
Current commit : 1c297c0d252834df0ded863c631bc787df45c0a3
Packaged commit: 28f9561bbb6421d67a9e80953fb1949b355e1c51
Rebuild artifact first:
  npm run package:macos
Packaged artifact is stale and does not match current git revision.
▶ buildConfig
  ✔ returns default config with no env vars (1.445375ms)
  ✔ respects IDLEWATCH_INTERVAL_MS (0.5535ms)
  ✔ throws on invalid IDLEWATCH_INTERVAL_MS (5.568167ms)
  ✔ throws on non-numeric IDLEWATCH_INTERVAL_MS (0.586375ms)
  ✔ throws on invalid IDLEWATCH_USAGE_REFRESH_ON_NEAR_STALE (0.4825ms)
  ✔ derives stale thresholds from interval (0.44025ms)
  ✔ picks up custom host (0.36725ms)
  ✔ sanitizes host with special chars (0.372708ms)
  ✔ sets openclaw usage mode from env (0.4275ms)
  ✔ sets firebase config (0.419709ms)
✔ buildConfig (11.331333ms)
✔ parses ioreg AGX performance statistics device utilization (3.10925ms)
✔ parses ioreg IOGPU performance statistics when AGX is unavailable (0.130542ms)
✔ parses powermetrics GPU residency percent (0.087167ms)
✔ parses top grep fallback output (0.141709ms)
✔ gpu sampler captures three distinct macOS telemetry sources deterministically (0.736542ms)
✔ parseMemoryPressurePct derives pressure from free percentage output (0.672916ms)
✔ parseMemoryPressurePct supports explicit pressure output (0.104042ms)
✔ memoryPressureDarwin returns unavailable when command fails (0.625708ms)
✔ memoryPressureDarwin returns classified value when parse succeeds (0.063291ms)
✔ persists and reloads last-good usage snapshot (1.555292ms)
✔ returns null on corrupt cache payload (0.486042ms)
✔ accepts explicit IDLEWATCH_OPENCLAW_LAST_GOOD_MAX_AGE_MS in dry-run (71.959083ms)
✔ rejects invalid IDLEWATCH_OPENCLAW_LAST_GOOD_MAX_AGE_MS (50.466833ms)
✔ accepts explicit IDLEWATCH_OPENCLAW_PROBE_RETRIES in dry-run (68.248458ms)
✔ rejects invalid IDLEWATCH_OPENCLAW_PROBE_RETRIES (48.661291ms)
✔ accepts explicit IDLEWATCH_USAGE_REFRESH_REPROBES in dry-run (67.711125ms)
✔ rejects invalid IDLEWATCH_USAGE_REFRESH_REPROBES (46.274416ms)
✔ accepts explicit IDLEWATCH_USAGE_REFRESH_DELAY_MS in dry-run (67.608417ms)
✔ rejects invalid IDLEWATCH_USAGE_REFRESH_DELAY_MS (47.241917ms)
✔ accepts Firestore emulator mode without service account credentials (78.127416ms)
✔ rejects emulator mode when FIREBASE_PROJECT_ID is missing (46.8545ms)
✔ rejects required Firebase writes when Firebase is not configured (47.159334ms)
✔ accepts required Firebase writes config in emulator mode (dry-run) (77.472167ms)
✔ accepts FIREBASE_SERVICE_ACCOUNT_FILE credentials (77.760792ms)
✔ accepts OpenClaw JSON from stderr payload on non-zero-exit command (542.737708ms)
✔ accepts legacy IDLEWATCH_OPENCLAW_BIN_HINT as explicit binary path in strict mode (550.184333ms)
✔ parses openclaw status --json output and chooses best recent session (3.789875ms)
✔ parses noisy openclaw output and alternate sessions key names (0.262666ms)
✔ ignores non-usage JSON noise and parses later status payload (0.296833ms)
✔ parses generic usage payloads (1.742333ms)
✔ supports model_name in generic usage payloads (0.224291ms)
✔ prefers most recent candidate when scores tie (0.215667ms)
✔ prefers most recent candidate when timestamps are ISO strings (0.305708ms)
✔ parses latest candidate when timestamp fields are strings (0.222958ms)
✔ prefers richer generic usage candidate when status candidate is partial (0.187166ms)
✔ parses status wrapper payloads under status.current (0.218208ms)
✔ returns null for invalid payload (0.054125ms)
✔ parses status payloads with stringified numeric fields and stale token marker fallback (0.181334ms)
✔ converts epoch-seconds usage timestamps to milliseconds (0.1275ms)
✔ parses stats payloads with nested usage totals (0.291125ms)
✔ parses stats payloads nested under data wrapper (0.1635ms)
✔ parses nested stats current.session wrapper payloads (0.124709ms)
✔ parses status.stats.current.sessions as array (0.126875ms)
✔ parses session array payload with model in defaultModel field (0.106625ms)
✔ supports model_name alias in status sessions payload (0.093625ms)
✔ supports string snake-case total_tokens in sessions array payloads (0.090667ms)
✔ parses status payload with nested sessions object and totals in totals.nested field (0.098291ms)
✔ parses status.current.stats.stats-in-legacy-shape payload (0.140209ms)
✔ parses wrapped status payload with direct session array and nested usage totals (0.165833ms)
✔ parses payloads wrapped under data.result with current session aliases (0.106292ms)
✔ parses status payload where sessions is an object map keyed by session id (0.1845ms)
✔ selects active session from result.session payload shape (0.137834ms)
✔ ignores metadata defaults key in session maps and still selects most recent real session (0.11325ms)
✔ parses data.current stats wrapper payloads (0.095ms)
✔ parses payload wrapper stats payloads (0.09475ms)
✔ parses snake_case current_session payload aliases under status wrapper (0.109ms)
✔ uses top-level default model when no sessions are available (0.058417ms)
✔ parses stderr payload even when command exits non-zero (0.077959ms)
✔ ignores ANSI escape noise and parses JSON session payload (0.138291ms)
✔ chooses strongest usage payload when earlier JSON is metadata-only (0.098041ms)
✔ strips complex ANSI cursor/control codes and parses JSON session payload (0.065125ms)
✔ strips control characters (backspace/ctrl) before parsing JSON (0.0685ms)
✔ strips OSC/title control sequences before parsing JSON (0.06775ms)
✔ strips DCS control sequences before parsing JSON (0.050666ms)
✔ strips mixed terminal noise sequences together (0.0505ms)
✔ parses stats payload with nested current object under status.stats (0.057875ms)
✔ parses usage timestamp aliases in snake_case ms fields (0.0715ms)
✔ parses usage timestamp aliases in usage_timestamp_ms fields (0.057583ms)
✔ parses usage timestamp aliases in updated_at_ms fields (0.061709ms)
✔ enriches legacy sample with fleet schema envelope while preserving legacy fields (1.050167ms)
✔ fixture sample remains aligned with schema metadata (0.334375ms)
✔ extractJsonCandidates finds last JSON object in noisy multiline output (1.313375ms)
✔ extractJsonCandidates handles nested arrays and trailing text (0.093542ms)
✔ readTelemetryJsonRow prefers the last valid JSON candidate (0.068167ms)
✔ stripControlNoise removes ANSI control sequences that can break parser (0.072958ms)
✔ returns critical when ingestion is unavailable (1.21275ms)
✔ returns warning when activity is stale (0.056125ms)
✔ prioritizes stale-threshold warning over stale refresh-no-new-noise (0.045625ms)
✔ keeps stale-no-new-usage notice when explicitly forced despite not being past threshold (0.043708ms)
✔ returns warning when past stale threshold in grace window (0.04325ms)
✔ returns notice when near stale (0.040708ms)
✔ returns off when usage is disabled (0.039ms)
✔ returns ok when usage is healthy (0.040542ms)
✔ downgrades stale to idle notice when usage age exceeds idle threshold (0.061542ms)
✔ does not emit idle notice when ingestion is unavailable (0.082792ms)
✔ deriveUsageFreshness marks stale only when age is strictly above threshold (0.62175ms)
✔ deriveUsageFreshness handles invalid or future timestamps safely (0.597542ms)
✔ deriveUsageFreshness disables stale classification for invalid thresholds (0.050958ms)
✔ deriveUsageFreshness applies grace window before stale classification (0.049875ms)
✔ validate dry-run schema passes with OpenClaw usage disabled (125.686917ms)
✔ validate dry-run schema accepts noisy multiline JSON rows (88.862792ms)
ℹ tests 101
ℹ suites 1
ℹ pass 101
ℹ fail 0
ℹ cancelled 0
ℹ skipped 0
ℹ todo 0
ℹ duration_ms 1980.652334
Missing MACOS_CODESIGN_IDENTITY. Example: Developer ID Application: Your Name (TEAMID)
usage-alert-rate-e2e: ok (typical cadence stays ok; boundary states escalate notice -> warning -> warning)
usage-freshness-e2e: ok (fresh -> aging -> post-threshold-in-grace -> stale)
packaged artifact reusable validation ok
artifact: /Users/luismantilla/.openclaw/workspace/idlewatch-skill/dist/IdleWatch.app/Contents/MacOS/IdleWatch
artifact version: 0.1.0
validate-packaged-openclaw-stats-ingestion: ok (packaged app parses stats fallback across payload shapes)
packaged artifact reusable validation ok
artifact: /Users/luismantilla/.openclaw/workspace/idlewatch-skill/dist/IdleWatch.app/Contents/MacOS/IdleWatch
artifact version: 0.1.0
dry-run schema ok (./dist/IdleWatch.app/Contents/MacOS/IdleWatch --dry-run)
validate-packaged-openclaw-stats-ingestion: ok (packaged app parses stats fallback across payload shapes)
validate-packaged-openclaw-cache-recovery-e2e: ok (packaged stale cache recovers through reprobe attempts)
validate-packaged-openclaw-release-gates: ok (release artifact validates OpenClaw health, stats fallback, and cache recovery)
packaged artifact reusable validation ok
artifact: /Users/luismantilla/.openclaw/workspace/idlewatch-skill/dist/IdleWatch.app/Contents/MacOS/IdleWatch
artifact version: 0.1.0
dry-run schema ok (./dist/IdleWatch.app/Contents/MacOS/IdleWatch --dry-run)
validate-packaged-usage-alert-rate-e2e: ok (packaged launcher alert-level transitions remain aligned)
packaged-usage-probe-noise-e2e: ok (non-zero exit with valid JSON still ingested)
dry-run schema ok (./dist/IdleWatch.app/Contents/MacOS/IdleWatch --dry-run)
validate-packaged-openclaw-stats-ingestion: ok (packaged app parses stats fallback across payload shapes)
validate-packaged-openclaw-cache-recovery-e2e: ok (packaged stale cache recovers through reprobe attempts)
validate-packaged-openclaw-release-gates: ok (release artifact validates OpenClaw health, stats fallback, and cache recovery)
packaged artifact reusable validation ok
artifact: /Users/luismantilla/.openclaw/workspace/idlewatch-skill/dist/IdleWatch.app/Contents/MacOS/IdleWatch
artifact version: 0.1.0
dry-run schema ok (./dist/IdleWatch.app/Contents/MacOS/IdleWatch --dry-run)
Reused packaged artifact is not bundled-runtime aware. Rebuild first:
  npm run package:macos
(required for node-free PATH validation in bundled-runtime check)
If this is expected, set IDLEWATCH_BUNDLED_RUNTIME_REQUIRED=0 to run launchability-only validation.
