=== IdleWatch Mac QA cycle @ 2026-02-28T00:12:39-05:00 (America/Toronto) ===
Repository: /Users/luismantilla/.openclaw/workspace/idlewatch-skill
---
Running npm run test:unit --silent
▶ buildConfig
  ✔ returns default config with no env vars (1.601125ms)
  ✔ respects IDLEWATCH_INTERVAL_MS (0.578584ms)
  ✔ throws on invalid IDLEWATCH_INTERVAL_MS (1.307417ms)
  ✔ throws on non-numeric IDLEWATCH_INTERVAL_MS (0.559875ms)
  ✔ throws on invalid IDLEWATCH_USAGE_REFRESH_ON_NEAR_STALE (0.436ms)
  ✔ derives stale thresholds from interval (0.422375ms)
  ✔ picks up custom host (0.37125ms)
  ✔ sanitizes host with special chars (0.364875ms)
  ✔ sets openclaw usage mode from env (0.394792ms)
  ✔ sets firebase config (0.399958ms)
✔ buildConfig (7.123125ms)
✔ parses ioreg AGX performance statistics device utilization (0.780083ms)
✔ parses ioreg IOGPU performance statistics when AGX is unavailable (0.118875ms)
✔ parses powermetrics GPU residency percent (0.076791ms)
✔ parses top grep fallback output (0.133291ms)
✔ gpu sampler captures three distinct macOS telemetry sources deterministically (0.672375ms)
✔ parseMemoryPressurePct derives pressure from free percentage output (1.551375ms)
✔ parseMemoryPressurePct supports explicit pressure output (0.2605ms)
✔ memoryPressureDarwin returns unavailable when command fails (1.48775ms)
✔ memoryPressureDarwin returns classified value when parse succeeds (0.144459ms)
✔ persists and reloads last-good usage snapshot (4.519792ms)
✔ returns null on corrupt cache payload (0.7595ms)
✔ accepts explicit IDLEWATCH_OPENCLAW_LAST_GOOD_MAX_AGE_MS in dry-run (76.309625ms)
✔ rejects invalid IDLEWATCH_OPENCLAW_LAST_GOOD_MAX_AGE_MS (51.03325ms)
✔ accepts explicit IDLEWATCH_OPENCLAW_PROBE_RETRIES in dry-run (69.727ms)
✔ rejects invalid IDLEWATCH_OPENCLAW_PROBE_RETRIES (52.404167ms)
✔ accepts explicit IDLEWATCH_USAGE_REFRESH_REPROBES in dry-run (68.453917ms)
✔ rejects invalid IDLEWATCH_USAGE_REFRESH_REPROBES (47.778292ms)
✔ accepts explicit IDLEWATCH_USAGE_REFRESH_DELAY_MS in dry-run (68.16625ms)
✔ rejects invalid IDLEWATCH_USAGE_REFRESH_DELAY_MS (47.413333ms)
✔ accepts Firestore emulator mode without service account credentials (79.594ms)
✔ rejects emulator mode when FIREBASE_PROJECT_ID is missing (48.005458ms)
✔ rejects required Firebase writes when Firebase is not configured (48.571416ms)
✔ accepts required Firebase writes config in emulator mode (dry-run) (80.486875ms)
✔ accepts FIREBASE_SERVICE_ACCOUNT_FILE credentials (81.335958ms)
✔ accepts OpenClaw JSON from stderr payload on non-zero-exit command (689.165042ms)
✔ accepts legacy IDLEWATCH_OPENCLAW_BIN_HINT as explicit binary path in strict mode (564.248083ms)
✔ parses openclaw status --json output and chooses best recent session (2.336708ms)
✔ parses noisy openclaw output and alternate sessions key names (0.207833ms)
✔ ignores non-usage JSON noise and parses later status payload (0.245334ms)
✔ parses generic usage payloads (0.63975ms)
✔ supports model_name in generic usage payloads (0.137125ms)
✔ prefers most recent candidate when scores tie (0.195666ms)
✔ prefers most recent candidate when timestamps are ISO strings (0.187625ms)
✔ parses latest candidate when timestamp fields are strings (0.14875ms)
✔ prefers richer generic usage candidate when status candidate is partial (0.174042ms)
✔ parses status wrapper payloads under status.current (0.201917ms)
✔ returns null for invalid payload (0.067667ms)
✔ parses status payloads with stringified numeric fields and stale token marker fallback (0.205292ms)
✔ converts epoch-seconds usage timestamps to milliseconds (0.169792ms)
✔ parses stats payloads with nested usage totals (0.126917ms)
✔ parses stats payloads nested under data wrapper (0.118542ms)
✔ parses nested stats current.session wrapper payloads (0.130542ms)
✔ parses status.stats.current.sessions as array (0.113ms)
✔ parses session array payload with model in defaultModel field (0.104292ms)
✔ supports model_name alias in status sessions payload (0.089459ms)
✔ supports string snake-case total_tokens in sessions array payloads (0.096458ms)
✔ parses status payload with nested sessions object and totals in totals.nested field (0.10525ms)
✔ parses status.current.stats.stats-in-legacy-shape payload (0.126333ms)
✔ parses wrapped status payload with direct session array and nested usage totals (0.144792ms)
✔ parses payloads wrapped under data.result with current session aliases (0.094791ms)
✔ parses status payload where sessions is an object map keyed by session id (1.219166ms)
✔ selects active session from result.session payload shape (0.559458ms)
✔ ignores metadata defaults key in session maps and still selects most recent real session (0.39275ms)
✔ parses data.current stats wrapper payloads (0.299208ms)
✔ parses payload wrapper stats payloads (0.319958ms)
✔ parses snake_case current_session payload aliases under status wrapper (0.34075ms)
✔ uses top-level default model when no sessions are available (0.189041ms)
✔ parses stderr payload even when command exits non-zero (0.203208ms)
✔ ignores ANSI escape noise and parses JSON session payload (0.176083ms)
✔ chooses strongest usage payload when earlier JSON is metadata-only (0.116625ms)
✔ strips complex ANSI cursor/control codes and parses JSON session payload (0.075875ms)
✔ strips control characters (backspace/ctrl) before parsing JSON (0.0645ms)
✔ strips OSC/title control sequences before parsing JSON (0.069959ms)
✔ strips DCS control sequences before parsing JSON (0.058917ms)
✔ strips mixed terminal noise sequences together (0.059709ms)
✔ parses stats payload with nested current object under status.stats (0.069917ms)
✔ parses usage timestamp aliases in snake_case ms fields (0.082916ms)
✔ parses usage timestamp aliases in usage_timestamp_ms fields (0.064625ms)
✔ parses usage_time timestamp alias in generic payloads (0.056542ms)
✔ parses usage timestamp aliases in updated_at_ms fields (0.071209ms)
✔ enriches legacy sample with fleet schema envelope while preserving legacy fields (1.062167ms)
✔ fixture sample remains aligned with schema metadata (0.347959ms)
✔ extractJsonCandidates finds last JSON object in noisy multiline output (1.28375ms)
✔ extractJsonCandidates handles nested arrays and trailing text (0.091833ms)
✔ readTelemetryJsonRow prefers the last valid JSON candidate (0.071458ms)
✔ stripControlNoise removes ANSI control sequences that can break parser (0.06725ms)
✔ returns critical when ingestion is unavailable (1.259833ms)
✔ returns warning when activity is stale (0.061666ms)
✔ prioritizes stale-threshold warning over stale refresh-no-new-noise (0.048125ms)
✔ keeps stale-no-new-usage notice when explicitly forced despite not being past threshold (0.046083ms)
✔ returns warning when past stale threshold in grace window (0.049542ms)
✔ returns notice when near stale (0.040542ms)
✔ returns off when usage is disabled (0.056542ms)
✔ returns ok when usage is healthy (0.041417ms)
✔ downgrades stale to idle notice when usage age exceeds idle threshold (0.062291ms)
✔ does not emit idle notice when ingestion is unavailable (0.084792ms)
✔ deriveUsageFreshness marks stale only when age is strictly above threshold (0.643166ms)
✔ deriveUsageFreshness handles invalid or future timestamps safely (0.593375ms)
✔ deriveUsageFreshness disables stale classification for invalid thresholds (0.051625ms)
✔ deriveUsageFreshness applies grace window before stale classification (0.049625ms)
✔ validate dry-run schema passes with OpenClaw usage disabled (123.473ms)
✔ validate dry-run schema accepts noisy multiline JSON rows (90.959958ms)
ℹ tests 102
ℹ suites 1
ℹ pass 102
ℹ fail 0
ℹ cancelled 0
ℹ skipped 0
ℹ todo 0
ℹ duration_ms 2159.076709
Running validate:usage-freshness-e2e
usage-freshness-e2e: ok (fresh -> aging -> post-threshold-in-grace -> stale)
Running validate:usage-alert-rate-e2e
usage-alert-rate-e2e: ok (typical cadence stays ok; boundary states escalate notice -> warning -> warning)
Running validate:openclaw-usage-health (host, 90s timeout)
validate-openclaw-usage-health: ok (openclaw usage source required and healthy)
Running validate:openclaw-stats-ingestion (host, 90s timeout)
validate-openclaw-stats-ingestion: ok (stats-only command path parsed and ingested across multiple payload shapes)
Running validate:openclaw-release-gates (host, 90s timeout)
validate-openclaw-usage-health: ok (openclaw usage source required and healthy)
validate-openclaw-stats-ingestion: ok (stats-only command path parsed and ingested across multiple payload shapes)
validate-openclaw-cache-recovery-e2e: ok (fallback-cache sample recovered via forced reprobe)
validate-openclaw-release-gates: ok (host OpenClaw checks for usage-health, stats fallback, and stale-cache recovery)
Running validate:packaged-openclaw-release-gates:reuse-artifact (reuse, 90s timeout)
Running validate:packaged-openclaw-stats-ingestion:reuse-artifact (90s timeout)
Running validate:packaged-openclaw-robustness:reuse-artifact (90s timeout)
Running validate:packaged-dry-run-schema:reuse-artifact
Running validate:packaged-bundled-runtime (default)
Packaging IdleWatch.app with bundled runtime: /opt/homebrew
MACOS_CODESIGN_IDENTITY not set; leaving app unsigned.
Mac app scaffold package complete.
Next steps:
  1) Test: ./dist/IdleWatch.app/Contents/MacOS/IdleWatch --dry-run
  2) Build DMG: ./scripts/build-dmg.sh
  3) Optional bundle runtime for node-less targets: export IDLEWATCH_NODE_RUNTIME_DIR="/path/to/node-runtime"
  4) Optional signing: export MACOS_CODESIGN_IDENTITY="Developer ID Application: ..." then rerun package-macos
  5) Optional notarize+staple DMG: set MACOS_NOTARY_PROFILE and rerun build-dmg
  6) Enforce trusted artifacts: export IDLEWATCH_REQUIRE_TRUSTED_DISTRIBUTION=1
packaging metadata ok for IdleWatch.app 0.1.0
source commit: 22cf1ef1dff59dcabc80c5d751d1dd3a03756e69
packaging metadata validation ok
Running strict path-scrubbed launchability validation using PATH=/usr/bin:/bin
bundled runtime validation ok
validated launcher dry-run under restricted PATH in 90000ms baseline (+10000ms retry increments, up to 3 attempts)
Running validate:packaged-bundled-runtime:reuse-artifact (IDLEWATCH_SKIP_PACKAGE_MACOS=1)
Using existing packaged app at: /Users/luismantilla/.openclaw/workspace/idlewatch-skill/dist/IdleWatch.app/Contents/MacOS/IdleWatch
packaging metadata ok for IdleWatch.app 0.1.0
source commit: 22cf1ef1dff59dcabc80c5d751d1dd3a03756e69
packaging metadata validation ok
Running strict path-scrubbed launchability validation using PATH=/usr/bin:/bin
bundled runtime validation ok
validated launcher dry-run under restricted PATH in 90000ms baseline (+10000ms retry increments, up to 3 attempts)
Running validate:packaged-metadata
packaging metadata ok for IdleWatch.app 0.1.0
source commit: 22cf1ef1dff59dcabc80c5d751d1dd3a03756e69
packaging metadata validation ok
Running validate:dmg-install (90s timeout)
dmg install validation ok (/Users/luismantilla/.openclaw/workspace/idlewatch-skill/dist/IdleWatch-0.1.0-unsigned.dmg)
Running validate:dmg-checksum
DMG checksum OK: /Users/luismantilla/.openclaw/workspace/idlewatch-skill/dist/IdleWatch-0.1.0-unsigned.dmg
Running validate:packaged-bundled-runtime with strict non-bundled fallback disabled
Packaging IdleWatch.app with bundled runtime: /opt/homebrew
MACOS_CODESIGN_IDENTITY not set; leaving app unsigned.
Mac app scaffold package complete.
Next steps:
  1) Test: ./dist/IdleWatch.app/Contents/MacOS/IdleWatch --dry-run
  2) Build DMG: ./scripts/build-dmg.sh
  3) Optional bundle runtime for node-less targets: export IDLEWATCH_NODE_RUNTIME_DIR="/path/to/node-runtime"
  4) Optional signing: export MACOS_CODESIGN_IDENTITY="Developer ID Application: ..." then rerun package-macos
  5) Optional notarize+staple DMG: set MACOS_NOTARY_PROFILE and rerun build-dmg
  6) Enforce trusted artifacts: export IDLEWATCH_REQUIRE_TRUSTED_DISTRIBUTION=1
packaging metadata ok for IdleWatch.app 0.1.0
source commit: 22cf1ef1dff59dcabc80c5d751d1dd3a03756e69
packaging metadata validation ok
Running strict path-scrubbed launchability validation using PATH=/usr/bin:/bin
bundled runtime validation ok
validated launcher dry-run under restricted PATH in 90000ms baseline (+10000ms retry increments, up to 3 attempts)
Running validate:packaged-bundled-runtime strict mode (bundled runtime required)
Packaging IdleWatch.app with bundled runtime: /opt/homebrew
MACOS_CODESIGN_IDENTITY not set; leaving app unsigned.
Mac app scaffold package complete.
Next steps:
  1) Test: ./dist/IdleWatch.app/Contents/MacOS/IdleWatch --dry-run
  2) Build DMG: ./scripts/build-dmg.sh
  3) Optional bundle runtime for node-less targets: export IDLEWATCH_NODE_RUNTIME_DIR="/path/to/node-runtime"
  4) Optional signing: export MACOS_CODESIGN_IDENTITY="Developer ID Application: ..." then rerun package-macos
  5) Optional notarize+staple DMG: set MACOS_NOTARY_PROFILE and rerun build-dmg
  6) Enforce trusted artifacts: export IDLEWATCH_REQUIRE_TRUSTED_DISTRIBUTION=1
packaging metadata ok for IdleWatch.app 0.1.0
source commit: 22cf1ef1dff59dcabc80c5d751d1dd3a03756e69
packaging metadata validation ok
Running strict path-scrubbed launchability validation using PATH=/usr/bin:/bin
bundled runtime validation ok
validated launcher dry-run under restricted PATH in 90000ms baseline (+10000ms retry increments, up to 3 attempts)
Running validate:trusted-prereqs
Running validate:firebase-emulator-mode
idlewatch-agent dry-run host=c6:59:39:7c:c3:02 intervalMs=10000 firebase=true localLog=/Users/luismantilla/.openclaw/workspace/idlewatch-skill/logs/c6_59_39_7c_c3_02-metrics.ndjson
{"host":"c6:59:39:7c:c3:02","ts":1772255957677,"cpuPct":20.83,"memPct":92.15,"memUsedPct":92.15,"memPressurePct":27,"memPressureClass":"normal","gpuPct":0,"gpuSource":"ioreg-agx","gpuConfidence":"high","gpuSampleWindowMs":null,"tokensPerMin":null,"openclawModel":null,"openclawTotalTokens":null,"openclawSessionId":null,"openclawAgentId":null,"openclawUsageTs":null,"openclawUsageAgeMs":null,"source":{"usage":"disabled","usageIntegrationStatus":"disabled","usageIngestionStatus":"disabled","usageActivityStatus":"disabled","usageProbeResult":"disabled","usageProbeAttempts":0,"usageProbeSweeps":0,"usageProbeTimeoutMs":2500,"usageProbeRetries":1,"usageProbeError":null,"usageProbeDurationMs":null,"usageUsedFallbackCache":false,"usageFallbackCacheAgeMs":null,"usageFallbackCacheSource":null,"usageFreshnessState":"disabled","usageNearStale":false,"usagePastStaleThreshold":false,"usageRefreshAttempted":false,"usageRefreshRecovered":false,"usageRefreshAttempts":0,"usageRefreshReprobes":1,"usageRefreshDelayMs":250,"usageRefreshDurationMs":null,"usageRefreshOnNearStale":true,"usageIdleAfterMsThreshold":21600000,"usageIdle":false,"usageCommand":null,"usageStaleMsThreshold":60000,"usageNearStaleMsThreshold":59500,"usageStaleGraceMs":10000,"memPressureSource":"memory_pressure","usageAlertLevel":"off","usageAlertReason":"usage-disabled"},"schemaFamily":"idlewatch.openclaw.fleet","schemaVersion":"1.0.0","schemaCompat":["0.x-flat-row"],"fleet":{"host":"c6:59:39:7c:c3:02","collectedAtMs":1772255957677,"resources":{"cpuPct":20.83,"memUsedPct":92.15,"memPressurePct":27,"memPressureClass":"normal"},"usage":{"model":null,"totalTokens":null,"tokensPerMin":null,"sessionId":null,"agentId":null,"usageTimestampMs":null,"usageAgeMs":null,"freshnessState":"disabled","integrationStatus":"disabled","ingestionStatus":"disabled","activityStatus":"disabled","alertLevel":"off","alertReason":"usage-disabled"},"provenance":{"collector":"idlewatch-agent","collectorVersion":"0.1.0","usageSource":"disabled","usageCommand":null,"usageProbeResult":"disabled","usageProbeAttempts":0,"usageUsedFallbackCache":false,"usageFallbackCacheSource":null}}}
Running validate:firebase-write-required-once
