## QA Cycle continuation resume 2026-02-28 06:02:18 EST

=== IDLEWATCH_REQUIRE_SOURCE_DIRTY_MATCH=0 npm run validate:packaged-openclaw-robustness:reuse-artifact --silent ===
Missing packaged metadata file: /Users/luismantilla/.openclaw/workspace/idlewatch-skill/dist/IdleWatch.app/Contents/Resources/packaging-metadata.json
=== IDLEWATCH_REQUIRE_SOURCE_DIRTY_MATCH=0 npm run validate:packaged-dry-run-schema:reuse-artifact --silent ===
Missing packaged metadata file: /Users/luismantilla/.openclaw/workspace/idlewatch-skill/dist/IdleWatch.app/Contents/Resources/packaging-metadata.json
=== IDLEWATCH_REQUIRE_SOURCE_DIRTY_MATCH=0 npm run validate:packaged-bundled-runtime:reuse-artifact --silent ===
IDLEWATCH_SKIP_PACKAGE_MACOS=1 but metadata is missing: /Users/luismantilla/.openclaw/workspace/idlewatch-skill/dist/IdleWatch.app/Contents/Resources/packaging-metadata.json
Run with IDLEWATCH_SKIP_PACKAGE_MACOS unset or prebuild via npm run package:macos first.
=== IDLEWATCH_REQUIRE_SOURCE_DIRTY_MATCH=0 npm run validate:packaged-bundled-runtime --silent ===
Packaging IdleWatch.app with bundled runtime: /opt/homebrew
rm: /Users/luismantilla/.openclaw/workspace/idlewatch-skill/dist/IdleWatch.app/Contents/Resources/runtime/node/lib/node_modules: Directory not empty
rm: /Users/luismantilla/.openclaw/workspace/idlewatch-skill/dist/IdleWatch.app/Contents/Resources/runtime/node/lib: Directory not empty
rm: /Users/luismantilla/.openclaw/workspace/idlewatch-skill/dist/IdleWatch.app/Contents/Resources/runtime/node: Directory not empty
rm: /Users/luismantilla/.openclaw/workspace/idlewatch-skill/dist/IdleWatch.app/Contents/Resources/runtime: Directory not empty
rm: /Users/luismantilla/.openclaw/workspace/idlewatch-skill/dist/IdleWatch.app/Contents/Resources: Directory not empty
rm: /Users/luismantilla/.openclaw/workspace/idlewatch-skill/dist/IdleWatch.app/Contents: Directory not empty
rm: /Users/luismantilla/.openclaw/workspace/idlewatch-skill/dist/IdleWatch.app: Directory not empty
=== npm run validate:packaged-metadata --silent ===
Missing packaging metadata: /Users/luismantilla/.openclaw/workspace/idlewatch-skill/dist/IdleWatch.app/Contents/Resources/packaging-metadata.json
=== IDLEWATCH_DRY_RUN_TIMEOUT_MS=90000 npm run validate:dmg-install --silent ===
Reused packaged artifact is stale for this workspace revision.
Current commit : d78c8102aea4ca6bb99fb8496683ccbfcbb1c081
Packaged commit: c23c7e91f3591f4fd5387e0f2ffbda9089edd89f
Rebuild artifact first:
  npm run package:macos
Packaged artifact is stale and does not match current git revision.
Mounted DMG artifact metadata/compatibility preflight failed.
=== npm run validate:dmg-checksum --silent ===
DMG checksum OK: /Users/luismantilla/.openclaw/workspace/idlewatch-skill/dist/IdleWatch-0.1.0-unsigned.dmg
=== npm run validate:trusted-prereqs --silent ===
Missing MACOS_CODESIGN_IDENTITY. Example: Developer ID Application: Your Name (TEAMID)
=== npm run validate:firebase-emulator-mode --silent ===
idlewatch-agent dry-run host=c6:59:39:7c:c3:02 intervalMs=10000 firebase=true localLog=/Users/luismantilla/.openclaw/workspace/idlewatch-skill/logs/c6_59_39_7c_c3_02-metrics.ndjson
{"host":"c6:59:39:7c:c3:02","ts":1772276547833,"cpuPct":21.74,"memPct":89.24,"memUsedPct":89.24,"memPressurePct":26,"memPressureClass":"normal","gpuPct":0,"gpuSource":"ioreg-agx","gpuConfidence":"high","gpuSampleWindowMs":null,"tokensPerMin":null,"openclawModel":null,"openclawTotalTokens":null,"openclawSessionId":null,"openclawAgentId":null,"openclawUsageTs":null,"openclawUsageAgeMs":null,"source":{"usage":"disabled","usageIntegrationStatus":"disabled","usageIngestionStatus":"disabled","usageActivityStatus":"disabled","usageProbeResult":"disabled","usageProbeAttempts":0,"usageProbeSweeps":0,"usageProbeTimeoutMs":2500,"usageProbeRetries":1,"usageProbeError":null,"usageProbeDurationMs":null,"usageUsedFallbackCache":false,"usageFallbackCacheAgeMs":null,"usageFallbackCacheSource":null,"usageFreshnessState":"disabled","usageNearStale":false,"usagePastStaleThreshold":false,"usageRefreshAttempted":false,"usageRefreshRecovered":false,"usageRefreshAttempts":0,"usageRefreshReprobes":1,"usageRefreshDelayMs":250,"usageRefreshDurationMs":null,"usageRefreshOnNearStale":true,"usageIdleAfterMsThreshold":21600000,"usageIdle":false,"usageCommand":null,"usageStaleMsThreshold":60000,"usageNearStaleMsThreshold":59500,"usageStaleGraceMs":10000,"memPressureSource":"memory_pressure","usageAlertLevel":"off","usageAlertReason":"usage-disabled"},"schemaFamily":"idlewatch.openclaw.fleet","schemaVersion":"1.0.0","schemaCompat":["0.x-flat-row"],"fleet":{"host":"c6:59:39:7c:c3:02","collectedAtMs":1772276547833,"resources":{"cpuPct":21.74,"memUsedPct":89.24,"memPressurePct":26,"memPressureClass":"normal"},"usage":{"model":null,"totalTokens":null,"tokensPerMin":null,"sessionId":null,"agentId":null,"usageTimestampMs":null,"usageAgeMs":null,"freshnessState":"disabled","integrationStatus":"disabled","ingestionStatus":"disabled","activityStatus":"disabled","alertLevel":"off","alertReason":"usage-disabled"},"provenance":{"collector":"idlewatch-agent","collectorVersion":"0.1.0","usageSource":"disabled","usageCommand":null,"usageProbeResult":"disabled","usageProbeAttempts":0,"usageUsedFallbackCache":false,"usageFallbackCacheSource":null}}}
=== IDLEWATCH_REQUIRE_FIREBASE_WRITES=1 npm run validate:firebase-write-required-once --silent ===
Firebase is not configured. Running in local-only mode (stdout logging only). Set FIREBASE_PROJECT_ID + FIREBASE_SERVICE_ACCOUNT_FILE (preferred, or FIREBASE_SERVICE_ACCOUNT_JSON / FIREBASE_SERVICE_ACCOUNT_B64), or use FIREBASE_PROJECT_ID + FIRESTORE_EMULATOR_HOST for emulator writes.
IDLEWATCH_REQUIRE_FIREBASE_WRITES=1 requires Firebase to be configured. Set FIREBASE_PROJECT_ID with service-account creds (or FIRESTORE_EMULATOR_HOST for emulator mode).
