## npm run test:unit --silent
run:3: command not found: timeout
EXIT: 1

## npm run validate:usage-freshness-e2e --silent
run:3: command not found: timeout
EXIT: 1

## npm run validate:usage-alert-rate-e2e --silent
run:3: command not found: timeout
EXIT: 1

## npm run validate:openclaw-release-gates --silent
run:3: command not found: timeout
EXIT: 1

## npm run validate:openclaw-stats-ingestion --silent
run:3: command not found: timeout
EXIT: 1

## npm run validate:openclaw-usage-health --silent
run:3: command not found: timeout
EXIT: 1

## npm run validate:packaged-openclaw-stats-ingestion:reuse-artifact --silent
run:3: command not found: timeout
EXIT: 1

## npm run validate:packaged-openclaw-release-gates:reuse-artifact --silent
run:3: command not found: timeout
EXIT: 1

## npm run validate:packaged-openclaw-robustness:reuse-artifact --silent
run:3: command not found: timeout
EXIT: 1

## IDLEWATCH_SKIP_PACKAGE_MACOS=1 npm run validate:packaged-bundled-runtime --silent
run:3: command not found: timeout
EXIT: 1

## npm run validate:packaged-metadata --silent
run:3: command not found: timeout
EXIT: 1

## npm run validate:dmg-install --silent
run:3: command not found: timeout
EXIT: 1

## npm run validate:dmg-checksum --silent
run:3: command not found: timeout
EXIT: 1

## npm run validate:trusted-prereqs --silent
run:3: command not found: timeout
EXIT: 1

## npm run validate:firebase-emulator-mode --silent
run:3: command not found: timeout
EXIT: 1

## npm run validate:firebase-write-required-once --silent
run:3: command not found: timeout
EXIT: 1

