=== IdleWatch Mac QA Cycle ===
2026-02-28 05:29:32 EST

## test:unit
▶ buildConfig
  ✔ returns default config with no env vars (1.68475ms)
  ✔ respects IDLEWATCH_INTERVAL_MS (0.587708ms)
  ✔ throws on invalid IDLEWATCH_INTERVAL_MS (3.607917ms)
  ✔ throws on non-numeric IDLEWATCH_INTERVAL_MS (1.5385ms)
  ✔ throws on invalid IDLEWATCH_USAGE_REFRESH_ON_NEAR_STALE (0.551791ms)
  ✔ derives stale thresholds from interval (0.454125ms)
  ✔ picks up custom host (0.392083ms)
  ✔ sanitizes host with special chars (0.375041ms)
  ✔ sets openclaw usage mode from env (0.419958ms)
  ✔ sets firebase config (0.417708ms)
✔ buildConfig (10.744542ms)
✔ parses ioreg AGX performance statistics device utilization (0.774083ms)
✔ parses ioreg IOGPU performance statistics when AGX is unavailable (0.12375ms)
✔ parses powermetrics GPU residency percent (0.08ms)
✔ parses top grep fallback output (0.142666ms)
✔ gpu sampler captures three distinct macOS telemetry sources deterministically (0.677875ms)
✔ parseMemoryPressurePct derives pressure from free percentage output (0.6495ms)
✔ parseMemoryPressurePct supports explicit pressure output (0.101ms)
✔ memoryPressureDarwin returns unavailable when command fails (0.605083ms)
✔ memoryPressureDarwin returns classified value when parse succeeds (0.061417ms)
✔ persists and reloads last-good usage snapshot (2.369375ms)
✔ returns null on corrupt cache payload (0.582334ms)
✔ accepts explicit IDLEWATCH_OPENCLAW_LAST_GOOD_MAX_AGE_MS in dry-run (77.335458ms)
✔ rejects invalid IDLEWATCH_OPENCLAW_LAST_GOOD_MAX_AGE_MS (49.334ms)
✔ accepts explicit IDLEWATCH_OPENCLAW_PROBE_RETRIES in dry-run (68.14575ms)
✔ rejects invalid IDLEWATCH_OPENCLAW_PROBE_RETRIES (47.990083ms)
✔ accepts explicit IDLEWATCH_USAGE_REFRESH_REPROBES in dry-run (67.631041ms)
✔ rejects invalid IDLEWATCH_USAGE_REFRESH_REPROBES (48.005458ms)
✔ accepts explicit IDLEWATCH_USAGE_REFRESH_DELAY_MS in dry-run (65.152458ms)
✔ rejects invalid IDLEWATCH_USAGE_REFRESH_DELAY_MS (47.23325ms)
✔ accepts Firestore emulator mode without service account credentials (78.120292ms)
✔ rejects emulator mode when FIREBASE_PROJECT_ID is missing (46.819458ms)
✔ rejects required Firebase writes when Firebase is not configured (49.99775ms)
✔ accepts required Firebase writes config in emulator mode (dry-run) (82.834208ms)
✔ accepts FIREBASE_SERVICE_ACCOUNT_FILE credentials (81.638083ms)
✔ accepts OpenClaw JSON from stderr payload on non-zero-exit command (580.749833ms)
✔ accepts legacy IDLEWATCH_OPENCLAW_BIN_HINT as explicit binary path in strict mode (510.260625ms)
✔ parses openclaw status --json output and chooses best recent session (2.39ms)
✔ parses noisy openclaw output and alternate sessions key names (0.232583ms)
✔ ignores non-usage JSON noise and parses later status payload (0.277209ms)
✔ parses generic usage payloads (0.680959ms)
✔ supports model_name in generic usage payloads (0.160084ms)
✔ prefers most recent candidate when scores tie (0.19325ms)
✔ prefers most recent candidate when timestamps are ISO strings (2.95125ms)
✔ parses latest candidate when timestamp fields are strings (0.511708ms)
✔ prefers richer generic usage candidate when status candidate is partial (0.197ms)
✔ parses status wrapper payloads under status.current (0.207625ms)
✔ returns null for invalid payload (0.050958ms)
✔ parses status payloads with stringified numeric fields and stale token marker fallback (0.197125ms)
✔ converts epoch-seconds usage timestamps to milliseconds (0.14275ms)
✔ parses stats payloads with nested usage totals (0.106584ms)
✔ parses stats payloads nested under data wrapper (0.118833ms)
✔ parses nested stats current.session wrapper payloads (0.105208ms)
✔ parses status.stats.current.sessions as array (0.10075ms)
✔ parses session array payload with model in defaultModel field (0.0965ms)
✔ supports model_name alias in status sessions payload (0.089084ms)
✔ supports string snake-case total_tokens in sessions array payloads (0.083333ms)
✔ parses status payload with nested sessions object and totals in totals.nested field (0.115084ms)
✔ parses status.current.stats.stats-in-legacy-shape payload (0.146208ms)
✔ parses wrapped status payload with direct session array and nested usage totals (0.204375ms)
✔ parses payloads wrapped under data.result with current session aliases (1.5665ms)
✔ parses status payload where sessions is an object map keyed by session id (0.207083ms)
✔ selects active session from result.session payload shape (0.137917ms)
✔ ignores metadata defaults key in session maps and still selects most recent real session (0.115625ms)
✔ parses data.current stats wrapper payloads (0.091417ms)
✔ parses payload wrapper stats payloads (0.106791ms)
✔ parses snake_case current_session payload aliases under status wrapper (0.104458ms)
✔ uses top-level default model when no sessions are available (0.060292ms)
✔ parses stderr payload even when command exits non-zero (0.068542ms)
✔ ignores ANSI escape noise and parses JSON session payload (0.114417ms)
✔ chooses strongest usage payload when earlier JSON is metadata-only (0.091541ms)
✔ strips complex ANSI cursor/control codes and parses JSON session payload (0.072167ms)
✔ strips control characters (backspace/ctrl) before parsing JSON (0.075458ms)
✔ strips OSC/title control sequences before parsing JSON (0.076458ms)
✔ strips DCS control sequences before parsing JSON (0.060333ms)
✔ strips mixed terminal noise sequences together (0.058709ms)
✔ parses stats payload with nested current object under status.stats (0.069458ms)
✔ parses usage timestamp aliases in snake_case ms fields (0.081458ms)
✔ parses usage timestamp aliases in usage_timestamp_ms fields (0.070208ms)
✔ parses usage_time timestamp alias in generic payloads (0.057ms)
✔ parses usage timestamp aliases in updated_at_ms fields (0.073042ms)
✔ enriches legacy sample with fleet schema envelope while preserving legacy fields (1.065417ms)
✔ fixture sample remains aligned with schema metadata (0.330875ms)
✔ extractJsonCandidates finds last JSON object in noisy multiline output (1.309167ms)
✔ extractJsonCandidates handles nested arrays and trailing text (0.092833ms)
✔ readTelemetryJsonRow prefers the last valid JSON candidate (0.069ms)
✔ stripControlNoise removes ANSI control sequences that can break parser (0.061833ms)
✔ returns critical when ingestion is unavailable (1.194667ms)
✔ returns warning when activity is stale (0.056166ms)
✔ prioritizes stale-threshold warning over stale refresh-no-new-noise (0.048084ms)
✔ keeps stale-no-new-usage notice when explicitly forced despite not being past threshold (0.046875ms)
✔ returns warning when past stale threshold in grace window (0.047917ms)
✔ returns notice when near stale (0.042083ms)
✔ returns off when usage is disabled (0.041291ms)
✔ returns ok when usage is healthy (0.040125ms)
✔ downgrades stale to idle notice when usage age exceeds idle threshold (0.065292ms)
✔ does not emit idle notice when ingestion is unavailable (0.083542ms)
✔ deriveUsageFreshness marks stale only when age is strictly above threshold (0.640458ms)
✔ deriveUsageFreshness handles invalid or future timestamps safely (0.614042ms)
✔ deriveUsageFreshness disables stale classification for invalid thresholds (0.051333ms)
✔ deriveUsageFreshness applies grace window before stale classification (0.050542ms)
✔ validate dry-run schema passes with OpenClaw usage disabled (115.717459ms)
✔ validate dry-run schema accepts noisy multiline JSON rows (84.537667ms)
ℹ tests 102
ℹ suites 1
ℹ pass 102
ℹ fail 0
ℹ cancelled 0
ℹ skipped 0
ℹ todo 0
ℹ duration_ms 1982.853792
PASS: npm run test:unit --silent

## validate:usage-freshness-e2e
usage-freshness-e2e: ok (fresh -> aging -> post-threshold-in-grace -> stale)
PASS: npm run validate:usage-freshness-e2e --silent

## validate:usage-alert-rate-e2e
usage-alert-rate-e2e: ok (typical cadence stays ok; boundary states escalate notice -> warning -> warning)
PASS: npm run validate:usage-alert-rate-e2e --silent

## validate:openclaw-release-gates (host)
validate-openclaw-usage-health: ok (openclaw usage source required and healthy)
validate-openclaw-stats-ingestion: ok (stats-only command path parsed and ingested across multiple payload shapes)
validate-openclaw-cache-recovery-e2e: ok (fallback-cache sample recovered via forced reprobe)
validate-openclaw-release-gates: ok (host OpenClaw checks for usage-health, stats fallback, and stale-cache recovery)
PASS: env IDLEWATCH_DRY_RUN_TIMEOUT_MS=90000 npm run validate:openclaw-release-gates --silent

## validate:packaged-openclaw-release-gates:reuse-artifact
Reused packaged artifact is stale for this workspace revision.
Current commit : e730a25bbfc8d7ca5dcc982e9916af1dff8f5a24
Packaged commit: c9b4387c984d04438fe535c1929d9cabda326371
Rebuild artifact first:
  npm run package:macos
Packaged artifact is stale and does not match current git revision.
FAIL: env IDLEWATCH_SKIP_PACKAGE_MACOS=1 npm run validate:packaged-openclaw-release-gates:reuse-artifact --silent

## validate:packaged-openclaw-stats-ingestion:reuse-artifact
Reused packaged artifact is stale for this workspace revision.
Current commit : e730a25bbfc8d7ca5dcc982e9916af1dff8f5a24
Packaged commit: c9b4387c984d04438fe535c1929d9cabda326371
Rebuild artifact first:
  npm run package:macos
Packaged artifact is stale and does not match current git revision.
FAIL: env IDLEWATCH_SKIP_PACKAGE_MACOS=1 npm run validate:packaged-openclaw-stats-ingestion:reuse-artifact --silent

## validate:packaged-openclaw-robustness:reuse-artifact
Reused packaged artifact is stale for this workspace revision.
Current commit : e730a25bbfc8d7ca5dcc982e9916af1dff8f5a24
Packaged commit: c9b4387c984d04438fe535c1929d9cabda326371
Rebuild artifact first:
  npm run package:macos
Packaged artifact is stale and does not match current git revision.
FAIL: env IDLEWATCH_SKIP_PACKAGE_MACOS=1 npm run validate:packaged-openclaw-robustness:reuse-artifact --silent

## validate:packaged-metadata
packaging metadata ok for IdleWatch.app 0.1.0
source commit: c9b4387c984d04438fe535c1929d9cabda326371 (dirty)
packaging metadata validation ok
PASS: npm run validate:packaged-metadata --silent

## validate:packaged-bundled-runtime
Packaging IdleWatch.app with bundled runtime: /opt/homebrew
MACOS_CODESIGN_IDENTITY not set; leaving app unsigned.
Mac app scaffold package complete.
Next steps:
  1) Test: ./dist/IdleWatch.app/Contents/MacOS/IdleWatch --dry-run
  2) Build DMG: ./scripts/build-dmg.sh
  3) Optional bundle runtime for node-less targets: export IDLEWATCH_NODE_RUNTIME_DIR="/path/to/node-runtime"
  4) Optional signing: export MACOS_CODESIGN_IDENTITY="Developer ID Application: ..." then rerun package-macos
  5) Optional notarize+staple DMG: set MACOS_NOTARY_PROFILE and rerun build-dmg
  6) Enforce trusted artifacts: export IDLEWATCH_REQUIRE_TRUSTED_DISTRIBUTION=1
packaging metadata ok for IdleWatch.app 0.1.0
source commit: e730a25bbfc8d7ca5dcc982e9916af1dff8f5a24
packaging metadata validation ok
Running strict path-scrubbed launchability validation using PATH=/usr/bin:/bin
Attempt 1/3: validating packaged launcher dry-run with IDLEWATCH_OPENCLAW_USAGE=auto timeout=90000ms
dry-run schema ok (/Users/luismantilla/.openclaw/workspace/idlewatch-skill/dist/IdleWatch.app/Contents/MacOS/IdleWatch --dry-run --once)
bundled runtime validation ok
validated launcher dry-run under restricted PATH in 90000ms baseline (+10000ms retry increments, up to 3 attempts)
PASS: npm run validate:packaged-bundled-runtime --silent

## validate:packaged-bundled-runtime (reuse-artifact)
Reusable packaged artifact dirty-state does not match current workspace clean-state.
Current working tree clean: true
Packaged artifact built with clean workspace: false
Rebuild artifact first: dirty-state mismatch for reusable artifact.
Reusable packaged artifact preflight failed for validate-packaged-bundled-runtime.
FAIL: env IDLEWATCH_SKIP_PACKAGE_MACOS=1 npm run validate:packaged-bundled-runtime:reuse-artifact --silent

## validate:dmg-install (non-strict dirty)
Reusable packaged artifact is missing sourceGitCommit provenance.
Rebuild artifact before strict commit-matching reuse checks:
  npm run package:macos
Rebuilt artifact is required for strict source-commit validation: sourceGitCommit is missing.
Mounted DMG artifact metadata/compatibility preflight failed.
FAIL: env IDLEWATCH_REQUIRE_SOURCE_DIRTY_MATCH=0 IDLEWATCH_DRY_RUN_TIMEOUT_MS=90000 npm run validate:dmg-install --silent

## validate:dmg-checksum
DMG checksum OK: /Users/luismantilla/.openclaw/workspace/idlewatch-skill/dist/IdleWatch-0.1.0-unsigned.dmg
PASS: npm run validate:dmg-checksum --silent

## validate:trusted-prereqs
Missing MACOS_CODESIGN_IDENTITY. Example: Developer ID Application: Your Name (TEAMID)
FAIL: npm run validate:trusted-prereqs --silent

## validate:firebase-emulator-mode
idlewatch-agent dry-run host=c6:59:39:7c:c3:02 intervalMs=10000 firebase=true localLog=/Users/luismantilla/.openclaw/workspace/idlewatch-skill/logs/c6_59_39_7c_c3_02-metrics.ndjson
{"host":"c6:59:39:7c:c3:02","ts":1772274677695,"cpuPct":20.83,"memPct":97.29,"memUsedPct":97.29,"memPressurePct":26,"memPressureClass":"normal","gpuPct":0,"gpuSource":"ioreg-agx","gpuConfidence":"high","gpuSampleWindowMs":null,"tokensPerMin":null,"openclawModel":null,"openclawTotalTokens":null,"openclawSessionId":null,"openclawAgentId":null,"openclawUsageTs":null,"openclawUsageAgeMs":null,"source":{"usage":"disabled","usageIntegrationStatus":"disabled","usageIngestionStatus":"disabled","usageActivityStatus":"disabled","usageProbeResult":"disabled","usageProbeAttempts":0,"usageProbeSweeps":0,"usageProbeTimeoutMs":2500,"usageProbeRetries":1,"usageProbeError":null,"usageProbeDurationMs":null,"usageUsedFallbackCache":false,"usageFallbackCacheAgeMs":null,"usageFallbackCacheSource":null,"usageFreshnessState":"disabled","usageNearStale":false,"usagePastStaleThreshold":false,"usageRefreshAttempted":false,"usageRefreshRecovered":false,"usageRefreshAttempts":0,"usageRefreshReprobes":1,"usageRefreshDelayMs":250,"usageRefreshDurationMs":null,"usageRefreshOnNearStale":true,"usageIdleAfterMsThreshold":21600000,"usageIdle":false,"usageCommand":null,"usageStaleMsThreshold":60000,"usageNearStaleMsThreshold":59500,"usageStaleGraceMs":10000,"memPressureSource":"memory_pressure","usageAlertLevel":"off","usageAlertReason":"usage-disabled"},"schemaFamily":"idlewatch.openclaw.fleet","schemaVersion":"1.0.0","schemaCompat":["0.x-flat-row"],"fleet":{"host":"c6:59:39:7c:c3:02","collectedAtMs":1772274677695,"resources":{"cpuPct":20.83,"memUsedPct":97.29,"memPressurePct":26,"memPressureClass":"normal"},"usage":{"model":null,"totalTokens":null,"tokensPerMin":null,"sessionId":null,"agentId":null,"usageTimestampMs":null,"usageAgeMs":null,"freshnessState":"disabled","integrationStatus":"disabled","ingestionStatus":"disabled","activityStatus":"disabled","alertLevel":"off","alertReason":"usage-disabled"},"provenance":{"collector":"idlewatch-agent","collectorVersion":"0.1.0","usageSource":"disabled","usageCommand":null,"usageProbeResult":"disabled","usageProbeAttempts":0,"usageUsedFallbackCache":false,"usageFallbackCacheSource":null}}}
PASS: npm run validate:firebase-emulator-mode --silent

## validate:firebase-write-required-once
Firebase is not configured. Running in local-only mode (stdout logging only). Set FIREBASE_PROJECT_ID + FIREBASE_SERVICE_ACCOUNT_FILE (preferred, or FIREBASE_SERVICE_ACCOUNT_JSON / FIREBASE_SERVICE_ACCOUNT_B64), or use FIREBASE_PROJECT_ID + FIRESTORE_EMULATOR_HOST for emulator writes.
IDLEWATCH_REQUIRE_FIREBASE_WRITES=1 requires Firebase to be configured. Set FIREBASE_PROJECT_ID with service-account creds (or FIRESTORE_EMULATOR_HOST for emulator mode).
FAIL: env IDLEWATCH_REQUIRE_FIREBASE_WRITES=1 npm run validate:firebase-write-required-once --silent

Cycle completed with failures. See logs/qa/mac-qa-cycle-20260228052932.log
