QA cycle log: logs/qa/mac-qa-cycle-20260227233213.log
Started: 2026-02-27 23:32:13 EST

>>> [test_unit] 2026-02-27 23:32:13 EST
npm run test:unit --silent
▶ buildConfig
  ✔ returns default config with no env vars (2.57575ms)
  ✔ respects IDLEWATCH_INTERVAL_MS (0.670291ms)
  ✔ throws on invalid IDLEWATCH_INTERVAL_MS (1.311541ms)
  ✔ throws on non-numeric IDLEWATCH_INTERVAL_MS (0.503792ms)
  ✔ throws on invalid IDLEWATCH_USAGE_REFRESH_ON_NEAR_STALE (0.462875ms)
  ✔ derives stale thresholds from interval (0.49075ms)
  ✔ picks up custom host (0.420166ms)
  ✔ sanitizes host with special chars (0.365417ms)
  ✔ sets openclaw usage mode from env (0.413375ms)
  ✔ sets firebase config (0.417791ms)
✔ buildConfig (8.293791ms)
✔ parses ioreg AGX performance statistics device utilization (0.7965ms)
✔ parses ioreg IOGPU performance statistics when AGX is unavailable (0.118167ms)
✔ parses powermetrics GPU residency percent (0.079ms)
✔ parses top grep fallback output (0.142666ms)
✔ gpu sampler captures three distinct macOS telemetry sources deterministically (0.650333ms)
✔ parseMemoryPressurePct derives pressure from free percentage output (0.664458ms)
✔ parseMemoryPressurePct supports explicit pressure output (0.10725ms)
✔ memoryPressureDarwin returns unavailable when command fails (0.610542ms)
✔ memoryPressureDarwin returns classified value when parse succeeds (0.063584ms)
✔ persists and reloads last-good usage snapshot (1.614125ms)
✔ returns null on corrupt cache payload (0.5115ms)
✔ accepts explicit IDLEWATCH_OPENCLAW_LAST_GOOD_MAX_AGE_MS in dry-run (77.611167ms)
✔ rejects invalid IDLEWATCH_OPENCLAW_LAST_GOOD_MAX_AGE_MS (50.43225ms)
✔ accepts explicit IDLEWATCH_OPENCLAW_PROBE_RETRIES in dry-run (69.196875ms)
✔ rejects invalid IDLEWATCH_OPENCLAW_PROBE_RETRIES (51.411959ms)
✔ accepts explicit IDLEWATCH_USAGE_REFRESH_REPROBES in dry-run (69.059334ms)
✔ rejects invalid IDLEWATCH_USAGE_REFRESH_REPROBES (49.591792ms)
✔ accepts explicit IDLEWATCH_USAGE_REFRESH_DELAY_MS in dry-run (67.06925ms)
✔ rejects invalid IDLEWATCH_USAGE_REFRESH_DELAY_MS (49.820208ms)
✔ accepts Firestore emulator mode without service account credentials (80.056125ms)
✔ rejects emulator mode when FIREBASE_PROJECT_ID is missing (49.301125ms)
✔ rejects required Firebase writes when Firebase is not configured (48.580333ms)
✔ accepts required Firebase writes config in emulator mode (dry-run) (79.78875ms)
✔ accepts FIREBASE_SERVICE_ACCOUNT_FILE credentials (80.609167ms)
✔ accepts OpenClaw JSON from stderr payload on non-zero-exit command (538.347333ms)
✔ accepts legacy IDLEWATCH_OPENCLAW_BIN_HINT as explicit binary path in strict mode (551.851292ms)
✔ parses openclaw status --json output and chooses best recent session (6.164625ms)
✔ parses noisy openclaw output and alternate sessions key names (0.284625ms)
✔ ignores non-usage JSON noise and parses later status payload (0.287292ms)
✔ parses generic usage payloads (0.697791ms)
✔ supports model_name in generic usage payloads (0.168833ms)
✔ prefers most recent candidate when scores tie (0.207291ms)
✔ prefers most recent candidate when timestamps are ISO strings (0.192625ms)
✔ parses latest candidate when timestamp fields are strings (0.143459ms)
✔ prefers richer generic usage candidate when status candidate is partial (0.152417ms)
✔ parses status wrapper payloads under status.current (0.203625ms)
✔ returns null for invalid payload (0.060541ms)
✔ parses status payloads with stringified numeric fields and stale token marker fallback (0.178208ms)
✔ converts epoch-seconds usage timestamps to milliseconds (0.114458ms)
✔ parses stats payloads with nested usage totals (0.101041ms)
✔ parses stats payloads nested under data wrapper (0.099833ms)
✔ parses nested stats current.session wrapper payloads (0.100959ms)
✔ parses status.stats.current.sessions as array (0.112333ms)
✔ parses session array payload with model in defaultModel field (0.094916ms)
✔ supports model_name alias in status sessions payload (0.089291ms)
✔ supports string snake-case total_tokens in sessions array payloads (0.084417ms)
✔ parses status payload with nested sessions object and totals in totals.nested field (0.092916ms)
✔ parses status.current.stats.stats-in-legacy-shape payload (0.156625ms)
✔ parses wrapped status payload with direct session array and nested usage totals (0.159416ms)
✔ parses payloads wrapped under data.result with current session aliases (0.717625ms)
✔ parses status payload where sessions is an object map keyed by session id (0.228ms)
✔ selects active session from result.session payload shape (0.16075ms)
✔ ignores metadata defaults key in session maps and still selects most recent real session (0.122709ms)
✔ parses data.current stats wrapper payloads (0.099375ms)
✔ parses payload wrapper stats payloads (0.097209ms)
✔ parses snake_case current_session payload aliases under status wrapper (0.110041ms)
✔ uses top-level default model when no sessions are available (0.139417ms)
✔ parses stderr payload even when command exits non-zero (0.141584ms)
✔ ignores ANSI escape noise and parses JSON session payload (0.181416ms)
✔ chooses strongest usage payload when earlier JSON is metadata-only (0.116292ms)
✔ strips complex ANSI cursor/control codes and parses JSON session payload (0.080042ms)
✔ strips control characters (backspace/ctrl) before parsing JSON (0.088ms)
✔ strips OSC/title control sequences before parsing JSON (0.070958ms)
✔ strips DCS control sequences before parsing JSON (0.060667ms)
✔ strips mixed terminal noise sequences together (0.064458ms)
✔ parses stats payload with nested current object under status.stats (0.075167ms)
✔ parses usage timestamp aliases in snake_case ms fields (0.090916ms)
✔ parses usage timestamp aliases in usage_timestamp_ms fields (0.078084ms)
✔ parses usage timestamp aliases in updated_at_ms fields (0.0695ms)
✔ enriches legacy sample with fleet schema envelope while preserving legacy fields (1.137958ms)
✔ fixture sample remains aligned with schema metadata (0.346375ms)
✔ extractJsonCandidates finds last JSON object in noisy multiline output (2.198167ms)
✔ extractJsonCandidates handles nested arrays and trailing text (0.237125ms)
✔ readTelemetryJsonRow prefers the last valid JSON candidate (0.14275ms)
✔ stripControlNoise removes ANSI control sequences that can break parser (0.140958ms)
✔ returns critical when ingestion is unavailable (2.226875ms)
✔ returns warning when activity is stale (0.06575ms)
✔ prioritizes stale-threshold warning over stale refresh-no-new-noise (0.048958ms)
✔ keeps stale-no-new-usage notice when explicitly forced despite not being past threshold (0.050917ms)
✔ returns warning when past stale threshold in grace window (0.045042ms)
✔ returns notice when near stale (0.040333ms)
✔ returns off when usage is disabled (0.039584ms)
✔ returns ok when usage is healthy (0.036375ms)
✔ downgrades stale to idle notice when usage age exceeds idle threshold (0.059208ms)
✔ does not emit idle notice when ingestion is unavailable (0.082459ms)
✔ deriveUsageFreshness marks stale only when age is strictly above threshold (1.348917ms)
✔ deriveUsageFreshness handles invalid or future timestamps safely (0.754625ms)
✔ deriveUsageFreshness disables stale classification for invalid thresholds (0.065125ms)
✔ deriveUsageFreshness applies grace window before stale classification (0.057375ms)
✔ validate dry-run schema passes with OpenClaw usage disabled (125.398458ms)
✔ validate dry-run schema accepts noisy multiline JSON rows (90.314666ms)
ℹ tests 101
ℹ suites 1
ℹ pass 101
ℹ fail 0
ℹ cancelled 0
ℹ skipped 0
ℹ todo 0
ℹ duration_ms 1995.085125
+ status=0

>>> [usage_freshness] 2026-02-27 23:32:16 EST
npm run validate:usage-freshness-e2e --silent
usage-freshness-e2e: ok (fresh -> aging -> post-threshold-in-grace -> stale)
+ status=0

>>> [usage_alert_rate] 2026-02-27 23:32:17 EST
npm run validate:usage-alert-rate-e2e --silent
usage-alert-rate-e2e: ok (typical cadence stays ok; boundary states escalate notice -> warning -> warning)
+ status=0

>>> [openclaw_health] 2026-02-27 23:32:20 EST
IDLEWATCH_DRY_RUN_TIMEOUT_MS=90000 npm run validate:openclaw-usage-health --silent
validate-openclaw-usage-health: ok (openclaw usage source required and healthy)
+ status=0

>>> [openclaw_stats] 2026-02-27 23:32:20 EST
IDLEWATCH_DRY_RUN_TIMEOUT_MS=90000 npm run validate:openclaw-stats-ingestion --silent
validate-openclaw-stats-ingestion: ok (stats-only command path parsed and ingested across multiple payload shapes)
+ status=0

>>> [openclaw_release] 2026-02-27 23:32:21 EST
IDLEWATCH_DRY_RUN_TIMEOUT_MS=90000 npm run validate:openclaw-release-gates --silent
validate-openclaw-usage-health: ok (openclaw usage source required and healthy)
validate-openclaw-stats-ingestion: ok (stats-only command path parsed and ingested across multiple payload shapes)
validate-openclaw-cache-recovery-e2e: ok (fallback-cache sample recovered via forced reprobe)
validate-openclaw-release-gates: ok (host OpenClaw checks for usage-health, stats fallback, and stale-cache recovery)
+ status=0

>>> [packaged_metadata] 2026-02-27 23:32:23 EST
npm run validate:packaged-metadata --silent
packaging metadata ok for IdleWatch.app 0.1.0
source commit: 4dbbe15bc01afb12e26d518cd43886949187c3e6 (dirty)
packaging metadata validation ok
+ status=0

>>> [packaged_dryrun_schema] 2026-02-27 23:32:23 EST
IDLEWATCH_SKIP_PACKAGE_MACOS=1 npm run validate:packaged-dry-run-schema:reuse-artifact --silent
Reused packaged artifact is stale for this workspace revision.
Current commit : 411e611d856a6358a40c467fc520585f4777fac3
Packaged commit: 4dbbe15bc01afb12e26d518cd43886949187c3e6
Rebuild artifact first:
  npm run package:macos
Packaged artifact is stale and does not match current git revision.
+ status=1

>>> [packaged_openclaw_stats] 2026-02-27 23:32:23 EST
IDLEWATCH_SKIP_PACKAGE_MACOS=1 npm run validate:packaged-openclaw-stats-ingestion:reuse-artifact --silent
Reused packaged artifact is stale for this workspace revision.
Current commit : 411e611d856a6358a40c467fc520585f4777fac3
Packaged commit: 4dbbe15bc01afb12e26d518cd43886949187c3e6
Rebuild artifact first:
  npm run package:macos
Packaged artifact is stale and does not match current git revision.
+ status=1

>>> [packaged_openclaw_release] 2026-02-27 23:32:23 EST
IDLEWATCH_SKIP_PACKAGE_MACOS=1 npm run validate:packaged-openclaw-release-gates:reuse-artifact --silent
Reused packaged artifact is stale for this workspace revision.
Current commit : 411e611d856a6358a40c467fc520585f4777fac3
Packaged commit: 4dbbe15bc01afb12e26d518cd43886949187c3e6
Rebuild artifact first:
  npm run package:macos
Packaged artifact is stale and does not match current git revision.
+ status=1

>>> [packaged_openclaw_robustness] 2026-02-27 23:32:23 EST
IDLEWATCH_SKIP_PACKAGE_MACOS=1 npm run validate:packaged-openclaw-robustness:reuse-artifact --silent
Reused packaged artifact is stale for this workspace revision.
Current commit : 411e611d856a6358a40c467fc520585f4777fac3
Packaged commit: 4dbbe15bc01afb12e26d518cd43886949187c3e6
Rebuild artifact first:
  npm run package:macos
Packaged artifact is stale and does not match current git revision.
+ status=1

>>> [packaged_bundled_runtime] 2026-02-27 23:32:24 EST
IDLEWATCH_SKIP_PACKAGE_MACOS=1 npm run validate:packaged-bundled-runtime:reuse-artifact --silent
Reused packaged artifact is not bundled-runtime aware. Rebuild first:
  npm run package:macos
(required for node-free PATH validation in bundled-runtime check)
+ status=1

>>> [dmg_install] 2026-02-27 23:32:24 EST
IDLEWATCH_DRY_RUN_TIMEOUT_MS=90000 npm run validate:dmg-install --silent
Attempt 1/3: validating DMG-installed launcher dry-run with IDLEWATCH_OPENCLAW_USAGE=auto timeout=90000ms
dry-run schema ok (/var/folders/hf/pkxphygd3qj854m7t2fvzvkw0000gn/T/idlewatch-apps.XXXXXX.RlCfZ5WGVH/IdleWatch.app/Contents/MacOS/IdleWatch --dry-run --once)
dmg install validation ok (/Users/luismantilla/.openclaw/workspace/idlewatch-skill/dist/IdleWatch-0.1.0-unsigned.dmg)
+ status=0

>>> [dmg_checksum] 2026-02-27 23:33:29 EST
npm run validate:dmg-checksum --silent
DMG checksum OK: /Users/luismantilla/.openclaw/workspace/idlewatch-skill/dist/IdleWatch-0.1.0-unsigned.dmg
+ status=0

>>> [emulator_mode] 2026-02-27 23:33:32 EST
npm run validate:firebase-emulator-mode --silent
idlewatch-agent dry-run host=c6:59:39:7c:c3:02 intervalMs=10000 firebase=true localLog=/Users/luismantilla/.openclaw/workspace/idlewatch-skill/logs/c6_59_39_7c_c3_02-metrics.ndjson
{"host":"c6:59:39:7c:c3:02","ts":1772253213032,"cpuPct":11.54,"memPct":81.59,"memUsedPct":81.59,"memPressurePct":27,"memPressureClass":"normal","gpuPct":0,"gpuSource":"ioreg-agx","gpuConfidence":"high","gpuSampleWindowMs":null,"tokensPerMin":null,"openclawModel":null,"openclawTotalTokens":null,"openclawSessionId":null,"openclawAgentId":null,"openclawUsageTs":null,"openclawUsageAgeMs":null,"source":{"usage":"disabled","usageIntegrationStatus":"disabled","usageIngestionStatus":"disabled","usageActivityStatus":"disabled","usageProbeResult":"disabled","usageProbeAttempts":0,"usageProbeSweeps":0,"usageProbeTimeoutMs":2500,"usageProbeRetries":1,"usageProbeError":null,"usageProbeDurationMs":null,"usageUsedFallbackCache":false,"usageFallbackCacheAgeMs":null,"usageFallbackCacheSource":null,"usageFreshnessState":"disabled","usageNearStale":false,"usagePastStaleThreshold":false,"usageRefreshAttempted":false,"usageRefreshRecovered":false,"usageRefreshAttempts":0,"usageRefreshReprobes":1,"usageRefreshDelayMs":250,"usageRefreshDurationMs":null,"usageRefreshOnNearStale":true,"usageIdleAfterMsThreshold":21600000,"usageIdle":false,"usageCommand":null,"usageStaleMsThreshold":60000,"usageNearStaleMsThreshold":59500,"usageStaleGraceMs":10000,"memPressureSource":"memory_pressure","usageAlertLevel":"off","usageAlertReason":"usage-disabled"},"schemaFamily":"idlewatch.openclaw.fleet","schemaVersion":"1.0.0","schemaCompat":["0.x-flat-row"],"fleet":{"host":"c6:59:39:7c:c3:02","collectedAtMs":1772253213032,"resources":{"cpuPct":11.54,"memUsedPct":81.59,"memPressurePct":27,"memPressureClass":"normal"},"usage":{"model":null,"totalTokens":null,"tokensPerMin":null,"sessionId":null,"agentId":null,"usageTimestampMs":null,"usageAgeMs":null,"freshnessState":"disabled","integrationStatus":"disabled","ingestionStatus":"disabled","activityStatus":"disabled","alertLevel":"off","alertReason":"usage-disabled"},"provenance":{"collector":"idlewatch-agent","collectorVersion":"0.1.0","usageSource":"disabled","usageCommand":null,"usageProbeResult":"disabled","usageProbeAttempts":0,"usageUsedFallbackCache":false,"usageFallbackCacheSource":null}}}
+ status=0

>>> [trusted_prereqs] 2026-02-27 23:33:33 EST
npm run validate:trusted-prereqs --silent
Missing MACOS_CODESIGN_IDENTITY. Example: Developer ID Application: Your Name (TEAMID)
+ status=1

>>> [firebase_write_once] 2026-02-27 23:33:33 EST
npm run validate:firebase-write-required-once --silent
Firebase is not configured. Running in local-only mode (stdout logging only). Set FIREBASE_PROJECT_ID + FIREBASE_SERVICE_ACCOUNT_FILE (preferred, or FIREBASE_SERVICE_ACCOUNT_JSON / FIREBASE_SERVICE_ACCOUNT_B64), or use FIREBASE_PROJECT_ID + FIRESTORE_EMULATOR_HOST for emulator writes.
IDLEWATCH_REQUIRE_FIREBASE_WRITES=1 requires Firebase to be configured. Set FIREBASE_PROJECT_ID with service-account creds (or FIRESTORE_EMULATOR_HOST for emulator mode).
+ status=1

Retry pass noted for artifacts: 
