[cycle] 2026-02-27T23:17:55Z
[test:unit]
▶ buildConfig
  ✔ returns default config with no env vars (1.90025ms)
  ✔ respects IDLEWATCH_INTERVAL_MS (1.380916ms)
  ✔ throws on invalid IDLEWATCH_INTERVAL_MS (1.895959ms)
  ✔ throws on non-numeric IDLEWATCH_INTERVAL_MS (1.44975ms)
  ✔ throws on invalid IDLEWATCH_USAGE_REFRESH_ON_NEAR_STALE (1.17325ms)
  ✔ derives stale thresholds from interval (0.544792ms)
  ✔ picks up custom host (0.438042ms)
  ✔ sanitizes host with special chars (0.4025ms)
  ✔ sets openclaw usage mode from env (0.430584ms)
  ✔ sets firebase config (0.413083ms)
✔ buildConfig (10.800709ms)
✔ parses ioreg AGX performance statistics device utilization (1.13375ms)
✔ parses ioreg IOGPU performance statistics when AGX is unavailable (0.248709ms)
✔ parses powermetrics GPU residency percent (0.095916ms)
✔ parses top grep fallback output (0.279167ms)
✔ gpu sampler captures three distinct macOS telemetry sources deterministically (0.740917ms)
✔ parseMemoryPressurePct derives pressure from free percentage output (0.660458ms)
✔ parseMemoryPressurePct supports explicit pressure output (0.138792ms)
✔ memoryPressureDarwin returns unavailable when command fails (1.449666ms)
✔ memoryPressureDarwin returns classified value when parse succeeds (0.159125ms)
✔ persists and reloads last-good usage snapshot (1.510291ms)
✔ returns null on corrupt cache payload (0.467334ms)
✔ accepts explicit IDLEWATCH_OPENCLAW_LAST_GOOD_MAX_AGE_MS in dry-run (77.996292ms)
✔ rejects invalid IDLEWATCH_OPENCLAW_LAST_GOOD_MAX_AGE_MS (50.27575ms)
✔ accepts explicit IDLEWATCH_OPENCLAW_PROBE_RETRIES in dry-run (69.483791ms)
✔ rejects invalid IDLEWATCH_OPENCLAW_PROBE_RETRIES (49.857417ms)
✔ accepts explicit IDLEWATCH_USAGE_REFRESH_REPROBES in dry-run (67.92675ms)
✔ rejects invalid IDLEWATCH_USAGE_REFRESH_REPROBES (47.30725ms)
✔ accepts explicit IDLEWATCH_USAGE_REFRESH_DELAY_MS in dry-run (66.950042ms)
✔ rejects invalid IDLEWATCH_USAGE_REFRESH_DELAY_MS (48.071875ms)
✔ accepts Firestore emulator mode without service account credentials (88.276083ms)
✔ rejects emulator mode when FIREBASE_PROJECT_ID is missing (48.085625ms)
✔ rejects required Firebase writes when Firebase is not configured (46.721166ms)
✔ accepts required Firebase writes config in emulator mode (dry-run) (78.987875ms)
✔ accepts FIREBASE_SERVICE_ACCOUNT_FILE credentials (80.362084ms)
✔ accepts OpenClaw JSON from stderr payload on non-zero-exit command (665.499875ms)
✔ accepts legacy IDLEWATCH_OPENCLAW_BIN_HINT as explicit binary path in strict mode (582.604834ms)
✔ parses openclaw status --json output and chooses best recent session (3.381875ms)
✔ parses noisy openclaw output and alternate sessions key names (0.545375ms)
✔ ignores non-usage JSON noise and parses later status payload (0.518583ms)
✔ parses generic usage payloads (0.686459ms)
✔ supports model_name in generic usage payloads (0.358083ms)
✔ prefers most recent candidate when scores tie (0.474875ms)
✔ prefers most recent candidate when timestamps are ISO strings (0.391167ms)
✔ parses latest candidate when timestamp fields are strings (0.329375ms)
✔ prefers richer generic usage candidate when status candidate is partial (0.298042ms)
✔ parses status wrapper payloads under status.current (0.3395ms)
✔ returns null for invalid payload (0.06425ms)
✔ parses status payloads with stringified numeric fields and stale token marker fallback (0.3805ms)
✔ converts epoch-seconds usage timestamps to milliseconds (0.269667ms)
✔ parses stats payloads with nested usage totals (0.224417ms)
✔ parses stats payloads nested under data wrapper (0.2855ms)
✔ parses nested stats current.session wrapper payloads (0.259375ms)
✔ parses status.stats.current.sessions as array (0.228208ms)
✔ parses session array payload with model in defaultModel field (0.2135ms)
✔ supports model_name alias in status sessions payload (0.221792ms)
✔ supports string snake-case total_tokens in sessions array payloads (0.232041ms)
✔ parses status payload with nested sessions object and totals in totals.nested field (0.235542ms)
✔ parses status.current.stats.stats-in-legacy-shape payload (0.329708ms)
✔ parses wrapped status payload with direct session array and nested usage totals (0.300125ms)
✔ parses payloads wrapped under data.result with current session aliases (0.272792ms)
✔ parses status payload where sessions is an object map keyed by session id (0.675083ms)
✔ selects active session from result.session payload shape (0.299791ms)
✔ ignores metadata defaults key in session maps and still selects most recent real session (0.232333ms)
✔ parses data.current stats wrapper payloads (0.249083ms)
✔ parses payload wrapper stats payloads (0.249625ms)
✔ parses snake_case current_session payload aliases under status wrapper (0.275041ms)
✔ uses top-level default model when no sessions are available (0.066ms)
✔ parses stderr payload even when command exits non-zero (0.069958ms)
✔ ignores ANSI escape noise and parses JSON session payload (0.318292ms)
✔ chooses strongest usage payload when earlier JSON is metadata-only (0.214667ms)
✔ strips complex ANSI cursor/control codes and parses JSON session payload (0.179708ms)
✔ strips control characters (backspace/ctrl) before parsing JSON (0.18875ms)
✔ strips OSC/title control sequences before parsing JSON (0.195167ms)
✔ strips DCS control sequences before parsing JSON (0.359333ms)
✔ strips mixed terminal noise sequences together (0.190459ms)
✔ parses stats payload with nested current object under status.stats (0.199417ms)
✔ parses usage timestamp aliases in snake_case ms fields (0.217ms)
✔ enriches legacy sample with fleet schema envelope while preserving legacy fields (1.508959ms)
✔ fixture sample remains aligned with schema metadata (0.549042ms)
✔ returns critical when ingestion is unavailable (1.265875ms)
✔ returns warning when activity is stale (0.060375ms)
✔ prioritizes stale-threshold warning over stale refresh-no-new-noise (0.047084ms)
✔ keeps stale-no-new-usage notice when explicitly forced despite not being past threshold (0.043167ms)
✔ returns warning when past stale threshold in grace window (0.044958ms)
✔ returns notice when near stale (0.039541ms)
✔ returns off when usage is disabled (0.039458ms)
✔ returns ok when usage is healthy (0.036792ms)
✔ downgrades stale to idle notice when usage age exceeds idle threshold (0.05675ms)
✔ does not emit idle notice when ingestion is unavailable (0.089333ms)
✔ deriveUsageFreshness marks stale only when age is strictly above threshold (0.642625ms)
✔ deriveUsageFreshness handles invalid or future timestamps safely (0.604583ms)
✔ deriveUsageFreshness disables stale classification for invalid thresholds (0.05175ms)
✔ deriveUsageFreshness applies grace window before stale classification (0.051958ms)
✔ validate dry-run schema passes with OpenClaw usage disabled (120.32025ms)
✔ validate dry-run schema accepts noisy multiline JSON rows (88.845625ms)
ℹ tests 95
ℹ suites 1
ℹ pass 95
ℹ fail 0
ℹ cancelled 0
ℹ skipped 0
ℹ todo 0
ℹ duration_ms 2147.87975
[validate:usage-freshness-e2e]
usage-freshness-e2e: ok (fresh -> aging -> post-threshold-in-grace -> stale)
[validate:usage-alert-rate-e2e]
usage-alert-rate-e2e: ok (typical cadence stays ok; boundary states escalate notice -> warning -> warning)
[validate:openclaw-release-gates]
validate-openclaw-usage-health: ok (openclaw usage source required and healthy)
validate-openclaw-stats-ingestion: ok (stats-only command path parsed and ingested across multiple payload shapes)
validate-openclaw-cache-recovery-e2e: ok (fallback-cache sample recovered via forced reprobe)
validate-openclaw-release-gates: ok (host OpenClaw checks for usage-health, stats fallback, and stale-cache recovery)
[validate:packaged-openclaw-release-gates:reuse-artifact]
dry-run schema ok (./dist/IdleWatch.app/Contents/MacOS/IdleWatch --dry-run)
validate-packaged-openclaw-stats-ingestion: ok (packaged app parses stats fallback across payload shapes)
validate-packaged-openclaw-cache-recovery-e2e: ok (packaged stale cache recovers through reprobe attempts)
validate-packaged-openclaw-release-gates: ok (release artifact validates OpenClaw health, stats fallback, and cache recovery)
[validate:packaged-dry-run-schema:reuse-artifact]
dry-run schema ok (./dist/IdleWatch.app/Contents/MacOS/IdleWatch --dry-run)
[validate:packaged-metadata]
packaging metadata ok for IdleWatch.app 0.1.0
packaging metadata validation ok
[validate:packaged-bundled-runtime]
Packaging IdleWatch.app with bundled runtime: /opt/homebrew
MACOS_CODESIGN_IDENTITY not set; leaving app unsigned.
Mac app scaffold package complete.
Next steps:
  1) Test: ./dist/IdleWatch.app/Contents/MacOS/IdleWatch --dry-run
  2) Build DMG: ./scripts/build-dmg.sh
  3) Optional bundle runtime for node-less targets: export IDLEWATCH_NODE_RUNTIME_DIR="/path/to/node-runtime"
  4) Optional signing: export MACOS_CODESIGN_IDENTITY="Developer ID Application: ..." then rerun package-macos
  5) Optional notarize+staple DMG: set MACOS_NOTARY_PROFILE and rerun build-dmg
  6) Enforce trusted artifacts: export IDLEWATCH_REQUIRE_TRUSTED_DISTRIBUTION=1
packaging metadata ok for IdleWatch.app 0.1.0
packaging metadata validation ok
Attempt 1/3: validating packaged launcher dry-run with IDLEWATCH_OPENCLAW_USAGE=auto timeout=90000ms
dry-run schema ok (/Users/luismantilla/.openclaw/workspace/idlewatch-skill/dist/IdleWatch.app/Contents/MacOS/IdleWatch --dry-run --once)
bundled runtime validation ok
validated launcher dry-run under restricted PATH in 90000ms baseline (+10000ms retry increments, up to 3 attempts)
[validate:dmg-install]
Attempt 1/3: validating DMG-installed launcher dry-run with IDLEWATCH_OPENCLAW_USAGE=auto timeout=90000ms
dry-run schema ok (/var/folders/hf/pkxphygd3qj854m7t2fvzvkw0000gn/T/idlewatch-apps.XXXXXX.Okzvu3V3eL/IdleWatch.app/Contents/MacOS/IdleWatch --dry-run --once)
dmg install validation ok (/Users/luismantilla/.openclaw/workspace/idlewatch-skill/dist/IdleWatch-0.1.0-unsigned.dmg)
[validate:dmg-checksum]
DMG checksum OK: /Users/luismantilla/.openclaw/workspace/idlewatch-skill/dist/IdleWatch-0.1.0-unsigned.dmg
[validate:firebase-emulator-mode]
idlewatch-agent dry-run host=c6:59:39:7c:c3:02 intervalMs=10000 firebase=true localLog=/Users/luismantilla/.openclaw/workspace/idlewatch-skill/logs/c6_59_39_7c_c3_02-metrics.ndjson
{"host":"c6:59:39:7c:c3:02","ts":1772234465116,"cpuPct":4.35,"memPct":86.68,"memUsedPct":86.68,"memPressurePct":28,"memPressureClass":"normal","gpuPct":31,"gpuSource":"ioreg-agx","gpuConfidence":"high","gpuSampleWindowMs":null,"tokensPerMin":null,"openclawModel":null,"openclawTotalTokens":null,"openclawSessionId":null,"openclawAgentId":null,"openclawUsageTs":null,"openclawUsageAgeMs":null,"source":{"usage":"disabled","usageIntegrationStatus":"disabled","usageIngestionStatus":"disabled","usageActivityStatus":"disabled","usageProbeResult":"disabled","usageProbeAttempts":0,"usageProbeSweeps":0,"usageProbeTimeoutMs":2500,"usageProbeRetries":1,"usageProbeError":null,"usageProbeDurationMs":null,"usageUsedFallbackCache":false,"usageFallbackCacheAgeMs":null,"usageFallbackCacheSource":null,"usageFreshnessState":"disabled","usageNearStale":false,"usagePastStaleThreshold":false,"usageRefreshAttempted":false,"usageRefreshRecovered":false,"usageRefreshAttempts":0,"usageRefreshReprobes":1,"usageRefreshDelayMs":250,"usageRefreshDurationMs":null,"usageRefreshOnNearStale":true,"usageIdleAfterMsThreshold":21600000,"usageIdle":false,"usageCommand":null,"usageStaleMsThreshold":60000,"usageNearStaleMsThreshold":59500,"usageStaleGraceMs":10000,"memPressureSource":"memory_pressure","usageAlertLevel":"off","usageAlertReason":"usage-disabled"},"schemaFamily":"idlewatch.openclaw.fleet","schemaVersion":"1.0.0","schemaCompat":["0.x-flat-row"],"fleet":{"host":"c6:59:39:7c:c3:02","collectedAtMs":1772234465116,"resources":{"cpuPct":4.35,"memUsedPct":86.68,"memPressurePct":28,"memPressureClass":"normal"},"usage":{"model":null,"totalTokens":null,"tokensPerMin":null,"sessionId":null,"agentId":null,"usageTimestampMs":null,"usageAgeMs":null,"freshnessState":"disabled","integrationStatus":"disabled","ingestionStatus":"disabled","activityStatus":"disabled","alertLevel":"off","alertReason":"usage-disabled"},"provenance":{"collector":"idlewatch-agent","collectorVersion":"0.1.0","usageSource":"disabled","usageCommand":null,"usageProbeResult":"disabled","usageProbeAttempts":0,"usageUsedFallbackCache":false,"usageFallbackCacheSource":null}}}
[validate:firebase-write-required-once]
Firebase is not configured. Running in local-only mode (stdout logging only). Set FIREBASE_PROJECT_ID + FIREBASE_SERVICE_ACCOUNT_FILE (preferred, or FIREBASE_SERVICE_ACCOUNT_JSON / FIREBASE_SERVICE_ACCOUNT_B64), or use FIREBASE_PROJECT_ID + FIRESTORE_EMULATOR_HOST for emulator writes.
IDLEWATCH_REQUIRE_FIREBASE_WRITES=1 requires Firebase to be configured. Set FIREBASE_PROJECT_ID with service-account creds (or FIRESTORE_EMULATOR_HOST for emulator mode).
