
===== CMD: IDLEWATCH_REQUIRE_SOURCE_DIRTY_MATCH=0 npm run validate:packaged-openclaw-release-gates:reuse-artifact --silent =====
packaged artifact reusable validation ok
artifact: /Users/luismantilla/.openclaw/workspace/idlewatch-skill/dist/IdleWatch.app/Contents/MacOS/IdleWatch
artifact version: 0.1.0
dry-run schema ok (./dist/IdleWatch.app/Contents/MacOS/IdleWatch --dry-run)
validate-packaged-openclaw-stats-ingestion: ok (packaged app parses stats fallback across payload shapes)
validate-packaged-openclaw-cache-recovery-e2e: ok (packaged stale cache recovers through reprobe attempts)
validate-packaged-openclaw-release-gates: ok (release artifact validates OpenClaw health, stats fallback, and cache recovery)
RESULT:0

===== CMD: IDLEWATCH_REQUIRE_SOURCE_DIRTY_MATCH=0 npm run validate:packaged-openclaw-stats-ingestion:reuse-artifact --silent =====
packaged artifact reusable validation ok
artifact: /Users/luismantilla/.openclaw/workspace/idlewatch-skill/dist/IdleWatch.app/Contents/MacOS/IdleWatch
artifact version: 0.1.0
validate-packaged-openclaw-stats-ingestion: ok (packaged app parses stats fallback across payload shapes)
RESULT:0

===== CMD: IDLEWATCH_REQUIRE_SOURCE_DIRTY_MATCH=0 npm run validate:packaged-openclaw-robustness:reuse-artifact --silent =====
packaged artifact reusable validation ok
artifact: /Users/luismantilla/.openclaw/workspace/idlewatch-skill/dist/IdleWatch.app/Contents/MacOS/IdleWatch
artifact version: 0.1.0
dry-run schema ok (./dist/IdleWatch.app/Contents/MacOS/IdleWatch --dry-run)
validate-packaged-usage-alert-rate-e2e: ok (packaged launcher alert-level transitions remain aligned)
packaged-usage-probe-noise-e2e: ok (non-zero exit with valid JSON still ingested)
dry-run schema ok (./dist/IdleWatch.app/Contents/MacOS/IdleWatch --dry-run)
validate-packaged-openclaw-stats-ingestion: ok (packaged app parses stats fallback across payload shapes)
validate-packaged-openclaw-cache-recovery-e2e: ok (packaged stale cache recovers through reprobe attempts)
validate-packaged-openclaw-release-gates: ok (release artifact validates OpenClaw health, stats fallback, and cache recovery)
RESULT:0

===== CMD: IDLEWATCH_REQUIRE_SOURCE_DIRTY_MATCH=0 npm run validate:packaged-bundled-runtime:reuse-artifact --silent =====
Non-bundled artifact detected in reuse mode; running launchability fallback (recommended for non-deterministic reuse checks).
This keeps non-bundled artifacts supportable while still validating launcher startup semantics.
Set IDLEWATCH_BUNDLED_RUNTIME_REQUIRED=1 to enforce strict node-free validation.
packaged artifact reusable validation ok
artifact: /Users/luismantilla/.openclaw/workspace/idlewatch-skill/dist/IdleWatch.app/Contents/MacOS/IdleWatch
artifact version: 0.1.0
Using existing packaged app at: /Users/luismantilla/.openclaw/workspace/idlewatch-skill/dist/IdleWatch.app/Contents/MacOS/IdleWatch
packaging metadata ok for IdleWatch.app 0.1.0
source commit: 8fcb5896aafbefa6e677b772cc3c69acb7a0d2f1
packaging metadata validation ok
Node is available in restricted PATH; still validating with PATH=/usr/bin:/bin to keep behavior deterministic.
Attempt 1/3: validating packaged launcher dry-run with IDLEWATCH_OPENCLAW_USAGE=auto timeout=90000ms
Attempt 1 failed for IDLEWATCH_OPENCLAW_USAGE=auto with PATH=/usr/bin:/bin. Last output:
dry-run exited with non-zero status 1; validating captured output anyway
dry-run schema validation failed: No telemetry JSON row found in dry-run output
Attempt 2/3: validating packaged launcher dry-run with IDLEWATCH_OPENCLAW_USAGE=auto timeout=100000ms
Attempt 2 failed for IDLEWATCH_OPENCLAW_USAGE=auto with PATH=/usr/bin:/bin. Last output:
dry-run exited with non-zero status 1; validating captured output anyway
dry-run schema validation failed: No telemetry JSON row found in dry-run output
Attempt 3/3: validating packaged launcher dry-run with IDLEWATCH_OPENCLAW_USAGE=auto timeout=110000ms
Attempt 3 failed for IDLEWATCH_OPENCLAW_USAGE=auto with PATH=/usr/bin:/bin. Last output:
dry-run exited with non-zero status 1; validating captured output anyway
dry-run schema validation failed: No telemetry JSON row found in dry-run output
Attempt 1/3: validating packaged launcher dry-run with IDLEWATCH_OPENCLAW_USAGE=off timeout=90000ms
Attempt 1 failed for IDLEWATCH_OPENCLAW_USAGE=off with PATH=/usr/bin:/bin. Last output:
dry-run exited with non-zero status 1; validating captured output anyway
dry-run schema validation failed: No telemetry JSON row found in dry-run output
Attempt 2/3: validating packaged launcher dry-run with IDLEWATCH_OPENCLAW_USAGE=off timeout=100000ms
Attempt 2 failed for IDLEWATCH_OPENCLAW_USAGE=off with PATH=/usr/bin:/bin. Last output:
dry-run exited with non-zero status 1; validating captured output anyway
dry-run schema validation failed: No telemetry JSON row found in dry-run output
Attempt 3/3: validating packaged launcher dry-run with IDLEWATCH_OPENCLAW_USAGE=off timeout=110000ms
Attempt 3 failed for IDLEWATCH_OPENCLAW_USAGE=off with PATH=/usr/bin:/bin. Last output:
dry-run exited with non-zero status 1; validating captured output anyway
dry-run schema validation failed: No telemetry JSON row found in dry-run output
bundled runtime validation failed for both OpenClaw-enabled and OpenClaw-disabled dry-runs
RESULT:1

===== CMD: IDLEWATCH_REQUIRE_SOURCE_DIRTY_MATCH=0 IDLEWATCH_DRY_RUN_TIMEOUT_MS=90000 npm run validate:dmg-install --silent =====
packaged artifact reusable validation ok
artifact: /Volumes/IdleWatch/IdleWatch.app/Contents/MacOS/IdleWatch
artifact version: 0.1.0
Attempt 1/3: validating DMG-installed launcher dry-run with IDLEWATCH_OPENCLAW_USAGE=auto timeout=90000ms
dry-run schema ok (/var/folders/hf/pkxphygd3qj854m7t2fvzvkw0000gn/T/idlewatch-apps.XXXXXX.FVazmkXHLI/IdleWatch.app/Contents/MacOS/IdleWatch --dry-run --once)
dmg install validation ok (/Users/luismantilla/.openclaw/workspace/idlewatch-skill/dist/IdleWatch-0.1.0-unsigned.dmg)
RESULT:0
