QA cycle 2026-02-28 05:14:10
▶ buildConfig
  ✔ returns default config with no env vars (1.862625ms)
  ✔ respects IDLEWATCH_INTERVAL_MS (0.603667ms)
  ✔ throws on invalid IDLEWATCH_INTERVAL_MS (1.247417ms)
  ✔ throws on non-numeric IDLEWATCH_INTERVAL_MS (1.661ms)
  ✔ throws on invalid IDLEWATCH_USAGE_REFRESH_ON_NEAR_STALE (0.58075ms)
  ✔ derives stale thresholds from interval (0.453792ms)
  ✔ picks up custom host (0.397166ms)
  ✔ sanitizes host with special chars (0.36675ms)
  ✔ sets openclaw usage mode from env (0.40325ms)
  ✔ sets firebase config (0.405375ms)
✔ buildConfig (8.682375ms)
✔ parses ioreg AGX performance statistics device utilization (0.993459ms)
✔ parses ioreg IOGPU performance statistics when AGX is unavailable (0.261416ms)
✔ parses powermetrics GPU residency percent (0.080833ms)
✔ parses top grep fallback output (0.232125ms)
✔ gpu sampler captures three distinct macOS telemetry sources deterministically (0.701417ms)
✔ parseMemoryPressurePct derives pressure from free percentage output (0.648083ms)
✔ parseMemoryPressurePct supports explicit pressure output (0.103125ms)
✔ memoryPressureDarwin returns unavailable when command fails (0.615708ms)
✔ memoryPressureDarwin returns classified value when parse succeeds (0.059959ms)
✔ persists and reloads last-good usage snapshot (1.58025ms)
✔ returns null on corrupt cache payload (0.463583ms)
✔ accepts explicit IDLEWATCH_OPENCLAW_LAST_GOOD_MAX_AGE_MS in dry-run (80.721334ms)
✔ rejects invalid IDLEWATCH_OPENCLAW_LAST_GOOD_MAX_AGE_MS (51.872625ms)
✔ accepts explicit IDLEWATCH_OPENCLAW_PROBE_RETRIES in dry-run (76.674708ms)
✔ rejects invalid IDLEWATCH_OPENCLAW_PROBE_RETRIES (51.351709ms)
✔ accepts explicit IDLEWATCH_USAGE_REFRESH_REPROBES in dry-run (72.054834ms)
✔ rejects invalid IDLEWATCH_USAGE_REFRESH_REPROBES (50.8375ms)
✔ accepts explicit IDLEWATCH_USAGE_REFRESH_DELAY_MS in dry-run (73.340667ms)
✔ rejects invalid IDLEWATCH_USAGE_REFRESH_DELAY_MS (51.676666ms)
✔ accepts Firestore emulator mode without service account credentials (92.707916ms)
✔ rejects emulator mode when FIREBASE_PROJECT_ID is missing (50.162416ms)
✔ rejects required Firebase writes when Firebase is not configured (53.501667ms)
✔ accepts required Firebase writes config in emulator mode (dry-run) (84.615459ms)
✔ accepts FIREBASE_SERVICE_ACCOUNT_FILE credentials (92.881709ms)
✔ accepts OpenClaw JSON from stderr payload on non-zero-exit command (579.003417ms)
✔ accepts legacy IDLEWATCH_OPENCLAW_BIN_HINT as explicit binary path in strict mode (570.727709ms)
✔ parses openclaw status --json output and chooses best recent session (2.756958ms)
✔ parses noisy openclaw output and alternate sessions key names (0.424791ms)
✔ ignores non-usage JSON noise and parses later status payload (0.45525ms)
✔ parses generic usage payloads (0.701ms)
✔ supports model_name in generic usage payloads (0.340958ms)
✔ prefers most recent candidate when scores tie (0.359709ms)
✔ prefers most recent candidate when timestamps are ISO strings (0.362958ms)
✔ parses latest candidate when timestamp fields are strings (0.297292ms)
✔ prefers richer generic usage candidate when status candidate is partial (0.3525ms)
✔ parses status wrapper payloads under status.current (0.482083ms)
✔ returns null for invalid payload (0.063375ms)
✔ parses status payloads with stringified numeric fields and stale token marker fallback (0.412458ms)
✔ converts epoch-seconds usage timestamps to milliseconds (0.254875ms)
✔ parses stats payloads with nested usage totals (0.2105ms)
✔ parses stats payloads nested under data wrapper (0.245458ms)
✔ parses nested stats current.session wrapper payloads (0.235917ms)
✔ parses status.stats.current.sessions as array (0.21175ms)
✔ parses session array payload with model in defaultModel field (0.216208ms)
✔ supports model_name alias in status sessions payload (0.210667ms)
✔ supports string snake-case total_tokens in sessions array payloads (0.274625ms)
✔ parses status payload with nested sessions object and totals in totals.nested field (0.262958ms)
✔ parses status.current.stats.stats-in-legacy-shape payload (0.306833ms)
✔ parses wrapped status payload with direct session array and nested usage totals (0.301125ms)
✔ parses payloads wrapped under data.result with current session aliases (0.672875ms)
✔ parses status payload where sessions is an object map keyed by session id (0.327ms)
✔ selects active session from result.session payload shape (0.243875ms)
✔ ignores metadata defaults key in session maps and still selects most recent real session (0.188834ms)
✔ parses data.current stats wrapper payloads (0.23775ms)
✔ parses payload wrapper stats payloads (0.23775ms)
✔ parses snake_case current_session payload aliases under status wrapper (0.249625ms)
✔ uses top-level default model when no sessions are available (0.065ms)
✔ parses stderr payload even when command exits non-zero (0.072875ms)
✔ ignores ANSI escape noise and parses JSON session payload (0.309792ms)
✔ chooses strongest usage payload when earlier JSON is metadata-only (0.244084ms)
✔ strips complex ANSI cursor/control codes and parses JSON session payload (0.234875ms)
✔ strips control characters (backspace/ctrl) before parsing JSON (0.206375ms)
✔ strips OSC/title control sequences before parsing JSON (0.194709ms)
✔ strips DCS control sequences before parsing JSON (0.200417ms)
✔ strips mixed terminal noise sequences together (0.190541ms)
✔ parses stats payload with nested current object under status.stats (0.196666ms)
✔ parses usage timestamp aliases in snake_case ms fields (0.235291ms)
✔ parses usage timestamp aliases in usage_timestamp_ms fields (0.260041ms)
✔ parses usage_time timestamp alias in generic payloads (0.070708ms)
✔ parses usage timestamp aliases in updated_at_ms fields (0.245042ms)
✔ enriches legacy sample with fleet schema envelope while preserving legacy fields (2.0705ms)
✔ fixture sample remains aligned with schema metadata (0.53025ms)
✔ extractJsonCandidates finds last JSON object in noisy multiline output (1.351333ms)
✔ extractJsonCandidates handles nested arrays and trailing text (0.10125ms)
✔ readTelemetryJsonRow prefers the last valid JSON candidate (0.074291ms)
✔ stripControlNoise removes ANSI control sequences that can break parser (0.065458ms)
✔ returns critical when ingestion is unavailable (1.246791ms)
✔ returns warning when activity is stale (0.058042ms)
✔ prioritizes stale-threshold warning over stale refresh-no-new-noise (0.046875ms)
✔ keeps stale-no-new-usage notice when explicitly forced despite not being past threshold (0.048167ms)
✔ returns warning when past stale threshold in grace window (0.044542ms)
✔ returns notice when near stale (0.037708ms)
✔ returns off when usage is disabled (0.038042ms)
✔ returns ok when usage is healthy (0.036792ms)
✔ downgrades stale to idle notice when usage age exceeds idle threshold (0.056041ms)
✔ does not emit idle notice when ingestion is unavailable (0.079459ms)
✔ deriveUsageFreshness marks stale only when age is strictly above threshold (0.652ms)
✔ deriveUsageFreshness handles invalid or future timestamps safely (0.605917ms)
✔ deriveUsageFreshness disables stale classification for invalid thresholds (0.230833ms)
✔ deriveUsageFreshness applies grace window before stale classification (0.122167ms)
✔ validate dry-run schema passes with OpenClaw usage disabled (129.962458ms)
✔ validate dry-run schema accepts noisy multiline JSON rows (92.636459ms)
ℹ tests 102
ℹ suites 1
ℹ pass 102
ℹ fail 0
ℹ cancelled 0
ℹ skipped 0
ℹ todo 0
ℹ duration_ms 2113.906167
usage-freshness-e2e: ok (fresh -> aging -> post-threshold-in-grace -> stale)
usage-alert-rate-e2e: ok (typical cadence stays ok; boundary states escalate notice -> warning -> warning)
validate-openclaw-usage-health: ok (openclaw usage source required and healthy)
validate-openclaw-stats-ingestion: ok (stats-only command path parsed and ingested across multiple payload shapes)
validate-openclaw-cache-recovery-e2e: ok (fallback-cache sample recovered via forced reprobe)
validate-openclaw-release-gates: ok (host OpenClaw checks for usage-health, stats fallback, and stale-cache recovery)
Reused packaged artifact is stale for this workspace revision.
Current commit : e7f4de7564cefa590d96e34c43ff0f8c08b8961d
Packaged commit: b73aa1808e7fa7ae91cfb5c56016ed4730b51b79
Rebuild artifact first:
  npm run package:macos
Packaged artifact is stale and does not match current git revision.

> idlewatch-skill@0.1.0 validate:packaged-openclaw-stats-ingestion:reuse-artifact
> npm run validate:packaged-artifact --silent && IDLEWATCH_SKIP_PACKAGE_MACOS=1 npm run validate:packaged-openclaw-stats-ingestion --silent

Reused packaged artifact is stale for this workspace revision.
Current commit : e7f4de7564cefa590d96e34c43ff0f8c08b8961d
Packaged commit: b73aa1808e7fa7ae91cfb5c56016ed4730b51b79
Rebuild artifact first:
  npm run package:macos
Packaged artifact is stale and does not match current git revision.

> idlewatch-skill@0.1.0 validate:packaged-openclaw-robustness:reuse-artifact
> npm run validate:packaged-artifact --silent && IDLEWATCH_SKIP_PACKAGE_MACOS=1 npm run validate:packaged-usage-age-slo --silent && IDLEWATCH_SKIP_PACKAGE_MACOS=1 npm run validate:packaged-usage-alert-rate-e2e --silent && IDLEWATCH_SKIP_PACKAGE_MACOS=1 npm run validate:packaged-usage-probe-noise-e2e --silent && IDLEWATCH_SKIP_PACKAGE_MACOS=1 npm run validate:packaged-openclaw-release-gates --silent

Reused packaged artifact is stale for this workspace revision.
Current commit : e7f4de7564cefa590d96e34c43ff0f8c08b8961d
Packaged commit: b73aa1808e7fa7ae91cfb5c56016ed4730b51b79
Rebuild artifact first:
  npm run package:macos
Packaged artifact is stale and does not match current git revision.

> idlewatch-skill@0.1.0 validate:packaged-dry-run-schema:reuse-artifact
> npm run validate:packaged-artifact --silent && IDLEWATCH_SKIP_PACKAGE_MACOS=1 npm run validate:packaged-dry-run-schema --silent

Reused packaged artifact is stale for this workspace revision.
Current commit : e7f4de7564cefa590d96e34c43ff0f8c08b8961d
Packaged commit: b73aa1808e7fa7ae91cfb5c56016ed4730b51b79
Rebuild artifact first:
  npm run package:macos
Packaged artifact is stale and does not match current git revision.

> idlewatch-skill@0.1.0 validate:packaged-metadata
> ./scripts/validate-packaged-metadata.sh

packaging metadata ok for IdleWatch.app 0.1.0
source commit: b73aa1808e7fa7ae91cfb5c56016ed4730b51b79 (dirty)
packaging metadata validation ok

> idlewatch-skill@0.1.0 validate:packaged-bundled-runtime
> ./scripts/validate-packaged-bundled-runtime.sh

Packaging IdleWatch.app with bundled runtime: /opt/homebrew
MACOS_CODESIGN_IDENTITY not set; leaving app unsigned.
Mac app scaffold package complete.
Next steps:
  1) Test: ./dist/IdleWatch.app/Contents/MacOS/IdleWatch --dry-run
  2) Build DMG: ./scripts/build-dmg.sh
  3) Optional bundle runtime for node-less targets: export IDLEWATCH_NODE_RUNTIME_DIR="/path/to/node-runtime"
  4) Optional signing: export MACOS_CODESIGN_IDENTITY="Developer ID Application: ..." then rerun package-macos
  5) Optional notarize+staple DMG: set MACOS_NOTARY_PROFILE and rerun build-dmg
  6) Enforce trusted artifacts: export IDLEWATCH_REQUIRE_TRUSTED_DISTRIBUTION=1
packaging metadata ok for IdleWatch.app 0.1.0
source commit: e7f4de7564cefa590d96e34c43ff0f8c08b8961d
packaging metadata validation ok
Running strict path-scrubbed launchability validation using PATH=/usr/bin:/bin
Attempt 1/3: validating packaged launcher dry-run with IDLEWATCH_OPENCLAW_USAGE=auto timeout=90000ms
dry-run schema ok (/Users/luismantilla/.openclaw/workspace/idlewatch-skill/dist/IdleWatch.app/Contents/MacOS/IdleWatch --dry-run --once)
bundled runtime validation ok
validated launcher dry-run under restricted PATH in 90000ms baseline (+10000ms retry increments, up to 3 attempts)
packaged artifact reusable validation ok
artifact: /Users/luismantilla/.openclaw/workspace/idlewatch-skill/dist/IdleWatch.app/Contents/MacOS/IdleWatch
artifact version: 0.1.0
Using existing packaged app at: /Users/luismantilla/.openclaw/workspace/idlewatch-skill/dist/IdleWatch.app/Contents/MacOS/IdleWatch
packaging metadata ok for IdleWatch.app 0.1.0
source commit: e7f4de7564cefa590d96e34c43ff0f8c08b8961d
packaging metadata validation ok
Running strict path-scrubbed launchability validation using PATH=/usr/bin:/bin
Attempt 1/3: validating packaged launcher dry-run with IDLEWATCH_OPENCLAW_USAGE=auto timeout=90000ms
dry-run schema ok (/Users/luismantilla/.openclaw/workspace/idlewatch-skill/dist/IdleWatch.app/Contents/MacOS/IdleWatch --dry-run --once)
bundled runtime validation ok
validated launcher dry-run under restricted PATH in 90000ms baseline (+10000ms retry increments, up to 3 attempts)
Reusable packaged artifact is missing sourceGitCommit provenance.
Rebuild artifact before strict commit-matching reuse checks:
  npm run package:macos
Reusable packaged artifact did not record sourceGitDirty provenance.
Rebuilt artifact is required for strict dirty-state reuse validation.
  npm run package:macos
Rebuilt artifact is required for dirty-state validation; sourceGitDirtyKnown is missing.
Mounted DMG artifact metadata/compatibility preflight failed.
DMG checksum OK: /Users/luismantilla/.openclaw/workspace/idlewatch-skill/dist/IdleWatch-0.1.0-unsigned.dmg

> idlewatch-skill@0.1.0 validate:trusted-prereqs
> ./scripts/validate-trusted-prereqs.sh

Missing MACOS_CODESIGN_IDENTITY. Example: Developer ID Application: Your Name (TEAMID)

> idlewatch-skill@0.1.0 validate:firebase-emulator-mode
> FIREBASE_PROJECT_ID=idlewatch-dev FIRESTORE_EMULATOR_HOST=127.0.0.1:8080 IDLEWATCH_OPENCLAW_USAGE=off node bin/idlewatch-agent.js --dry-run

idlewatch-agent dry-run host=c6:59:39:7c:c3:02 intervalMs=10000 firebase=true localLog=/Users/luismantilla/.openclaw/workspace/idlewatch-skill/logs/c6_59_39_7c_c3_02-metrics.ndjson
{"host":"c6:59:39:7c:c3:02","ts":1772273762138,"cpuPct":4.35,"memPct":97.88,"memUsedPct":97.88,"memPressurePct":27,"memPressureClass":"normal","gpuPct":0,"gpuSource":"ioreg-agx","gpuConfidence":"high","gpuSampleWindowMs":null,"tokensPerMin":null,"openclawModel":null,"openclawTotalTokens":null,"openclawSessionId":null,"openclawAgentId":null,"openclawUsageTs":null,"openclawUsageAgeMs":null,"source":{"usage":"disabled","usageIntegrationStatus":"disabled","usageIngestionStatus":"disabled","usageActivityStatus":"disabled","usageProbeResult":"disabled","usageProbeAttempts":0,"usageProbeSweeps":0,"usageProbeTimeoutMs":2500,"usageProbeRetries":1,"usageProbeError":null,"usageProbeDurationMs":null,"usageUsedFallbackCache":false,"usageFallbackCacheAgeMs":null,"usageFallbackCacheSource":null,"usageFreshnessState":"disabled","usageNearStale":false,"usagePastStaleThreshold":false,"usageRefreshAttempted":false,"usageRefreshRecovered":false,"usageRefreshAttempts":0,"usageRefreshReprobes":1,"usageRefreshDelayMs":250,"usageRefreshDurationMs":null,"usageRefreshOnNearStale":true,"usageIdleAfterMsThreshold":21600000,"usageIdle":false,"usageCommand":null,"usageStaleMsThreshold":60000,"usageNearStaleMsThreshold":59500,"usageStaleGraceMs":10000,"memPressureSource":"memory_pressure","usageAlertLevel":"off","usageAlertReason":"usage-disabled"},"schemaFamily":"idlewatch.openclaw.fleet","schemaVersion":"1.0.0","schemaCompat":["0.x-flat-row"],"fleet":{"host":"c6:59:39:7c:c3:02","collectedAtMs":1772273762138,"resources":{"cpuPct":4.35,"memUsedPct":97.88,"memPressurePct":27,"memPressureClass":"normal"},"usage":{"model":null,"totalTokens":null,"tokensPerMin":null,"sessionId":null,"agentId":null,"usageTimestampMs":null,"usageAgeMs":null,"freshnessState":"disabled","integrationStatus":"disabled","ingestionStatus":"disabled","activityStatus":"disabled","alertLevel":"off","alertReason":"usage-disabled"},"provenance":{"collector":"idlewatch-agent","collectorVersion":"0.1.0","usageSource":"disabled","usageCommand":null,"usageProbeResult":"disabled","usageProbeAttempts":0,"usageUsedFallbackCache":false,"usageFallbackCacheSource":null}}}

> idlewatch-skill@0.1.0 validate:firebase-write-required-once
> IDLEWATCH_REQUIRE_FIREBASE_WRITES=1 IDLEWATCH_OPENCLAW_USAGE=off node bin/idlewatch-agent.js --once

Firebase is not configured. Running in local-only mode (stdout logging only). Set FIREBASE_PROJECT_ID + FIREBASE_SERVICE_ACCOUNT_FILE (preferred, or FIREBASE_SERVICE_ACCOUNT_JSON / FIREBASE_SERVICE_ACCOUNT_B64), or use FIREBASE_PROJECT_ID + FIRESTORE_EMULATOR_HOST for emulator writes.
IDLEWATCH_REQUIRE_FIREBASE_WRITES=1 requires Firebase to be configured. Set FIREBASE_PROJECT_ID with service-account creds (or FIRESTORE_EMULATOR_HOST for emulator mode).
