
===== npm run test:unit --silent =====
▶ buildConfig
  ✔ returns default config with no env vars (3.545875ms)
  ✔ respects IDLEWATCH_INTERVAL_MS (0.644292ms)
  ✔ throws on invalid IDLEWATCH_INTERVAL_MS (1.335041ms)
  ✔ throws on non-numeric IDLEWATCH_INTERVAL_MS (0.543708ms)
  ✔ throws on invalid IDLEWATCH_USAGE_REFRESH_ON_NEAR_STALE (0.464375ms)
  ✔ derives stale thresholds from interval (0.414333ms)
  ✔ picks up custom host (0.594875ms)
  ✔ sanitizes host with special chars (0.487ms)
  ✔ sets openclaw usage mode from env (0.461458ms)
  ✔ sets firebase config (0.460375ms)
✔ buildConfig (10.087083ms)
✔ parses ioreg AGX performance statistics device utilization (1.146083ms)
✔ parses ioreg IOGPU performance statistics when AGX is unavailable (0.133917ms)
✔ parses powermetrics GPU residency percent (0.083375ms)
✔ parses top grep fallback output (0.156833ms)
✔ gpu sampler captures three distinct macOS telemetry sources deterministically (0.710917ms)
✔ parseMemoryPressurePct derives pressure from free percentage output (0.668791ms)
✔ parseMemoryPressurePct supports explicit pressure output (0.099ms)
✔ memoryPressureDarwin returns unavailable when command fails (0.608292ms)
✔ memoryPressureDarwin returns classified value when parse succeeds (0.058417ms)
✔ persists and reloads last-good usage snapshot (2.577167ms)
✔ returns null on corrupt cache payload (0.577958ms)
✔ accepts explicit IDLEWATCH_OPENCLAW_LAST_GOOD_MAX_AGE_MS in dry-run (73.602875ms)
✔ rejects invalid IDLEWATCH_OPENCLAW_LAST_GOOD_MAX_AGE_MS (50.165542ms)
✔ accepts explicit IDLEWATCH_OPENCLAW_PROBE_RETRIES in dry-run (69.7785ms)
✔ rejects invalid IDLEWATCH_OPENCLAW_PROBE_RETRIES (51.065959ms)
✔ accepts explicit IDLEWATCH_USAGE_REFRESH_REPROBES in dry-run (69.145541ms)
✔ rejects invalid IDLEWATCH_USAGE_REFRESH_REPROBES (48.098666ms)
✔ accepts explicit IDLEWATCH_USAGE_REFRESH_DELAY_MS in dry-run (68.295666ms)
✔ rejects invalid IDLEWATCH_USAGE_REFRESH_DELAY_MS (49.83075ms)
✔ accepts Firestore emulator mode without service account credentials (87.052875ms)
✔ rejects emulator mode when FIREBASE_PROJECT_ID is missing (47.94925ms)
✔ rejects required Firebase writes when Firebase is not configured (48.005459ms)
✔ accepts required Firebase writes config in emulator mode (dry-run) (79.886625ms)
✔ accepts FIREBASE_SERVICE_ACCOUNT_FILE credentials (79.667375ms)
✔ accepts OpenClaw JSON from stderr payload on non-zero-exit command (666.4995ms)
✔ accepts legacy IDLEWATCH_OPENCLAW_BIN_HINT as explicit binary path in strict mode (582.892875ms)
✔ parses openclaw status --json output and chooses best recent session (3.697709ms)
✔ parses noisy openclaw output and alternate sessions key names (0.523458ms)
✔ ignores non-usage JSON noise and parses later status payload (0.574583ms)
✔ parses generic usage payloads (0.941667ms)
✔ supports model_name in generic usage payloads (0.228458ms)
✔ prefers most recent candidate when scores tie (0.202208ms)
✔ prefers most recent candidate when timestamps are ISO strings (0.194583ms)
✔ parses latest candidate when timestamp fields are strings (0.156125ms)
✔ prefers richer generic usage candidate when status candidate is partial (0.167667ms)
✔ parses status wrapper payloads under status.current (0.201042ms)
✔ returns null for invalid payload (0.054334ms)
✔ parses status payloads with stringified numeric fields and stale token marker fallback (0.178791ms)
✔ converts epoch-seconds usage timestamps to milliseconds (0.132458ms)
✔ parses stats payloads with nested usage totals (1.097875ms)
✔ parses stats payloads nested under data wrapper (0.2055ms)
✔ parses nested stats current.session wrapper payloads (0.153667ms)
✔ parses status.stats.current.sessions as array (0.128916ms)
✔ parses session array payload with model in defaultModel field (0.110792ms)
✔ supports model_name alias in status sessions payload (0.095459ms)
✔ supports string snake-case total_tokens in sessions array payloads (0.092042ms)
✔ parses status payload with nested sessions object and totals in totals.nested field (0.110375ms)
✔ parses status.current.stats.stats-in-legacy-shape payload (0.154333ms)
✔ parses wrapped status payload with direct session array and nested usage totals (0.182916ms)
✔ parses payloads wrapped under data.result with current session aliases (1.039542ms)
✔ parses status payload where sessions is an object map keyed by session id (0.200791ms)
✔ selects active session from result.session payload shape (0.137125ms)
✔ ignores metadata defaults key in session maps and still selects most recent real session (0.124ms)
✔ parses data.current stats wrapper payloads (0.091917ms)
✔ parses payload wrapper stats payloads (0.173583ms)
✔ parses snake_case current_session payload aliases under status wrapper (0.184208ms)
✔ uses top-level default model when no sessions are available (0.080083ms)
✔ parses stderr payload even when command exits non-zero (0.098834ms)
✔ ignores ANSI escape noise and parses JSON session payload (0.153125ms)
✔ chooses strongest usage payload when earlier JSON is metadata-only (0.10725ms)
✔ strips complex ANSI cursor/control codes and parses JSON session payload (0.069916ms)
✔ strips control characters (backspace/ctrl) before parsing JSON (0.074084ms)
✔ strips OSC/title control sequences before parsing JSON (0.071625ms)
✔ strips DCS control sequences before parsing JSON (0.059875ms)
✔ strips mixed terminal noise sequences together (0.061709ms)
✔ parses stats payload with nested current object under status.stats (0.074583ms)
✔ parses usage timestamp aliases in snake_case ms fields (0.081625ms)
✔ parses usage timestamp aliases in usage_timestamp_ms fields (0.076542ms)
✔ enriches legacy sample with fleet schema envelope while preserving legacy fields (1.022416ms)
✔ fixture sample remains aligned with schema metadata (0.339125ms)
✔ extractJsonCandidates finds last JSON object in noisy multiline output (1.306917ms)
✔ extractJsonCandidates handles nested arrays and trailing text (0.092333ms)
✔ readTelemetryJsonRow prefers the last valid JSON candidate (0.073875ms)
✔ stripControlNoise removes ANSI control sequences that can break parser (0.061875ms)
✔ returns critical when ingestion is unavailable (1.227084ms)
✔ returns warning when activity is stale (0.059833ms)
✔ prioritizes stale-threshold warning over stale refresh-no-new-noise (0.048833ms)
✔ keeps stale-no-new-usage notice when explicitly forced despite not being past threshold (0.044458ms)
✔ returns warning when past stale threshold in grace window (0.043959ms)
✔ returns notice when near stale (0.038542ms)
✔ returns off when usage is disabled (0.042041ms)
✔ returns ok when usage is healthy (0.037625ms)
✔ downgrades stale to idle notice when usage age exceeds idle threshold (0.055875ms)
✔ does not emit idle notice when ingestion is unavailable (0.08275ms)
✔ deriveUsageFreshness marks stale only when age is strictly above threshold (0.891459ms)
✔ deriveUsageFreshness handles invalid or future timestamps safely (0.6205ms)
✔ deriveUsageFreshness disables stale classification for invalid thresholds (0.054583ms)
✔ deriveUsageFreshness applies grace window before stale classification (0.054917ms)
✔ validate dry-run schema passes with OpenClaw usage disabled (129.996042ms)
✔ validate dry-run schema accepts noisy multiline JSON rows (90.506167ms)
ℹ tests 100
ℹ suites 1
ℹ pass 100
ℹ fail 0
ℹ cancelled 0
ℹ skipped 0
ℹ todo 0
ℹ duration_ms 2161.284
exit_code=

===== npm run validate:openclaw-release-gates:all --silent =====
validate-openclaw-usage-health: ok (openclaw usage source required and healthy)
validate-openclaw-stats-ingestion: ok (stats-only command path parsed and ingested across multiple payload shapes)
validate-openclaw-cache-recovery-e2e: ok (fallback-cache sample recovered via forced reprobe)
validate-openclaw-release-gates: ok (host OpenClaw checks for usage-health, stats fallback, and stale-cache recovery)
dry-run schema ok (./dist/IdleWatch.app/Contents/MacOS/IdleWatch --dry-run)
validate-packaged-openclaw-stats-ingestion: ok (packaged app parses stats fallback across payload shapes)
validate-packaged-openclaw-cache-recovery-e2e: ok (packaged stale cache recovers through reprobe attempts)
validate-packaged-openclaw-release-gates: ok (release artifact validates OpenClaw health, stats fallback, and cache recovery)
exit_code=

===== npm run validate:packaged-openclaw-robustness:reuse-artifact --silent =====
dry-run schema ok (./dist/IdleWatch.app/Contents/MacOS/IdleWatch --dry-run)
validate-packaged-usage-alert-rate-e2e: ok (packaged launcher alert-level transitions remain aligned)
packaged-usage-probe-noise-e2e: ok (non-zero exit with valid JSON still ingested)
dry-run schema ok (./dist/IdleWatch.app/Contents/MacOS/IdleWatch --dry-run)
validate-packaged-openclaw-stats-ingestion: ok (packaged app parses stats fallback across payload shapes)
validate-packaged-openclaw-cache-recovery-e2e: ok (packaged stale cache recovers through reprobe attempts)
validate-packaged-openclaw-release-gates: ok (release artifact validates OpenClaw health, stats fallback, and cache recovery)
exit_code=

===== npm run validate:packaged-dry-run-schema:reuse-artifact --silent =====
dry-run schema ok (./dist/IdleWatch.app/Contents/MacOS/IdleWatch --dry-run)
exit_code=

===== npm run validate:packaged-bundled-runtime --silent =====
Packaging IdleWatch.app with bundled runtime: /opt/homebrew
MACOS_CODESIGN_IDENTITY not set; leaving app unsigned.
Mac app scaffold package complete.
Next steps:
  1) Test: ./dist/IdleWatch.app/Contents/MacOS/IdleWatch --dry-run
  2) Build DMG: ./scripts/build-dmg.sh
  3) Optional bundle runtime for node-less targets: export IDLEWATCH_NODE_RUNTIME_DIR="/path/to/node-runtime"
  4) Optional signing: export MACOS_CODESIGN_IDENTITY="Developer ID Application: ..." then rerun package-macos
  5) Optional notarize+staple DMG: set MACOS_NOTARY_PROFILE and rerun build-dmg
  6) Enforce trusted artifacts: export IDLEWATCH_REQUIRE_TRUSTED_DISTRIBUTION=1
Using a Node-free PATH to validate that launcher falls back to bundled runtime cleanly.
packaging metadata ok for IdleWatch.app 0.1.0
packaging metadata validation ok
Attempt 1/3: validating packaged launcher dry-run with IDLEWATCH_OPENCLAW_USAGE=auto timeout=90000ms
dry-run schema ok (/Users/luismantilla/.openclaw/workspace/idlewatch-skill/dist/IdleWatch.app/Contents/MacOS/IdleWatch --dry-run --once)
bundled runtime validation ok
validated launcher dry-run under restricted PATH in 90000ms baseline (+10000ms retry increments, up to 3 attempts)
exit_code=

===== npm run validate:packaged-metadata --silent =====
packaging metadata ok for IdleWatch.app 0.1.0
packaging metadata validation ok
exit_code=

===== npm run validate:packaged-openclaw-stats-ingestion:reuse-artifact --silent =====
validate-packaged-openclaw-stats-ingestion: ok (packaged app parses stats fallback across payload shapes)
exit_code=

===== npm run validate:packaged-openclaw-cache-recovery-e2e:reuse-artifact --silent =====
validate-packaged-openclaw-cache-recovery-e2e: ok (packaged stale cache recovers through reprobe attempts)
exit_code=

===== npm run validate:openclaw-stats-ingestion --silent =====
validate-openclaw-stats-ingestion: ok (stats-only command path parsed and ingested across multiple payload shapes)
exit_code=

===== npm run validate:openclaw-usage-health --silent =====
validate-openclaw-usage-health: ok (openclaw usage source required and healthy)
exit_code=

===== npm run validate:usage-freshness-e2e --silent =====
usage-freshness-e2e: ok (fresh -> aging -> post-threshold-in-grace -> stale)
exit_code=

===== npm run validate:usage-alert-rate-e2e --silent =====
usage-alert-rate-e2e: ok (typical cadence stays ok; boundary states escalate notice -> warning -> warning)
exit_code=

===== npm run validate:firebase-emulator-mode --silent =====
idlewatch-agent dry-run host=c6:59:39:7c:c3:02 intervalMs=10000 firebase=true localLog=/Users/luismantilla/.openclaw/workspace/idlewatch-skill/logs/c6_59_39_7c_c3_02-metrics.ndjson
{"host":"c6:59:39:7c:c3:02","ts":1772239793131,"cpuPct":8.7,"memPct":94.83,"memUsedPct":94.83,"memPressurePct":27,"memPressureClass":"normal","gpuPct":0,"gpuSource":"ioreg-agx","gpuConfidence":"high","gpuSampleWindowMs":null,"tokensPerMin":null,"openclawModel":null,"openclawTotalTokens":null,"openclawSessionId":null,"openclawAgentId":null,"openclawUsageTs":null,"openclawUsageAgeMs":null,"source":{"usage":"disabled","usageIntegrationStatus":"disabled","usageIngestionStatus":"disabled","usageActivityStatus":"disabled","usageProbeResult":"disabled","usageProbeAttempts":0,"usageProbeSweeps":0,"usageProbeTimeoutMs":2500,"usageProbeRetries":1,"usageProbeError":null,"usageProbeDurationMs":null,"usageUsedFallbackCache":false,"usageFallbackCacheAgeMs":null,"usageFallbackCacheSource":null,"usageFreshnessState":"disabled","usageNearStale":false,"usagePastStaleThreshold":false,"usageRefreshAttempted":false,"usageRefreshRecovered":false,"usageRefreshAttempts":0,"usageRefreshReprobes":1,"usageRefreshDelayMs":250,"usageRefreshDurationMs":null,"usageRefreshOnNearStale":true,"usageIdleAfterMsThreshold":21600000,"usageIdle":false,"usageCommand":null,"usageStaleMsThreshold":60000,"usageNearStaleMsThreshold":59500,"usageStaleGraceMs":10000,"memPressureSource":"memory_pressure","usageAlertLevel":"off","usageAlertReason":"usage-disabled"},"schemaFamily":"idlewatch.openclaw.fleet","schemaVersion":"1.0.0","schemaCompat":["0.x-flat-row"],"fleet":{"host":"c6:59:39:7c:c3:02","collectedAtMs":1772239793131,"resources":{"cpuPct":8.7,"memUsedPct":94.83,"memPressurePct":27,"memPressureClass":"normal"},"usage":{"model":null,"totalTokens":null,"tokensPerMin":null,"sessionId":null,"agentId":null,"usageTimestampMs":null,"usageAgeMs":null,"freshnessState":"disabled","integrationStatus":"disabled","ingestionStatus":"disabled","activityStatus":"disabled","alertLevel":"off","alertReason":"usage-disabled"},"provenance":{"collector":"idlewatch-agent","collectorVersion":"0.1.0","usageSource":"disabled","usageCommand":null,"usageProbeResult":"disabled","usageProbeAttempts":0,"usageUsedFallbackCache":false,"usageFallbackCacheSource":null}}}
exit_code=

===== npm run validate:packaged-openclaw-stats-ingestion:reuse-artifact --silent =====
validate-packaged-openclaw-stats-ingestion: ok (packaged app parses stats fallback across payload shapes)
exit_code=

===== npm run validate:dmg-install --silent =====
Attempt 1/3: validating DMG-installed launcher dry-run with IDLEWATCH_OPENCLAW_USAGE=auto timeout=90000ms
dry-run schema ok (/var/folders/hf/pkxphygd3qj854m7t2fvzvkw0000gn/T/idlewatch-apps.XXXXXX.7Ax0tujwDp/IdleWatch.app/Contents/MacOS/IdleWatch --dry-run --once)
dmg install validation ok (/Users/luismantilla/.openclaw/workspace/idlewatch-skill/dist/IdleWatch-0.1.0-unsigned.dmg)
exit_code=

===== npm run validate:dmg-checksum --silent =====
DMG checksum OK: /Users/luismantilla/.openclaw/workspace/idlewatch-skill/dist/IdleWatch-0.1.0-unsigned.dmg
exit_code=
