QA cycle log: logs/qa/mac-qa-cycle-20260227232118.log
Started: 2026-02-27 11:21:18 PM EST

>>> [test_unit] 2026-02-27 23:21:18 EST
npm run test:unit --silent
+ status=0
[tail] ℹ tests 101
[tail] ℹ suites 1
[tail] ℹ pass 101
[tail] ℹ fail 0
[tail] ℹ cancelled 0
[tail] ℹ skipped 0
[tail] ℹ todo 0
[tail] ℹ duration_ms 2005.224084

>>> [usage_freshness] 2026-02-27 23:21:21 EST
npm run validate:usage-freshness-e2e --silent
+ status=0
[tail] usage-freshness-e2e: ok (fresh -> aging -> post-threshold-in-grace -> stale)

>>> [usage_alert] 2026-02-27 23:21:22 EST
npm run validate:usage-alert-rate-e2e --silent
+ status=0
[tail] usage-alert-rate-e2e: ok (typical cadence stays ok; boundary states escalate notice -> warning -> warning)

>>> [openclaw_health] 2026-02-27 23:21:25 EST
IDLEWATCH_DRY_RUN_TIMEOUT_MS=90000 npm run validate:openclaw-usage-health --silent
+ status=0
[tail] validate-openclaw-usage-health: ok (openclaw usage source required and healthy)

>>> [openclaw_stats] 2026-02-27 23:21:25 EST
IDLEWATCH_DRY_RUN_TIMEOUT_MS=90000 npm run validate:openclaw-stats-ingestion --silent
+ status=0
[tail] validate-openclaw-stats-ingestion: ok (stats-only command path parsed and ingested across multiple payload shapes)

>>> [openclaw_release] 2026-02-27 23:21:26 EST
IDLEWATCH_DRY_RUN_TIMEOUT_MS=90000 npm run validate:openclaw-release-gates --silent
+ status=0
[tail] validate-openclaw-usage-health: ok (openclaw usage source required and healthy)
[tail] validate-openclaw-stats-ingestion: ok (stats-only command path parsed and ingested across multiple payload shapes)
[tail] validate-openclaw-cache-recovery-e2e: ok (fallback-cache sample recovered via forced reprobe)
[tail] validate-openclaw-release-gates: ok (host OpenClaw checks for usage-health, stats fallback, and stale-cache recovery)

>>> [packaged_metadata] 2026-02-27 23:21:28 EST
npm run validate:packaged-metadata --silent
+ status=0
[tail] packaging metadata ok for IdleWatch.app 0.1.0
[tail] source commit: 6f02adc211785a93b2232de7ba35f4f2d1a6bca4 (dirty)
[tail] packaging metadata validation ok

>>> [packaged_dryrun] 2026-02-27 23:21:28 EST
IDLEWATCH_SKIP_PACKAGE_MACOS=1 npm run validate:packaged-dry-run-schema:reuse-artifact --silent
+ status=0
[tail] dry-run schema ok (./dist/IdleWatch.app/Contents/MacOS/IdleWatch --dry-run)

>>> [packaged_openclaw_stats] 2026-02-27 23:21:30 EST
IDLEWATCH_SKIP_PACKAGE_MACOS=1 npm run validate:packaged-openclaw-stats-ingestion:reuse-artifact --silent
+ status=0
[tail] validate-packaged-openclaw-stats-ingestion: ok (packaged app parses stats fallback across payload shapes)

>>> [packaged_openclaw_release] 2026-02-27 23:21:31 EST
IDLEWATCH_SKIP_PACKAGE_MACOS=1 npm run validate:packaged-openclaw-release-gates:reuse-artifact --silent
+ status=0
[tail] dry-run schema ok (./dist/IdleWatch.app/Contents/MacOS/IdleWatch --dry-run)
[tail] validate-packaged-openclaw-stats-ingestion: ok (packaged app parses stats fallback across payload shapes)
[tail] validate-packaged-openclaw-cache-recovery-e2e: ok (packaged stale cache recovers through reprobe attempts)
[tail] validate-packaged-openclaw-release-gates: ok (release artifact validates OpenClaw health, stats fallback, and cache recovery)

>>> [packaged_robustness] 2026-02-27 23:21:34 EST
IDLEWATCH_SKIP_PACKAGE_MACOS=1 npm run validate:packaged-openclaw-robustness:reuse-artifact --silent
+ status=0
[tail] dry-run schema ok (./dist/IdleWatch.app/Contents/MacOS/IdleWatch --dry-run)
[tail] validate-packaged-usage-alert-rate-e2e: ok (packaged launcher alert-level transitions remain aligned)
[tail] packaged-usage-probe-noise-e2e: ok (non-zero exit with valid JSON still ingested)
[tail] dry-run schema ok (./dist/IdleWatch.app/Contents/MacOS/IdleWatch --dry-run)
[tail] validate-packaged-openclaw-stats-ingestion: ok (packaged app parses stats fallback across payload shapes)
[tail] validate-packaged-openclaw-cache-recovery-e2e: ok (packaged stale cache recovers through reprobe attempts)
[tail] validate-packaged-openclaw-release-gates: ok (release artifact validates OpenClaw health, stats fallback, and cache recovery)

>>> [packaged_bundled_runtime] 2026-02-27 23:22:09 EST
IDLEWATCH_DRY_RUN_TIMEOUT_MS=90000 IDLEWATCH_SKIP_PACKAGE_MACOS=1 npm run validate:packaged-bundled-runtime:reuse-artifact --silent
! status=1
[tail] Reused packaged artifact is not bundled-runtime aware. Rebuild first:
[tail]   npm run package:macos
[tail] (required for node-free PATH validation in bundled-runtime check)

>>> [dmg_install] 2026-02-27 23:22:09 EST
IDLEWATCH_DRY_RUN_TIMEOUT_MS=90000 npm run validate:dmg-install --silent
+ status=0
[tail] Attempt 1/3: validating DMG-installed launcher dry-run with IDLEWATCH_OPENCLAW_USAGE=auto timeout=90000ms
[tail] dry-run schema ok (/var/folders/hf/pkxphygd3qj854m7t2fvzvkw0000gn/T/idlewatch-apps.XXXXXX.fb4AVyp6j8/IdleWatch.app/Contents/MacOS/IdleWatch --dry-run --once)
[tail] dmg install validation ok (/Users/luismantilla/.openclaw/workspace/idlewatch-skill/dist/IdleWatch-0.1.0-unsigned.dmg)

>>> [dmg_checksum] 2026-02-27 23:23:14 EST
npm run validate:dmg-checksum --silent
+ status=0
[tail] DMG checksum OK: /Users/luismantilla/.openclaw/workspace/idlewatch-skill/dist/IdleWatch-0.1.0-unsigned.dmg

>>> [emulator_mode] 2026-02-27 23:23:18 EST
npm run validate:firebase-emulator-mode --silent
+ status=0
[tail] idlewatch-agent dry-run host=c6:59:39:7c:c3:02 intervalMs=10000 firebase=true localLog=/Users/luismantilla/.openclaw/workspace/idlewatch-skill/logs/c6_59_39_7c_c3_02-metrics.ndjson
[tail] {"host":"c6:59:39:7c:c3:02","ts":1772252598236,"cpuPct":9.09,"memPct":81.64,"memUsedPct":81.64,"memPressurePct":27,"memPressureClass":"normal","gpuPct":0,"gpuSource":"ioreg-agx","gpuConfidence":"high","gpuSampleWindowMs":null,"tokensPerMin":null,"openclawModel":null,"openclawTotalTokens":null,"openclawSessionId":null,"openclawAgentId":null,"openclawUsageTs":null,"openclawUsageAgeMs":null,"source":{"usage":"disabled","usageIntegrationStatus":"disabled","usageIngestionStatus":"disabled","usageActivityStatus":"disabled","usageProbeResult":"disabled","usageProbeAttempts":0,"usageProbeSweeps":0,"usageProbeTimeoutMs":2500,"usageProbeRetries":1,"usageProbeError":null,"usageProbeDurationMs":null,"usageUsedFallbackCache":false,"usageFallbackCacheAgeMs":null,"usageFallbackCacheSource":null,"usageFreshnessState":"disabled","usageNearStale":false,"usagePastStaleThreshold":false,"usageRefreshAttempted":false,"usageRefreshRecovered":false,"usageRefreshAttempts":0,"usageRefreshReprobes":1,"usageRefreshDelayMs":250,"usageRefreshDurationMs":null,"usageRefreshOnNearStale":true,"usageIdleAfterMsThreshold":21600000,"usageIdle":false,"usageCommand":null,"usageStaleMsThreshold":60000,"usageNearStaleMsThreshold":59500,"usageStaleGraceMs":10000,"memPressureSource":"memory_pressure","usageAlertLevel":"off","usageAlertReason":"usage-disabled"},"schemaFamily":"idlewatch.openclaw.fleet","schemaVersion":"1.0.0","schemaCompat":["0.x-flat-row"],"fleet":{"host":"c6:59:39:7c:c3:02","collectedAtMs":1772252598236,"resources":{"cpuPct":9.09,"memUsedPct":81.64,"memPressurePct":27,"memPressureClass":"normal"},"usage":{"model":null,"totalTokens":null,"tokensPerMin":null,"sessionId":null,"agentId":null,"usageTimestampMs":null,"usageAgeMs":null,"freshnessState":"disabled","integrationStatus":"disabled","ingestionStatus":"disabled","activityStatus":"disabled","alertLevel":"off","alertReason":"usage-disabled"},"provenance":{"collector":"idlewatch-agent","collectorVersion":"0.1.0","usageSource":"disabled","usageCommand":null,"usageProbeResult":"disabled","usageProbeAttempts":0,"usageUsedFallbackCache":false,"usageFallbackCacheSource":null}}}

>>> [firebase_write] 2026-02-27 23:23:18 EST
IDLEWATCH_REQUIRE_FIREBASE_WRITES=1 npm run validate:firebase-write-required-once --silent
! status=1
[tail] Firebase is not configured. Running in local-only mode (stdout logging only). Set FIREBASE_PROJECT_ID + FIREBASE_SERVICE_ACCOUNT_FILE (preferred, or FIREBASE_SERVICE_ACCOUNT_JSON / FIREBASE_SERVICE_ACCOUNT_B64), or use FIREBASE_PROJECT_ID + FIRESTORE_EMULATOR_HOST for emulator writes.
[tail] IDLEWATCH_REQUIRE_FIREBASE_WRITES=1 requires Firebase to be configured. Set FIREBASE_PROJECT_ID with service-account creds (or FIRESTORE_EMULATOR_HOST for emulator mode).

>>> [trusted_prereqs] 2026-02-27 23:23:18 EST
npm run validate:trusted-prereqs --silent
! status=1
[tail] Missing MACOS_CODESIGN_IDENTITY. Example: Developer ID Application: Your Name (TEAMID)
>>> [packaged_bundled_runtime_rebuilt] 2026-02-27 23:24:55 EST
IDLEWATCH_DRY_RUN_TIMEOUT_MS=90000 npm run validate:packaged-bundled-runtime --silent
Packaging IdleWatch.app with bundled runtime: /opt/homebrew
MACOS_CODESIGN_IDENTITY not set; leaving app unsigned.
Mac app scaffold package complete.
Next steps:
  1) Test: ./dist/IdleWatch.app/Contents/MacOS/IdleWatch --dry-run
  2) Build DMG: ./scripts/build-dmg.sh
  3) Optional bundle runtime for node-less targets: export IDLEWATCH_NODE_RUNTIME_DIR="/path/to/node-runtime"
  4) Optional signing: export MACOS_CODESIGN_IDENTITY="Developer ID Application: ..." then rerun package-macos
  5) Optional notarize+staple DMG: set MACOS_NOTARY_PROFILE and rerun build-dmg
  6) Enforce trusted artifacts: export IDLEWATCH_REQUIRE_TRUSTED_DISTRIBUTION=1
packaging metadata ok for IdleWatch.app 0.1.0
source commit: e86169cf55adb5e0088ff4bc63b975334cc4dc04
packaging metadata validation ok
bundled runtime validation ok
validated launcher dry-run under restricted PATH in 90000ms baseline (+10000ms retry increments, up to 3 attempts)
status=0
